[0.428s] DEBUG:colcon:Command line arguments: ['/usr/bin/colcon', 'build', '--symlink-install']
[0.429s] DEBUG:colcon:Parsed command line arguments: Namespace(log_base=None, log_level=None, verb_name='build', build_base='build', install_base='install', merge_install=False, symlink_install=True, test_result_base=None, continue_on_error=False, executor='parallel', parallel_workers=16, event_handlers=None, ignore_user_meta=False, metas=['./colcon.meta'], base_paths=['.'], packages_ignore=None, packages_ignore_regex=None, paths=None, packages_up_to=None, packages_up_to_regex=None, packages_above=None, packages_above_and_dependencies=None, packages_above_depth=None, packages_select_by_dep=None, packages_skip_by_dep=None, packages_skip_up_to=None, packages_select_build_failed=False, packages_skip_build_finished=False, packages_select_test_failures=False, packages_skip_test_passed=False, packages_select=None, packages_skip=None, packages_select_regex=None, packages_skip_regex=None, packages_start=None, packages_end=None, allow_overriding=[], cmake_args=None, cmake_target=None, cmake_target_skip_unavailable=False, cmake_clean_cache=False, cmake_clean_first=False, cmake_force_configure=False, ament_cmake_args=None, catkin_cmake_args=None, catkin_skip_building_tests=False, verb_parser=<colcon_defaults.argument_parser.defaults.DefaultArgumentsDecorator object at 0x7761514f3580>, verb_extension=<colcon_core.verb.build.BuildVerb object at 0x776151634a30>, main=<bound method BuildVerb.main of <colcon_core.verb.build.BuildVerb object at 0x776151634a30>>)
[0.649s] Level 1:colcon.colcon_core.package_discovery:discover_packages(colcon_meta) check parameters
[0.649s] Level 1:colcon.colcon_core.package_discovery:discover_packages(recursive) check parameters
[0.650s] Level 1:colcon.colcon_core.package_discovery:discover_packages(ignore) check parameters
[0.650s] Level 1:colcon.colcon_core.package_discovery:discover_packages(path) check parameters
[0.650s] Level 1:colcon.colcon_core.package_discovery:discover_packages(colcon_meta) discover
[0.650s] Level 1:colcon.colcon_core.package_discovery:discover_packages(recursive) discover
[0.650s] INFO:colcon.colcon_core.package_discovery:Crawling recursively for packages in '/home/km/two_scara_ros2'
[0.650s] Level 1:colcon.colcon_core.package_identification:_identify(.) by extensions ['ignore', 'ignore_ament_install']
[0.650s] Level 1:colcon.colcon_core.package_identification:_identify(.) by extension 'ignore'
[0.651s] Level 1:colcon.colcon_core.package_identification:_identify(.) by extension 'ignore_ament_install'
[0.651s] Level 1:colcon.colcon_core.package_identification:_identify(.) by extensions ['colcon_pkg']
[0.651s] Level 1:colcon.colcon_core.package_identification:_identify(.) by extension 'colcon_pkg'
[0.651s] Level 1:colcon.colcon_core.package_identification:_identify(.) by extensions ['colcon_meta']
[0.651s] Level 1:colcon.colcon_core.package_identification:_identify(.) by extension 'colcon_meta'
[0.651s] Level 1:colcon.colcon_core.package_identification:_identify(.) by extensions ['ros']
[0.651s] Level 1:colcon.colcon_core.package_identification:_identify(.) by extension 'ros'
[0.667s] Level 1:colcon.colcon_core.package_identification:_identify(.) by extensions ['cmake', 'python']
[0.667s] Level 1:colcon.colcon_core.package_identification:_identify(.) by extension 'cmake'
[0.667s] Level 1:colcon.colcon_core.package_identification:_identify(.) by extension 'python'
[0.668s] Level 1:colcon.colcon_core.package_identification:_identify(.) by extensions ['python_setup_py']
[0.668s] Level 1:colcon.colcon_core.package_identification:_identify(.) by extension 'python_setup_py'
[0.668s] Level 1:colcon.colcon_core.package_identification:_identify(build) by extensions ['ignore', 'ignore_ament_install']
[0.668s] Level 1:colcon.colcon_core.package_identification:_identify(build) by extension 'ignore'
[0.668s] Level 1:colcon.colcon_core.package_identification:_identify(build) ignored
[0.668s] Level 1:colcon.colcon_core.package_identification:_identify(install) by extensions ['ignore', 'ignore_ament_install']
[0.669s] Level 1:colcon.colcon_core.package_identification:_identify(install) by extension 'ignore'
[0.669s] Level 1:colcon.colcon_core.package_identification:_identify(install) ignored
[0.669s] Level 1:colcon.colcon_core.package_identification:_identify(log) by extensions ['ignore', 'ignore_ament_install']
[0.669s] Level 1:colcon.colcon_core.package_identification:_identify(log) by extension 'ignore'
[0.669s] Level 1:colcon.colcon_core.package_identification:_identify(log) ignored
[0.669s] Level 1:colcon.colcon_core.package_identification:_identify(src) by extensions ['ignore', 'ignore_ament_install']
[0.669s] Level 1:colcon.colcon_core.package_identification:_identify(src) by extension 'ignore'
[0.669s] Level 1:colcon.colcon_core.package_identification:_identify(src) by extension 'ignore_ament_install'
[0.669s] Level 1:colcon.colcon_core.package_identification:_identify(src) by extensions ['colcon_pkg']
[0.669s] Level 1:colcon.colcon_core.package_identification:_identify(src) by extension 'colcon_pkg'
[0.669s] Level 1:colcon.colcon_core.package_identification:_identify(src) by extensions ['colcon_meta']
[0.669s] Level 1:colcon.colcon_core.package_identification:_identify(src) by extension 'colcon_meta'
[0.669s] Level 1:colcon.colcon_core.package_identification:_identify(src) by extensions ['ros']
[0.669s] Level 1:colcon.colcon_core.package_identification:_identify(src) by extension 'ros'
[0.669s] Level 1:colcon.colcon_core.package_identification:_identify(src) by extensions ['cmake', 'python']
[0.669s] Level 1:colcon.colcon_core.package_identification:_identify(src) by extension 'cmake'
[0.669s] Level 1:colcon.colcon_core.package_identification:_identify(src) by extension 'python'
[0.669s] Level 1:colcon.colcon_core.package_identification:_identify(src) by extensions ['python_setup_py']
[0.670s] Level 1:colcon.colcon_core.package_identification:_identify(src) by extension 'python_setup_py'
[0.670s] Level 1:colcon.colcon_core.package_identification:_identify(src/two_scara_collaboration) by extensions ['ignore', 'ignore_ament_install']
[0.670s] Level 1:colcon.colcon_core.package_identification:_identify(src/two_scara_collaboration) by extension 'ignore'
[0.670s] Level 1:colcon.colcon_core.package_identification:_identify(src/two_scara_collaboration) by extension 'ignore_ament_install'
[0.670s] Level 1:colcon.colcon_core.package_identification:_identify(src/two_scara_collaboration) by extensions ['colcon_pkg']
[0.670s] Level 1:colcon.colcon_core.package_identification:_identify(src/two_scara_collaboration) by extension 'colcon_pkg'
[0.670s] Level 1:colcon.colcon_core.package_identification:_identify(src/two_scara_collaboration) by extensions ['colcon_meta']
[0.670s] Level 1:colcon.colcon_core.package_identification:_identify(src/two_scara_collaboration) by extension 'colcon_meta'
[0.670s] Level 1:colcon.colcon_core.package_identification:_identify(src/two_scara_collaboration) by extensions ['ros']
[0.670s] Level 1:colcon.colcon_core.package_identification:_identify(src/two_scara_collaboration) by extension 'ros'
[0.676s] DEBUG:colcon.colcon_core.package_identification:Package 'src/two_scara_collaboration' with type 'ros.ament_cmake' and name 'two_scara_collaboration'
[0.676s] Level 1:colcon.colcon_core.package_discovery:discover_packages(recursive) using defaults
[0.676s] Level 1:colcon.colcon_core.package_discovery:discover_packages(ignore) discover
[0.676s] Level 1:colcon.colcon_core.package_discovery:discover_packages(ignore) using defaults
[0.676s] Level 1:colcon.colcon_core.package_discovery:discover_packages(path) discover
[0.676s] Level 1:colcon.colcon_core.package_discovery:discover_packages(path) using defaults
[0.719s] Level 1:colcon.colcon_core.package_discovery:discover_packages(prefix_path) check parameters
[0.719s] Level 1:colcon.colcon_core.package_discovery:discover_packages(prefix_path) discover
[0.723s] DEBUG:colcon.colcon_installed_package_information.package_discovery:Found 431 installed packages in /opt/ros/humble
[0.726s] Level 1:colcon.colcon_core.package_discovery:discover_packages(prefix_path) using defaults
[0.793s] Level 5:colcon.colcon_core.verb:set package 'two_scara_collaboration' build argument 'cmake_args' from command line to 'None'
[0.793s] Level 5:colcon.colcon_core.verb:set package 'two_scara_collaboration' build argument 'cmake_target' from command line to 'None'
[0.793s] Level 5:colcon.colcon_core.verb:set package 'two_scara_collaboration' build argument 'cmake_target_skip_unavailable' from command line to 'False'
[0.793s] Level 5:colcon.colcon_core.verb:set package 'two_scara_collaboration' build argument 'cmake_clean_cache' from command line to 'False'
[0.793s] Level 5:colcon.colcon_core.verb:set package 'two_scara_collaboration' build argument 'cmake_clean_first' from command line to 'False'
[0.793s] Level 5:colcon.colcon_core.verb:set package 'two_scara_collaboration' build argument 'cmake_force_configure' from command line to 'False'
[0.793s] Level 5:colcon.colcon_core.verb:set package 'two_scara_collaboration' build argument 'ament_cmake_args' from command line to 'None'
[0.793s] Level 5:colcon.colcon_core.verb:set package 'two_scara_collaboration' build argument 'catkin_cmake_args' from command line to 'None'
[0.793s] Level 5:colcon.colcon_core.verb:set package 'two_scara_collaboration' build argument 'catkin_skip_building_tests' from command line to 'False'
[0.793s] DEBUG:colcon.colcon_core.verb:Building package 'two_scara_collaboration' with the following arguments: {'ament_cmake_args': None, 'build_base': '/home/km/two_scara_ros2/build/two_scara_collaboration', 'catkin_cmake_args': None, 'catkin_skip_building_tests': False, 'cmake_args': None, 'cmake_clean_cache': False, 'cmake_clean_first': False, 'cmake_force_configure': False, 'cmake_target': None, 'cmake_target_skip_unavailable': False, 'install_base': '/home/km/two_scara_ros2/install/two_scara_collaboration', 'merge_install': False, 'path': '/home/km/two_scara_ros2/src/two_scara_collaboration', 'symlink_install': True, 'test_result_base': None}
[0.793s] INFO:colcon.colcon_core.executor:Executing jobs using 'parallel' executor
[0.794s] DEBUG:colcon.colcon_parallel_executor.executor.parallel:run_until_complete
[0.795s] INFO:colcon.colcon_ros.task.ament_cmake.build:Building ROS package in '/home/km/two_scara_ros2/src/two_scara_collaboration' with build type 'ament_cmake'
[0.795s] INFO:colcon.colcon_cmake.task.cmake.build:Building CMake package in '/home/km/two_scara_ros2/src/two_scara_collaboration'
[0.798s] INFO:colcon.colcon_core.plugin_system:Skipping extension 'colcon_core.shell.bat': Not used on non-Windows systems
[0.799s] INFO:colcon.colcon_core.shell:Skip shell extension 'powershell' for command environment: Not usable outside of PowerShell
[0.799s] DEBUG:colcon.colcon_core.shell:Skip shell extension 'dsv' for command environment
[0.815s] DEBUG:colcon.colcon_core.event_handler.log_command:Invoking command in '/home/km/two_scara_ros2/build/two_scara_collaboration': CMAKE_PREFIX_PATH=/opt/ros/humble /usr/bin/cmake --build /home/km/two_scara_ros2/build/two_scara_collaboration -- -j16 -l16
[1.305s] DEBUG:colcon.colcon_core.event_handler.log_command:Invoked command in '/home/km/two_scara_ros2/build/two_scara_collaboration' returned '0': CMAKE_PREFIX_PATH=/opt/ros/humble /usr/bin/cmake --build /home/km/two_scara_ros2/build/two_scara_collaboration -- -j16 -l16
[1.320s] DEBUG:colcon.colcon_core.event_handler.log_command:Invoking command in '/home/km/two_scara_ros2/build/two_scara_collaboration': CMAKE_PREFIX_PATH=/opt/ros/humble /usr/bin/cmake --install /home/km/two_scara_ros2/build/two_scara_collaboration
[1.405s] Level 1:colcon.colcon_core.environment:create_environment_scripts_only(two_scara_collaboration)
[1.406s] DEBUG:colcon.colcon_core.event_handler.log_command:Invoked command in '/home/km/two_scara_ros2/build/two_scara_collaboration' returned '0': CMAKE_PREFIX_PATH=/opt/ros/humble /usr/bin/cmake --install /home/km/two_scara_ros2/build/two_scara_collaboration
[1.409s] Level 1:colcon.colcon_core.environment:checking '/home/km/two_scara_ros2/install/two_scara_collaboration' for CMake module files
[1.410s] Level 1:colcon.colcon_core.environment:checking '/home/km/two_scara_ros2/install/two_scara_collaboration' for CMake config files
[1.411s] Level 1:colcon.colcon_core.shell:create_environment_hook('two_scara_collaboration', 'cmake_prefix_path')
[1.411s] INFO:colcon.colcon_core.shell:Creating environment hook '/home/km/two_scara_ros2/install/two_scara_collaboration/share/two_scara_collaboration/hook/cmake_prefix_path.ps1'
[1.412s] INFO:colcon.colcon_core.shell:Creating environment descriptor '/home/km/two_scara_ros2/install/two_scara_collaboration/share/two_scara_collaboration/hook/cmake_prefix_path.dsv'
[1.413s] INFO:colcon.colcon_core.shell:Creating environment hook '/home/km/two_scara_ros2/install/two_scara_collaboration/share/two_scara_collaboration/hook/cmake_prefix_path.sh'
[1.414s] Level 1:colcon.colcon_core.environment:checking '/home/km/two_scara_ros2/install/two_scara_collaboration/lib'
[1.415s] Level 1:colcon.colcon_core.environment:checking '/home/km/two_scara_ros2/install/two_scara_collaboration/bin'
[1.415s] Level 1:colcon.colcon_core.environment:checking '/home/km/two_scara_ros2/install/two_scara_collaboration/lib/pkgconfig/two_scara_collaboration.pc'
[1.415s] Level 1:colcon.colcon_core.environment:checking '/home/km/two_scara_ros2/install/two_scara_collaboration/lib/python3.10/site-packages'
[1.416s] Level 1:colcon.colcon_core.environment:checking '/home/km/two_scara_ros2/install/two_scara_collaboration/bin'
[1.416s] INFO:colcon.colcon_core.shell:Creating package script '/home/km/two_scara_ros2/install/two_scara_collaboration/share/two_scara_collaboration/package.ps1'
[1.417s] INFO:colcon.colcon_core.shell:Creating package descriptor '/home/km/two_scara_ros2/install/two_scara_collaboration/share/two_scara_collaboration/package.dsv'
[1.418s] INFO:colcon.colcon_core.shell:Creating package script '/home/km/two_scara_ros2/install/two_scara_collaboration/share/two_scara_collaboration/package.sh'
[1.419s] INFO:colcon.colcon_core.shell:Creating package script '/home/km/two_scara_ros2/install/two_scara_collaboration/share/two_scara_collaboration/package.bash'
[1.419s] INFO:colcon.colcon_core.shell:Creating package script '/home/km/two_scara_ros2/install/two_scara_collaboration/share/two_scara_collaboration/package.zsh'
[1.420s] Level 1:colcon.colcon_core.environment:create_file_with_runtime_dependencies(/home/km/two_scara_ros2/install/two_scara_collaboration/share/colcon-core/packages/two_scara_collaboration)
[1.421s] Level 1:colcon.colcon_core.environment:create_environment_scripts_only(two_scara_collaboration)
[1.422s] Level 1:colcon.colcon_core.environment:checking '/home/km/two_scara_ros2/install/two_scara_collaboration' for CMake module files
[1.422s] Level 1:colcon.colcon_core.environment:checking '/home/km/two_scara_ros2/install/two_scara_collaboration' for CMake config files
[1.423s] Level 1:colcon.colcon_core.shell:create_environment_hook('two_scara_collaboration', 'cmake_prefix_path')
[1.424s] INFO:colcon.colcon_core.shell:Creating environment hook '/home/km/two_scara_ros2/install/two_scara_collaboration/share/two_scara_collaboration/hook/cmake_prefix_path.ps1'
[1.424s] INFO:colcon.colcon_core.shell:Creating environment descriptor '/home/km/two_scara_ros2/install/two_scara_collaboration/share/two_scara_collaboration/hook/cmake_prefix_path.dsv'
[1.425s] INFO:colcon.colcon_core.shell:Creating environment hook '/home/km/two_scara_ros2/install/two_scara_collaboration/share/two_scara_collaboration/hook/cmake_prefix_path.sh'
[1.426s] Level 1:colcon.colcon_core.environment:checking '/home/km/two_scara_ros2/install/two_scara_collaboration/lib'
[1.426s] Level 1:colcon.colcon_core.environment:checking '/home/km/two_scara_ros2/install/two_scara_collaboration/bin'
[1.426s] Level 1:colcon.colcon_core.environment:checking '/home/km/two_scara_ros2/install/two_scara_collaboration/lib/pkgconfig/two_scara_collaboration.pc'
[1.427s] Level 1:colcon.colcon_core.environment:checking '/home/km/two_scara_ros2/install/two_scara_collaboration/lib/python3.10/site-packages'
[1.427s] Level 1:colcon.colcon_core.environment:checking '/home/km/two_scara_ros2/install/two_scara_collaboration/bin'
[1.428s] INFO:colcon.colcon_core.shell:Creating package script '/home/km/two_scara_ros2/install/two_scara_collaboration/share/two_scara_collaboration/package.ps1'
[1.428s] INFO:colcon.colcon_core.shell:Creating package descriptor '/home/km/two_scara_ros2/install/two_scara_collaboration/share/two_scara_collaboration/package.dsv'
[1.429s] INFO:colcon.colcon_core.shell:Creating package script '/home/km/two_scara_ros2/install/two_scara_collaboration/share/two_scara_collaboration/package.sh'
[1.430s] INFO:colcon.colcon_core.shell:Creating package script '/home/km/two_scara_ros2/install/two_scara_collaboration/share/two_scara_collaboration/package.bash'
[1.431s] INFO:colcon.colcon_core.shell:Creating package script '/home/km/two_scara_ros2/install/two_scara_collaboration/share/two_scara_collaboration/package.zsh'
[1.431s] Level 1:colcon.colcon_core.environment:create_file_with_runtime_dependencies(/home/km/two_scara_ros2/install/two_scara_collaboration/share/colcon-core/packages/two_scara_collaboration)
[1.432s] DEBUG:colcon.colcon_parallel_executor.executor.parallel:closing loop
[1.432s] DEBUG:colcon.colcon_parallel_executor.executor.parallel:loop closed
[1.433s] DEBUG:colcon.colcon_parallel_executor.executor.parallel:run_until_complete finished with '0'
[1.433s] DEBUG:colcon.colcon_core.event_reactor:joining thread
[1.588s] INFO:colcon.colcon_core.plugin_system:Skipping extension 'colcon_notification.desktop_notification.notify_send': Could not find 'notify-send'
[1.588s] INFO:colcon.colcon_core.plugin_system:Skipping extension 'colcon_notification.desktop_notification.terminal_notifier': Not used on non-Darwin systems
[1.588s] INFO:colcon.colcon_core.plugin_system:Skipping extension 'colcon_notification.desktop_notification.win32': Not used on non-Windows systems
[1.588s] INFO:colcon.colcon_notification.desktop_notification:Sending desktop notification using 'notify2'
[1.589s] DEBUG:colcon.colcon_notification.desktop_notification.notify2:Failed to initialize notify2: org.freedesktop.DBus.Error.FileNotFound: Failed to connect to socket /run/user/1000/bus: No such file or directory
[1.589s] DEBUG:colcon.colcon_core.event_reactor:joined thread
[1.589s] INFO:colcon.colcon_core.shell:Creating prefix script '/home/km/two_scara_ros2/install/local_setup.ps1'
[1.591s] INFO:colcon.colcon_core.shell:Creating prefix util module '/home/km/two_scara_ros2/install/_local_setup_util_ps1.py'
[1.592s] INFO:colcon.colcon_core.shell:Creating prefix chain script '/home/km/two_scara_ros2/install/setup.ps1'
[1.593s] INFO:colcon.colcon_core.shell:Creating prefix script '/home/km/two_scara_ros2/install/local_setup.sh'
[1.594s] INFO:colcon.colcon_core.shell:Creating prefix util module '/home/km/two_scara_ros2/install/_local_setup_util_sh.py'
[1.595s] INFO:colcon.colcon_core.shell:Creating prefix chain script '/home/km/two_scara_ros2/install/setup.sh'
[1.596s] INFO:colcon.colcon_core.shell:Creating prefix script '/home/km/two_scara_ros2/install/local_setup.bash'
[1.597s] INFO:colcon.colcon_core.shell:Creating prefix chain script '/home/km/two_scara_ros2/install/setup.bash'
[1.598s] INFO:colcon.colcon_core.shell:Creating prefix script '/home/km/two_scara_ros2/install/local_setup.zsh'
[1.598s] INFO:colcon.colcon_core.shell:Creating prefix chain script '/home/km/two_scara_ros2/install/setup.zsh'
