[0.000000] (-) TimerEvent: {}
[0.001046] (two_scara_collaboration) JobQueued: {'identifier': 'two_scara_collaboration', 'dependencies': OrderedDict()}
[0.001158] (two_scara_collaboration) JobStarted: {'identifier': 'two_scara_collaboration'}
[0.011844] (two_scara_collaboration) JobProgress: {'identifier': 'two_scara_collaboration', 'progress': 'cmake'}
[0.013353] (two_scara_collaboration) Command: {'cmd': ['/usr/bin/cmake', '/home/km/two_scara_ros2/src/two_scara_collaboration', '-DCMAKE_INSTALL_PREFIX=/home/km/two_scara_ros2/install/two_scara_collaboration'], 'cwd': '/home/km/two_scara_ros2/build/two_scara_collaboration', 'env': OrderedDict([('USER', 'km'), ('SHLVL', '0'), ('HOME', '/home/km'), ('OLDPWD', '/home/km/two_scara_ros2'), ('DBUS_SESSION_BUS_ADDRESS', 'unix:path=/run/user/1000/bus'), ('WSL_DISTRO_NAME', 'Ubuntu-22.04'), ('WAYLAND_DISPLAY', 'wayland-0'), ('LOGNAME', 'km'), ('NAME', 'KRISHNA'), ('WSL_INTEROP', '/run/WSL/15219_interop'), ('PULSE_SERVER', 'unix:/mnt/wslg/PulseServer'), ('_', '/usr/bin/colcon'), ('TERM', 'xterm-256color'), ('PATH', '/usr/local/sbin:/usr/local/bin:/usr/sbin:/usr/bin:/sbin:/bin:/usr/games:/usr/local/games:/usr/lib/wsl/lib:/mnt/c/Program Files (x86)/Common Files/Oracle/Java/java8path:/mnt/c/Program Files (x86)/Common Files/Oracle/Java/javapath:/mnt/c/Program Files/Microsoft MPI/Bin/:/mnt/c/Program Files (x86)/Common Files/Intel/Shared Libraries/redist/intel64/compiler:/mnt/c/windows/system32:/mnt/c/windows:/mnt/c/windows/System32/Wbem:/mnt/c/windows/System32/WindowsPowerShell/v1.0/:/mnt/c/windows/System32/OpenSSH/:/mnt/c/Program Files (x86)/NVIDIA Corporation/PhysX/Common:/mnt/c/Users/Administrator/AppData/Local/Microsoft/WindowsApps:/mnt/c/Program Files/HP/OMEN-Broadcast/Common:/mnt/c/Program Files/MATLAB/R2024b/runtime/win64:/mnt/c/Program Files/MATLAB/R2024b/bin:/mnt/c/Program Files/dotnet/:/mnt/c/Program Files/NVIDIA Corporation/NVIDIA app/NvDLISR:/mnt/c/WINDOWS/system32:/mnt/c/WINDOWS:/mnt/c/WINDOWS/System32/Wbem:/mnt/c/WINDOWS/System32/WindowsPowerShell/v1.0/:/mnt/c/WINDOWS/System32/OpenSSH/:/mnt/c/MinGW/bin:/mnt/c/ProgramData/chocolatey/bin:/mnt/c/Program Files/nodejs:/mnt/c/Program Files/MySQL/MySQL Server 8.0/bin:/mnt/c/Program Files/PuTTY/:/mnt/c/Users/krish/AppData/Local/Muse Hub/lib:/mnt/c/Program Files/Git/cmd:/mnt/c/Program Files/nodejs/:/mnt/c/Program Files (x86)/Windows Kits/10/Windows Performance Toolkit/:/mnt/c/Program Files/Cloudflare/Cloudflare WARP/:/mnt/c/Users/krish/AppData/Local/Programs/Python/Python311/Scripts/:/mnt/c/Users/krish/AppData/Local/Programs/Python/Python311/:/mnt/c/Users/krish/AppData/Local/Blackbox/bin:/mnt/c/Users/krish/AppData/Local/Programs/Python/Python312/Scripts/:/mnt/c/Users/krish/AppData/Local/Programs/Python/Python312/:/mnt/c/Program Files/MySQL/MySQL Shell 8.0/bin/:/mnt/c/Users/krish/AppData/Local/Microsoft/WindowsApps:/mnt/c/Users/krish/AppData/Local/Muse Hub/lib:/mnt/c/Users/krish/AppData/Local/Programs/Microsoft VS Code/bin:/mnt/c/Program Files/JetBrains/IntelliJ IDEA 2024.3.2.2/bin:/mnt/c/Program Files/JetBrains/IntelliJ IDEA Community Edition 2024.3.2.2/bin:/mnt/c/Users/krish/flutter/bin:/mnt/c/Users/krish/AppData/Roaming/npm:/mnt/d/Antigravity/bin'), ('XDG_RUNTIME_DIR', '/run/user/1000/'), ('DISPLAY', ':0'), ('LANG', 'en_US.UTF-8'), ('SHELL', '/bin/bash'), ('PWD', '/home/km/two_scara_ros2/build/two_scara_collaboration'), ('COLCON', '1'), ('WSL2_GUI_APPS_ENABLED', '1'), ('HOSTTYPE', 'x86_64'), ('WSLENV', 'ELECTRON_RUN_AS_NODE/w:')]), 'shell': False}
[0.034737] (two_scara_collaboration) StdoutLine: {'line': b'-- Found ament_cmake: 1.3.12 (/opt/ros/humble/share/ament_cmake/cmake)\n'}
[0.098563] (-) TimerEvent: {}
[0.199378] (-) TimerEvent: {}
[0.300512] (-) TimerEvent: {}
[0.306281] (two_scara_collaboration) StderrLine: {'line': b'Traceback (most recent call last):\n'}
[0.306935] (two_scara_collaboration) StderrLine: {'line': b'  File "/opt/ros/humble/share/ament_cmake_core/cmake/package_templates/templates_2_cmake.py", line 21, in <module>\n'}
[0.307084] (two_scara_collaboration) StderrLine: {'line': b'    from ament_package.templates import get_environment_hook_template_path\n'}
[0.307208] (two_scara_collaboration) StderrLine: {'line': b"ModuleNotFoundError: No module named 'ament_package'\n"}
[0.324884] (two_scara_collaboration) StderrLine: {'line': b'\x1b[31mCMake Error at /opt/ros/humble/share/ament_cmake_core/cmake/ament_cmake_package_templates-extras.cmake:41 (message):\n'}
[0.325396] (two_scara_collaboration) StderrLine: {'line': b'  execute_process(/usr/bin/python3\n'}
[0.325671] (two_scara_collaboration) StderrLine: {'line': b'  /opt/ros/humble/share/ament_cmake_core/cmake/package_templates/templates_2_cmake.py\n'}
[0.325855] (two_scara_collaboration) StderrLine: {'line': b'  /home/km/two_scara_ros2/build/two_scara_collaboration/ament_cmake_package_templates/templates.cmake)\n'}
[0.326087] (two_scara_collaboration) StderrLine: {'line': b'  returned error code 1\n'}
[0.326200] (two_scara_collaboration) StderrLine: {'line': b'Call Stack (most recent call first):\n'}
[0.326335] (two_scara_collaboration) StderrLine: {'line': b'  /opt/ros/humble/share/ament_cmake_core/cmake/ament_cmake_coreConfig.cmake:41 (include)\n'}
[0.326484] (two_scara_collaboration) StderrLine: {'line': b'  /opt/ros/humble/share/ament_cmake/cmake/ament_cmake_export_dependencies-extras.cmake:15 (find_package)\n'}
[0.326650] (two_scara_collaboration) StderrLine: {'line': b'  /opt/ros/humble/share/ament_cmake/cmake/ament_cmakeConfig.cmake:41 (include)\n'}
[0.326813] (two_scara_collaboration) StderrLine: {'line': b'  CMakeLists.txt:9 (find_package)\n'}
[0.326970] (two_scara_collaboration) StderrLine: {'line': b'\n'}
[0.327128] (two_scara_collaboration) StderrLine: {'line': b'\x1b[0m\n'}
[0.327332] (two_scara_collaboration) StdoutLine: {'line': b'-- Configuring incomplete, errors occurred!\n'}
[0.327529] (two_scara_collaboration) StdoutLine: {'line': b'See also "/home/km/two_scara_ros2/build/two_scara_collaboration/CMakeFiles/CMakeOutput.log".\n'}
[0.329692] (two_scara_collaboration) CommandEnded: {'returncode': 1}
[0.351360] (two_scara_collaboration) JobEnded: {'identifier': 'two_scara_collaboration', 'rc': 1}
[0.363291] (-) EventReactorShutdown: {}
