[0.000000] (-) TimerEvent: {}
[0.000867] (two_scara_collaboration) JobQueued: {'identifier': 'two_scara_collaboration', 'dependencies': OrderedDict()}
[0.000951] (two_scara_collaboration) JobStarted: {'identifier': 'two_scara_collaboration'}
[0.010111] (two_scara_collaboration) JobProgress: {'identifier': 'two_scara_collaboration', 'progress': 'cmake'}
[0.011228] (two_scara_collaboration) Command: {'cmd': ['/usr/bin/cmake', '/home/km/two_scara_ros2/src/two_scara_collaboration', '-DAMENT_CMAKE_SYMLINK_INSTALL=1', '-DCMAKE_INSTALL_PREFIX=/home/km/two_scara_ros2/install/two_scara_collaboration'], 'cwd': '/home/km/two_scara_ros2/build/two_scara_collaboration', 'env': OrderedDict([('USER', 'km'), ('SHLVL', '1'), ('LD_LIBRARY_PATH', '/usr/lib/x86_64-linux-gnu/gazebo-11/plugins:/opt/ros/humble/opt/rviz_ogre_vendor/lib:/opt/ros/humble/lib/x86_64-linux-gnu:/opt/ros/humble/lib'), ('HOME', '/home/km'), ('OLDPWD', '/home/km/two_scara_ros2'), ('ROS_PYTHON_VERSION', '3'), ('DBUS_SESSION_BUS_ADDRESS', 'unix:path=/run/user/1000/bus'), ('WSL_DISTRO_NAME', 'Ubuntu-22.04'), ('WAYLAND_DISPLAY', 'wayland-0'), ('COLCON_PREFIX_PATH', '/home/km/two_scara_ros2/install'), ('ROS_DISTRO', 'humble'), ('LOGNAME', 'km'), ('NAME', 'KRISHNA'), ('WSL_INTEROP', '/run/WSL/4422_interop'), ('PULSE_SERVER', 'unix:/mnt/wslg/PulseServer'), ('_', '/usr/bin/colcon'), ('ROS_VERSION', '2'), ('TERM', 'xterm-256color'), ('ROS_LOCALHOST_ONLY', '0'), ('PATH', '/opt/ros/humble/bin:/usr/local/sbin:/usr/local/bin:/usr/sbin:/usr/bin:/sbin:/bin:/usr/games:/usr/local/games:/usr/lib/wsl/lib:/mnt/c/Program Files (x86)/Common Files/Oracle/Java/java8path:/mnt/c/Program Files (x86)/Common Files/Oracle/Java/javapath:/mnt/c/Program Files/Microsoft MPI/Bin/:/mnt/c/Program Files (x86)/Common Files/Intel/Shared Libraries/redist/intel64/compiler:/mnt/c/windows/system32:/mnt/c/windows:/mnt/c/windows/System32/Wbem:/mnt/c/windows/System32/WindowsPowerShell/v1.0/:/mnt/c/windows/System32/OpenSSH/:/mnt/c/Program Files (x86)/NVIDIA Corporation/PhysX/Common:/mnt/c/Users/Administrator/AppData/Local/Microsoft/WindowsApps:/mnt/c/Program Files/HP/OMEN-Broadcast/Common:/mnt/c/Program Files/MATLAB/R2024b/runtime/win64:/mnt/c/Program Files/MATLAB/R2024b/bin:/mnt/c/Program Files/dotnet/:/mnt/c/Program Files/NVIDIA Corporation/NVIDIA app/NvDLISR:/mnt/c/WINDOWS/system32:/mnt/c/WINDOWS:/mnt/c/WINDOWS/System32/Wbem:/mnt/c/WINDOWS/System32/WindowsPowerShell/v1.0/:/mnt/c/WINDOWS/System32/OpenSSH/:/mnt/c/MinGW/bin:/mnt/c/ProgramData/chocolatey/bin:/mnt/c/Program Files/nodejs:/mnt/c/Program Files/MySQL/MySQL Server 8.0/bin:/mnt/c/Program Files/PuTTY/:/mnt/c/Users/krish/AppData/Local/Muse Hub/lib:/mnt/c/Program Files/Git/cmd:/mnt/c/Program Files/nodejs/:/mnt/c/Program Files (x86)/Windows Kits/10/Windows Performance Toolkit/:/mnt/c/Program Files/Cloudflare/Cloudflare WARP/:/mnt/c/Users/krish/AppData/Local/Programs/Python/Python311/Scripts/:/mnt/c/Users/krish/AppData/Local/Programs/Python/Python311/:/mnt/c/Users/krish/AppData/Local/Blackbox/bin:/mnt/c/Users/krish/AppData/Local/Programs/Python/Python312/Scripts/:/mnt/c/Users/krish/AppData/Local/Programs/Python/Python312/:/mnt/c/Program Files/MySQL/MySQL Shell 8.0/bin/:/mnt/c/Users/krish/AppData/Local/Microsoft/WindowsApps:/mnt/c/Users/krish/AppData/Local/Muse Hub/lib:/mnt/c/Users/krish/AppData/Local/Programs/Microsoft VS Code/bin:/mnt/c/Program Files/JetBrains/IntelliJ IDEA 2024.3.2.2/bin:/mnt/c/Program Files/JetBrains/IntelliJ IDEA Community Edition 2024.3.2.2/bin:/mnt/c/Users/krish/flutter/bin:/mnt/c/Users/krish/AppData/Roaming/npm:/mnt/d/Antigravity/bin:/snap/bin'), ('XDG_RUNTIME_DIR', '/run/user/1000/'), ('DISPLAY', ':0'), ('LANG', 'en_US.UTF-8'), ('AMENT_PREFIX_PATH', '/home/km/two_scara_ros2/install/two_scara_collaboration:/opt/ros/humble'), ('SHELL', '/bin/bash'), ('PWD', '/home/km/two_scara_ros2/build/two_scara_collaboration'), ('XDG_DATA_DIRS', '/usr/local/share:/usr/share:/var/lib/snapd/desktop'), ('PYTHONPATH', '/home/km/two_scara_ros2/install/two_scara_collaboration/local/lib/python3.10/dist-packages:/opt/ros/humble/lib/python3.10/site-packages:/opt/ros/humble/local/lib/python3.10/dist-packages'), ('COLCON', '1'), ('WSL2_GUI_APPS_ENABLED', '1'), ('HOSTTYPE', 'x86_64'), ('CMAKE_PREFIX_PATH', '/home/km/two_scara_ros2/install/two_scara_collaboration:/opt/ros/humble'), ('WSLENV', '')]), 'shell': False}
[0.030414] (two_scara_collaboration) StdoutLine: {'line': b'-- Found ament_cmake: 1.3.12 (/opt/ros/humble/share/ament_cmake/cmake)\n'}
[0.104316] (-) TimerEvent: {}
[0.195177] (two_scara_collaboration) StdoutLine: {'line': b'-- Override CMake install command with custom implementation using symlinks instead of copying resources\n'}
[0.205205] (-) TimerEvent: {}
[0.225568] (two_scara_collaboration) StdoutLine: {'line': b'-- Found rclpy: 3.3.19 (/opt/ros/humble/share/rclpy/cmake)\n'}
[0.226348] (two_scara_collaboration) StdoutLine: {'line': b'-- Found geometry_msgs: 4.9.0 (/opt/ros/humble/share/geometry_msgs/cmake)\n'}
[0.311991] (-) TimerEvent: {}
[0.420796] (-) TimerEvent: {}
[0.529609] (-) TimerEvent: {}
[0.638455] (-) TimerEvent: {}
[0.747194] (-) TimerEvent: {}
[0.852764] (two_scara_collaboration) StdoutLine: {'line': b'-- Found rosidl_generator_c: 3.1.7 (/opt/ros/humble/share/rosidl_generator_c/cmake)\n'}
[0.853001] (-) TimerEvent: {}
[0.858702] (two_scara_collaboration) StdoutLine: {'line': b'-- Found rosidl_adapter: 3.1.7 (/opt/ros/humble/share/rosidl_adapter/cmake)\n'}
[0.873089] (two_scara_collaboration) StdoutLine: {'line': b'-- Found rosidl_generator_cpp: 3.1.7 (/opt/ros/humble/share/rosidl_generator_cpp/cmake)\n'}
[0.894237] (two_scara_collaboration) StdoutLine: {'line': b'-- Using all available rosidl_typesupport_c: rosidl_typesupport_fastrtps_c;rosidl_typesupport_introspection_c\n'}
[0.918423] (two_scara_collaboration) StdoutLine: {'line': b'-- Using all available rosidl_typesupport_cpp: rosidl_typesupport_fastrtps_cpp;rosidl_typesupport_introspection_cpp\n'}
[0.956040] (-) TimerEvent: {}
[0.987733] (two_scara_collaboration) StdoutLine: {'line': b'-- Found sensor_msgs: 4.9.0 (/opt/ros/humble/share/sensor_msgs/cmake)\n'}
[1.017917] (two_scara_collaboration) StdoutLine: {'line': b'-- Found control_msgs: 4.8.0 (/opt/ros/humble/share/control_msgs/cmake)\n'}
[1.059390] (-) TimerEvent: {}
[1.166933] (-) TimerEvent: {}
[1.275685] (-) TimerEvent: {}
[1.309672] (two_scara_collaboration) StdoutLine: {'line': b'-- Configuring done\n'}
[1.318746] (two_scara_collaboration) StdoutLine: {'line': b'-- Generating done\n'}
[1.322365] (two_scara_collaboration) StdoutLine: {'line': b'-- Build files have been written to: /home/km/two_scara_ros2/build/two_scara_collaboration\n'}
[1.329662] (two_scara_collaboration) CommandEnded: {'returncode': 0}
[1.330637] (two_scara_collaboration) JobProgress: {'identifier': 'two_scara_collaboration', 'progress': 'build'}
[1.332964] (two_scara_collaboration) Command: {'cmd': ['/usr/bin/cmake', '--build', '/home/km/two_scara_ros2/build/two_scara_collaboration', '--', '-j16', '-l16'], 'cwd': '/home/km/two_scara_ros2/build/two_scara_collaboration', 'env': OrderedDict([('USER', 'km'), ('SHLVL', '1'), ('LD_LIBRARY_PATH', '/usr/lib/x86_64-linux-gnu/gazebo-11/plugins:/opt/ros/humble/opt/rviz_ogre_vendor/lib:/opt/ros/humble/lib/x86_64-linux-gnu:/opt/ros/humble/lib'), ('HOME', '/home/km'), ('OLDPWD', '/home/km/two_scara_ros2'), ('ROS_PYTHON_VERSION', '3'), ('DBUS_SESSION_BUS_ADDRESS', 'unix:path=/run/user/1000/bus'), ('WSL_DISTRO_NAME', 'Ubuntu-22.04'), ('WAYLAND_DISPLAY', 'wayland-0'), ('COLCON_PREFIX_PATH', '/home/km/two_scara_ros2/install'), ('ROS_DISTRO', 'humble'), ('LOGNAME', 'km'), ('NAME', 'KRISHNA'), ('WSL_INTEROP', '/run/WSL/4422_interop'), ('PULSE_SERVER', 'unix:/mnt/wslg/PulseServer'), ('_', '/usr/bin/colcon'), ('ROS_VERSION', '2'), ('TERM', 'xterm-256color'), ('ROS_LOCALHOST_ONLY', '0'), ('PATH', '/opt/ros/humble/bin:/usr/local/sbin:/usr/local/bin:/usr/sbin:/usr/bin:/sbin:/bin:/usr/games:/usr/local/games:/usr/lib/wsl/lib:/mnt/c/Program Files (x86)/Common Files/Oracle/Java/java8path:/mnt/c/Program Files (x86)/Common Files/Oracle/Java/javapath:/mnt/c/Program Files/Microsoft MPI/Bin/:/mnt/c/Program Files (x86)/Common Files/Intel/Shared Libraries/redist/intel64/compiler:/mnt/c/windows/system32:/mnt/c/windows:/mnt/c/windows/System32/Wbem:/mnt/c/windows/System32/WindowsPowerShell/v1.0/:/mnt/c/windows/System32/OpenSSH/:/mnt/c/Program Files (x86)/NVIDIA Corporation/PhysX/Common:/mnt/c/Users/Administrator/AppData/Local/Microsoft/WindowsApps:/mnt/c/Program Files/HP/OMEN-Broadcast/Common:/mnt/c/Program Files/MATLAB/R2024b/runtime/win64:/mnt/c/Program Files/MATLAB/R2024b/bin:/mnt/c/Program Files/dotnet/:/mnt/c/Program Files/NVIDIA Corporation/NVIDIA app/NvDLISR:/mnt/c/WINDOWS/system32:/mnt/c/WINDOWS:/mnt/c/WINDOWS/System32/Wbem:/mnt/c/WINDOWS/System32/WindowsPowerShell/v1.0/:/mnt/c/WINDOWS/System32/OpenSSH/:/mnt/c/MinGW/bin:/mnt/c/ProgramData/chocolatey/bin:/mnt/c/Program Files/nodejs:/mnt/c/Program Files/MySQL/MySQL Server 8.0/bin:/mnt/c/Program Files/PuTTY/:/mnt/c/Users/krish/AppData/Local/Muse Hub/lib:/mnt/c/Program Files/Git/cmd:/mnt/c/Program Files/nodejs/:/mnt/c/Program Files (x86)/Windows Kits/10/Windows Performance Toolkit/:/mnt/c/Program Files/Cloudflare/Cloudflare WARP/:/mnt/c/Users/krish/AppData/Local/Programs/Python/Python311/Scripts/:/mnt/c/Users/krish/AppData/Local/Programs/Python/Python311/:/mnt/c/Users/krish/AppData/Local/Blackbox/bin:/mnt/c/Users/krish/AppData/Local/Programs/Python/Python312/Scripts/:/mnt/c/Users/krish/AppData/Local/Programs/Python/Python312/:/mnt/c/Program Files/MySQL/MySQL Shell 8.0/bin/:/mnt/c/Users/krish/AppData/Local/Microsoft/WindowsApps:/mnt/c/Users/krish/AppData/Local/Muse Hub/lib:/mnt/c/Users/krish/AppData/Local/Programs/Microsoft VS Code/bin:/mnt/c/Program Files/JetBrains/IntelliJ IDEA 2024.3.2.2/bin:/mnt/c/Program Files/JetBrains/IntelliJ IDEA Community Edition 2024.3.2.2/bin:/mnt/c/Users/krish/flutter/bin:/mnt/c/Users/krish/AppData/Roaming/npm:/mnt/d/Antigravity/bin:/snap/bin'), ('XDG_RUNTIME_DIR', '/run/user/1000/'), ('DISPLAY', ':0'), ('LANG', 'en_US.UTF-8'), ('AMENT_PREFIX_PATH', '/home/km/two_scara_ros2/install/two_scara_collaboration:/opt/ros/humble'), ('SHELL', '/bin/bash'), ('PWD', '/home/km/two_scara_ros2/build/two_scara_collaboration'), ('XDG_DATA_DIRS', '/usr/local/share:/usr/share:/var/lib/snapd/desktop'), ('PYTHONPATH', '/home/km/two_scara_ros2/install/two_scara_collaboration/local/lib/python3.10/dist-packages:/opt/ros/humble/lib/python3.10/site-packages:/opt/ros/humble/local/lib/python3.10/dist-packages'), ('COLCON', '1'), ('WSL2_GUI_APPS_ENABLED', '1'), ('HOSTTYPE', 'x86_64'), ('CMAKE_PREFIX_PATH', '/home/km/two_scara_ros2/install/two_scara_collaboration:/opt/ros/humble'), ('WSLENV', '')]), 'shell': False}
[1.379382] (-) TimerEvent: {}
[1.397686] (two_scara_collaboration) StdoutLine: {'line': b'Built target ament_cmake_python_symlink_two_scara_collaboration\n'}
[1.398294] (two_scara_collaboration) StdoutLine: {'line': b'Built target ament_cmake_python_symlink_two_scara_collaboration_setup\n'}
[1.486302] (-) TimerEvent: {}
[1.595033] (-) TimerEvent: {}
[1.700943] (two_scara_collaboration) StdoutLine: {'line': b'running egg_info\n'}
[1.701153] (-) TimerEvent: {}
[1.701745] (two_scara_collaboration) StdoutLine: {'line': b'writing two_scara_collaboration.egg-info/PKG-INFO\n'}
[1.702492] (two_scara_collaboration) StdoutLine: {'line': b'writing dependency_links to two_scara_collaboration.egg-info/dependency_links.txt\n'}
[1.702908] (two_scara_collaboration) StdoutLine: {'line': b'writing top-level names to two_scara_collaboration.egg-info/top_level.txt\n'}
[1.705935] (two_scara_collaboration) StdoutLine: {'line': b"reading manifest file 'two_scara_collaboration.egg-info/SOURCES.txt'\n"}
[1.706790] (two_scara_collaboration) StdoutLine: {'line': b"writing manifest file 'two_scara_collaboration.egg-info/SOURCES.txt'\n"}
[1.737934] (two_scara_collaboration) StdoutLine: {'line': b'Built target ament_cmake_python_build_two_scara_collaboration_egg\n'}
[1.750736] (two_scara_collaboration) CommandEnded: {'returncode': 0}
[1.752155] (two_scara_collaboration) JobProgress: {'identifier': 'two_scara_collaboration', 'progress': 'install'}
[1.761805] (two_scara_collaboration) Command: {'cmd': ['/usr/bin/cmake', '--install', '/home/km/two_scara_ros2/build/two_scara_collaboration'], 'cwd': '/home/km/two_scara_ros2/build/two_scara_collaboration', 'env': OrderedDict([('USER', 'km'), ('SHLVL', '1'), ('LD_LIBRARY_PATH', '/usr/lib/x86_64-linux-gnu/gazebo-11/plugins:/opt/ros/humble/opt/rviz_ogre_vendor/lib:/opt/ros/humble/lib/x86_64-linux-gnu:/opt/ros/humble/lib'), ('HOME', '/home/km'), ('OLDPWD', '/home/km/two_scara_ros2'), ('ROS_PYTHON_VERSION', '3'), ('DBUS_SESSION_BUS_ADDRESS', 'unix:path=/run/user/1000/bus'), ('WSL_DISTRO_NAME', 'Ubuntu-22.04'), ('WAYLAND_DISPLAY', 'wayland-0'), ('COLCON_PREFIX_PATH', '/home/km/two_scara_ros2/install'), ('ROS_DISTRO', 'humble'), ('LOGNAME', 'km'), ('NAME', 'KRISHNA'), ('WSL_INTEROP', '/run/WSL/4422_interop'), ('PULSE_SERVER', 'unix:/mnt/wslg/PulseServer'), ('_', '/usr/bin/colcon'), ('ROS_VERSION', '2'), ('TERM', 'xterm-256color'), ('ROS_LOCALHOST_ONLY', '0'), ('PATH', '/opt/ros/humble/bin:/usr/local/sbin:/usr/local/bin:/usr/sbin:/usr/bin:/sbin:/bin:/usr/games:/usr/local/games:/usr/lib/wsl/lib:/mnt/c/Program Files (x86)/Common Files/Oracle/Java/java8path:/mnt/c/Program Files (x86)/Common Files/Oracle/Java/javapath:/mnt/c/Program Files/Microsoft MPI/Bin/:/mnt/c/Program Files (x86)/Common Files/Intel/Shared Libraries/redist/intel64/compiler:/mnt/c/windows/system32:/mnt/c/windows:/mnt/c/windows/System32/Wbem:/mnt/c/windows/System32/WindowsPowerShell/v1.0/:/mnt/c/windows/System32/OpenSSH/:/mnt/c/Program Files (x86)/NVIDIA Corporation/PhysX/Common:/mnt/c/Users/Administrator/AppData/Local/Microsoft/WindowsApps:/mnt/c/Program Files/HP/OMEN-Broadcast/Common:/mnt/c/Program Files/MATLAB/R2024b/runtime/win64:/mnt/c/Program Files/MATLAB/R2024b/bin:/mnt/c/Program Files/dotnet/:/mnt/c/Program Files/NVIDIA Corporation/NVIDIA app/NvDLISR:/mnt/c/WINDOWS/system32:/mnt/c/WINDOWS:/mnt/c/WINDOWS/System32/Wbem:/mnt/c/WINDOWS/System32/WindowsPowerShell/v1.0/:/mnt/c/WINDOWS/System32/OpenSSH/:/mnt/c/MinGW/bin:/mnt/c/ProgramData/chocolatey/bin:/mnt/c/Program Files/nodejs:/mnt/c/Program Files/MySQL/MySQL Server 8.0/bin:/mnt/c/Program Files/PuTTY/:/mnt/c/Users/krish/AppData/Local/Muse Hub/lib:/mnt/c/Program Files/Git/cmd:/mnt/c/Program Files/nodejs/:/mnt/c/Program Files (x86)/Windows Kits/10/Windows Performance Toolkit/:/mnt/c/Program Files/Cloudflare/Cloudflare WARP/:/mnt/c/Users/krish/AppData/Local/Programs/Python/Python311/Scripts/:/mnt/c/Users/krish/AppData/Local/Programs/Python/Python311/:/mnt/c/Users/krish/AppData/Local/Blackbox/bin:/mnt/c/Users/krish/AppData/Local/Programs/Python/Python312/Scripts/:/mnt/c/Users/krish/AppData/Local/Programs/Python/Python312/:/mnt/c/Program Files/MySQL/MySQL Shell 8.0/bin/:/mnt/c/Users/krish/AppData/Local/Microsoft/WindowsApps:/mnt/c/Users/krish/AppData/Local/Muse Hub/lib:/mnt/c/Users/krish/AppData/Local/Programs/Microsoft VS Code/bin:/mnt/c/Program Files/JetBrains/IntelliJ IDEA 2024.3.2.2/bin:/mnt/c/Program Files/JetBrains/IntelliJ IDEA Community Edition 2024.3.2.2/bin:/mnt/c/Users/krish/flutter/bin:/mnt/c/Users/krish/AppData/Roaming/npm:/mnt/d/Antigravity/bin:/snap/bin'), ('XDG_RUNTIME_DIR', '/run/user/1000/'), ('DISPLAY', ':0'), ('LANG', 'en_US.UTF-8'), ('AMENT_PREFIX_PATH', '/home/km/two_scara_ros2/install/two_scara_collaboration:/opt/ros/humble'), ('SHELL', '/bin/bash'), ('PWD', '/home/km/two_scara_ros2/build/two_scara_collaboration'), ('XDG_DATA_DIRS', '/usr/local/share:/usr/share:/var/lib/snapd/desktop'), ('PYTHONPATH', '/home/km/two_scara_ros2/install/two_scara_collaboration/local/lib/python3.10/dist-packages:/opt/ros/humble/lib/python3.10/site-packages:/opt/ros/humble/local/lib/python3.10/dist-packages'), ('COLCON', '1'), ('WSL2_GUI_APPS_ENABLED', '1'), ('HOSTTYPE', 'x86_64'), ('CMAKE_PREFIX_PATH', '/home/km/two_scara_ros2/install/two_scara_collaboration:/opt/ros/humble'), ('WSLENV', '')]), 'shell': False}
[1.770415] (two_scara_collaboration) StdoutLine: {'line': b'-- Install configuration: ""\n'}
[1.771145] (two_scara_collaboration) StdoutLine: {'line': b'-- Execute custom install script\n'}
[1.771384] (two_scara_collaboration) StdoutLine: {'line': b'-- Up-to-date symlink: /home/km/two_scara_ros2/install/two_scara_collaboration/share/two_scara_collaboration/environment/pythonpath.sh\n'}
[1.771617] (two_scara_collaboration) StdoutLine: {'line': b'-- Up-to-date symlink: /home/km/two_scara_ros2/install/two_scara_collaboration/share/two_scara_collaboration/environment/pythonpath.dsv\n'}
[1.772073] (two_scara_collaboration) StdoutLine: {'line': b'-- Up-to-date symlink: /home/km/two_scara_ros2/install/two_scara_collaboration/local/lib/python3.10/dist-packages/two_scara_collaboration-0.0.1-py3.10.egg-info/PKG-INFO\n'}
[1.772297] (two_scara_collaboration) StdoutLine: {'line': b'-- Up-to-date symlink: /home/km/two_scara_ros2/install/two_scara_collaboration/local/lib/python3.10/dist-packages/two_scara_collaboration-0.0.1-py3.10.egg-info/SOURCES.txt\n'}
[1.772487] (two_scara_collaboration) StdoutLine: {'line': b'-- Up-to-date symlink: /home/km/two_scara_ros2/install/two_scara_collaboration/local/lib/python3.10/dist-packages/two_scara_collaboration-0.0.1-py3.10.egg-info/dependency_links.txt\n'}
[1.772574] (two_scara_collaboration) StdoutLine: {'line': b'-- Up-to-date symlink: /home/km/two_scara_ros2/install/two_scara_collaboration/local/lib/python3.10/dist-packages/two_scara_collaboration-0.0.1-py3.10.egg-info/top_level.txt\n'}
[1.773063] (two_scara_collaboration) StdoutLine: {'line': b'-- Up-to-date symlink: /home/km/two_scara_ros2/install/two_scara_collaboration/local/lib/python3.10/dist-packages/two_scara_collaboration/__init__.py\n'}
[1.773311] (two_scara_collaboration) StdoutLine: {'line': b'-- Up-to-date symlink: /home/km/two_scara_ros2/install/two_scara_collaboration/local/lib/python3.10/dist-packages/two_scara_collaboration/automation_manager.py\n'}
[1.773509] (two_scara_collaboration) StdoutLine: {'line': b'-- Up-to-date symlink: /home/km/two_scara_ros2/install/two_scara_collaboration/local/lib/python3.10/dist-packages/two_scara_collaboration/block_publisher.py\n'}
[1.773653] (two_scara_collaboration) StdoutLine: {'line': b'-- Up-to-date symlink: /home/km/two_scara_ros2/install/two_scara_collaboration/local/lib/python3.10/dist-packages/two_scara_collaboration/block_spawner.py\n'}
[1.773721] (two_scara_collaboration) StdoutLine: {'line': b'-- Up-to-date symlink: /home/km/two_scara_ros2/install/two_scara_collaboration/local/lib/python3.10/dist-packages/two_scara_collaboration/collision_avoidance.py\n'}
[1.773961] (two_scara_collaboration) StdoutLine: {'line': b'-- Up-to-date symlink: /home/km/two_scara_ros2/install/two_scara_collaboration/local/lib/python3.10/dist-packages/two_scara_collaboration/conveyor_driver.py\n'}
[1.774066] (two_scara_collaboration) StdoutLine: {'line': b'-- Up-to-date symlink: /home/km/two_scara_ros2/install/two_scara_collaboration/local/lib/python3.10/dist-packages/two_scara_collaboration/gripper_action_server.py\n'}
[1.774360] (two_scara_collaboration) StdoutLine: {'line': b'-- Up-to-date symlink: /home/km/two_scara_ros2/install/two_scara_collaboration/local/lib/python3.10/dist-packages/two_scara_collaboration/kinematics.py\n'}
[1.774516] (two_scara_collaboration) StdoutLine: {'line': b'-- Up-to-date symlink: /home/km/two_scara_ros2/install/two_scara_collaboration/local/lib/python3.10/dist-packages/two_scara_collaboration/scara_left_motion_planner.py\n'}
[1.774664] (two_scara_collaboration) StdoutLine: {'line': b'-- Up-to-date symlink: /home/km/two_scara_ros2/install/two_scara_collaboration/local/lib/python3.10/dist-packages/two_scara_collaboration/scara_right_motion_planner.py\n'}
[1.774932] (two_scara_collaboration) StdoutLine: {'line': b'-- Up-to-date symlink: /home/km/two_scara_ros2/install/two_scara_collaboration/local/lib/python3.10/dist-packages/two_scara_collaboration/spawn_robots.py\n'}
[1.775004] (two_scara_collaboration) StdoutLine: {'line': b'-- Up-to-date symlink: /home/km/two_scara_ros2/install/two_scara_collaboration/lib/two_scara_collaboration/scara_left_motion_planner.py\n'}
[1.775113] (two_scara_collaboration) StdoutLine: {'line': b'-- Up-to-date symlink: /home/km/two_scara_ros2/install/two_scara_collaboration/lib/two_scara_collaboration/scara_right_motion_planner.py\n'}
[1.775276] (two_scara_collaboration) StdoutLine: {'line': b'-- Up-to-date symlink: /home/km/two_scara_ros2/install/two_scara_collaboration/lib/two_scara_collaboration/block_spawner.py\n'}
[1.775624] (two_scara_collaboration) StdoutLine: {'line': b'-- Up-to-date symlink: /home/km/two_scara_ros2/install/two_scara_collaboration/lib/two_scara_collaboration/block_publisher.py\n'}
[1.775730] (two_scara_collaboration) StdoutLine: {'line': b'-- Up-to-date symlink: /home/km/two_scara_ros2/install/two_scara_collaboration/lib/two_scara_collaboration/gripper_action_server.py\n'}
[1.775871] (two_scara_collaboration) StdoutLine: {'line': b'-- Up-to-date symlink: /home/km/two_scara_ros2/install/two_scara_collaboration/lib/two_scara_collaboration/spawn_robots.py\n'}
[1.776034] (two_scara_collaboration) StdoutLine: {'line': b'-- Up-to-date symlink: /home/km/two_scara_ros2/install/two_scara_collaboration/share/two_scara_collaboration/launch/gazebo.launch.py\n'}
[1.776359] (two_scara_collaboration) StdoutLine: {'line': b'-- Up-to-date symlink: /home/km/two_scara_ros2/install/two_scara_collaboration/share/two_scara_collaboration/launch/initialize.launch.py\n'}
[1.776515] (two_scara_collaboration) StdoutLine: {'line': b'-- Up-to-date symlink: /home/km/two_scara_ros2/install/two_scara_collaboration/share/two_scara_collaboration/urdf/conveyor_belt.urdf.xacro\n'}
[1.776686] (two_scara_collaboration) StdoutLine: {'line': b'-- Up-to-date symlink: /home/km/two_scara_ros2/install/two_scara_collaboration/share/two_scara_collaboration/urdf/cylinder_block.urdf.xacro\n'}
[1.776836] (two_scara_collaboration) StdoutLine: {'line': b'-- Up-to-date symlink: /home/km/two_scara_ros2/install/two_scara_collaboration/share/two_scara_collaboration/urdf/scara_left.urdf.xacro\n'}
[1.777000] (two_scara_collaboration) StdoutLine: {'line': b'-- Up-to-date symlink: /home/km/two_scara_ros2/install/two_scara_collaboration/share/two_scara_collaboration/urdf/scara_right.urdf.xacro\n'}
[1.777287] (two_scara_collaboration) StdoutLine: {'line': b'-- Up-to-date symlink: /home/km/two_scara_ros2/install/two_scara_collaboration/share/two_scara_collaboration/urdf/world.urdf.xacro\n'}
[1.777436] (two_scara_collaboration) StdoutLine: {'line': b'-- Up-to-date symlink: /home/km/two_scara_ros2/install/two_scara_collaboration/share/two_scara_collaboration/config/scara_left_controllers.yaml\n'}
[1.777601] (two_scara_collaboration) StdoutLine: {'line': b'-- Up-to-date symlink: /home/km/two_scara_ros2/install/two_scara_collaboration/share/two_scara_collaboration/config/scara_right_controllers.yaml\n'}
[1.777773] (two_scara_collaboration) StdoutLine: {'line': b'-- Up-to-date symlink: /home/km/two_scara_ros2/install/two_scara_collaboration/share/two_scara_collaboration/config/simulation_params.yaml\n'}
[1.778163] (two_scara_collaboration) StdoutLine: {'line': b'-- Up-to-date symlink: /home/km/two_scara_ros2/install/two_scara_collaboration/share/two_scara_collaboration/config/two_scara_controllers.yaml\n'}
[1.778241] (two_scara_collaboration) StdoutLine: {'line': b'-- Up-to-date symlink: /home/km/two_scara_ros2/install/two_scara_collaboration/share/two_scara_collaboration/rviz/scara_config.rviz\n'}
[1.778324] (two_scara_collaboration) StdoutLine: {'line': b'-- Up-to-date symlink: /home/km/two_scara_ros2/install/two_scara_collaboration/share/two_scara_collaboration/resource/two_scara_collaboration\n'}
[1.778474] (two_scara_collaboration) StdoutLine: {'line': b'-- Up-to-date symlink: /home/km/two_scara_ros2/install/two_scara_collaboration/share/two_scara_collaboration/package.xml\n'}
[1.779099] (two_scara_collaboration) StdoutLine: {'line': b'-- Up-to-date symlink: /home/km/two_scara_ros2/install/two_scara_collaboration/share/ament_index/resource_index/package_run_dependencies/two_scara_collaboration\n'}
[1.779416] (two_scara_collaboration) StdoutLine: {'line': b'-- Up-to-date symlink: /home/km/two_scara_ros2/install/two_scara_collaboration/share/ament_index/resource_index/parent_prefix_path/two_scara_collaboration\n'}
[1.779494] (two_scara_collaboration) StdoutLine: {'line': b'-- Up-to-date symlink: /home/km/two_scara_ros2/install/two_scara_collaboration/share/two_scara_collaboration/environment/ament_prefix_path.sh\n'}
[1.779621] (two_scara_collaboration) StdoutLine: {'line': b'-- Up-to-date symlink: /home/km/two_scara_ros2/install/two_scara_collaboration/share/two_scara_collaboration/environment/ament_prefix_path.dsv\n'}
[1.779787] (two_scara_collaboration) StdoutLine: {'line': b'-- Up-to-date symlink: /home/km/two_scara_ros2/install/two_scara_collaboration/share/two_scara_collaboration/environment/path.sh\n'}
[1.780188] (two_scara_collaboration) StdoutLine: {'line': b'-- Up-to-date symlink: /home/km/two_scara_ros2/install/two_scara_collaboration/share/two_scara_collaboration/environment/path.dsv\n'}
[1.780529] (two_scara_collaboration) StdoutLine: {'line': b'-- Up-to-date symlink: /home/km/two_scara_ros2/install/two_scara_collaboration/share/two_scara_collaboration/local_setup.bash\n'}
[1.780742] (two_scara_collaboration) StdoutLine: {'line': b'-- Up-to-date symlink: /home/km/two_scara_ros2/install/two_scara_collaboration/share/two_scara_collaboration/local_setup.sh\n'}
[1.780998] (two_scara_collaboration) StdoutLine: {'line': b'-- Up-to-date symlink: /home/km/two_scara_ros2/install/two_scara_collaboration/share/two_scara_collaboration/local_setup.zsh\n'}
[1.781068] (two_scara_collaboration) StdoutLine: {'line': b'-- Up-to-date symlink: /home/km/two_scara_ros2/install/two_scara_collaboration/share/two_scara_collaboration/local_setup.dsv\n'}
[1.781300] (two_scara_collaboration) StdoutLine: {'line': b'-- Symlinking: /home/km/two_scara_ros2/install/two_scara_collaboration/share/two_scara_collaboration/package.dsv\n'}
[1.791529] (two_scara_collaboration) StdoutLine: {'line': b'-- Up-to-date symlink: /home/km/two_scara_ros2/install/two_scara_collaboration/share/ament_index/resource_index/packages/two_scara_collaboration\n'}
[1.791876] (two_scara_collaboration) StdoutLine: {'line': b'-- Up-to-date symlink: /home/km/two_scara_ros2/install/two_scara_collaboration/share/two_scara_collaboration/cmake/two_scara_collaborationConfig.cmake\n'}
[1.792059] (two_scara_collaboration) StdoutLine: {'line': b'-- Up-to-date symlink: /home/km/two_scara_ros2/install/two_scara_collaboration/share/two_scara_collaboration/cmake/two_scara_collaborationConfig-version.cmake\n'}
[1.792549] (two_scara_collaboration) StdoutLine: {'line': b'-- Up-to-date symlink: /home/km/two_scara_ros2/install/two_scara_collaboration/share/two_scara_collaboration/package.xml\n'}
[1.802132] (-) TimerEvent: {}
[1.832564] (two_scara_collaboration) StdoutLine: {'line': b"Listing '/home/km/two_scara_ros2/install/two_scara_collaboration/local/lib/python3.10/dist-packages/two_scara_collaboration'...\n"}
[1.840838] (two_scara_collaboration) CommandEnded: {'returncode': 0}
[1.863189] (two_scara_collaboration) JobEnded: {'identifier': 'two_scara_collaboration', 'rc': 0}
[1.864340] (-) EventReactorShutdown: {}
