[2.333s] DEBUG:colcon:Command line arguments: ['/usr/bin/colcon', 'build', '--symlink-install']
[2.334s] DEBUG:colcon:Parsed command line arguments: Namespace(log_base=None, log_level=None, verb_name='build', build_base='build', install_base='install', merge_install=False, symlink_install=True, test_result_base=None, continue_on_error=False, executor='parallel', parallel_workers=16, event_handlers=None, ignore_user_meta=False, metas=['./colcon.meta'], base_paths=['.'], packages_ignore=None, packages_ignore_regex=None, paths=None, packages_up_to=None, packages_up_to_regex=None, packages_above=None, packages_above_and_dependencies=None, packages_above_depth=None, packages_select_by_dep=None, packages_skip_by_dep=None, packages_skip_up_to=None, packages_select_build_failed=False, packages_skip_build_finished=False, packages_select_test_failures=False, packages_skip_test_passed=False, packages_select=None, packages_skip=None, packages_select_regex=None, packages_skip_regex=None, packages_start=None, packages_end=None, allow_overriding=[], cmake_args=None, cmake_target=None, cmake_target_skip_unavailable=False, cmake_clean_cache=False, cmake_clean_first=False, cmake_force_configure=False, ament_cmake_args=None, catkin_cmake_args=None, catkin_skip_building_tests=False, verb_parser=<colcon_defaults.argument_parser.defaults.DefaultArgumentsDecorator object at 0x7d75f9c3b790>, verb_extension=<colcon_core.verb.build.BuildVerb object at 0x7d75f9d80c40>, main=<bound method BuildVerb.main of <colcon_core.verb.build.BuildVerb object at 0x7d75f9d80c40>>)
[3.216s] Level 1:colcon.colcon_core.package_discovery:discover_packages(colcon_meta) check parameters
[3.216s] Level 1:colcon.colcon_core.package_discovery:discover_packages(recursive) check parameters
[3.217s] Level 1:colcon.colcon_core.package_discovery:discover_packages(ignore) check parameters
[3.217s] Level 1:colcon.colcon_core.package_discovery:discover_packages(path) check parameters
[3.217s] Level 1:colcon.colcon_core.package_discovery:discover_packages(colcon_meta) discover
[3.217s] Level 1:colcon.colcon_core.package_discovery:discover_packages(recursive) discover
[3.217s] INFO:colcon.colcon_core.package_discovery:Crawling recursively for packages in '/home/km/two_scara_ros2'
[3.217s] Level 1:colcon.colcon_core.package_identification:_identify(.) by extensions ['ignore', 'ignore_ament_install']
[3.217s] Level 1:colcon.colcon_core.package_identification:_identify(.) by extension 'ignore'
[3.217s] Level 1:colcon.colcon_core.package_identification:_identify(.) by extension 'ignore_ament_install'
[3.218s] Level 1:colcon.colcon_core.package_identification:_identify(.) by extensions ['colcon_pkg']
[3.218s] Level 1:colcon.colcon_core.package_identification:_identify(.) by extension 'colcon_pkg'
[3.218s] Level 1:colcon.colcon_core.package_identification:_identify(.) by extensions ['colcon_meta']
[3.218s] Level 1:colcon.colcon_core.package_identification:_identify(.) by extension 'colcon_meta'
[3.218s] Level 1:colcon.colcon_core.package_identification:_identify(.) by extensions ['ros']
[3.218s] Level 1:colcon.colcon_core.package_identification:_identify(.) by extension 'ros'
[3.258s] Level 1:colcon.colcon_core.package_identification:_identify(.) by extensions ['cmake', 'python']
[3.258s] Level 1:colcon.colcon_core.package_identification:_identify(.) by extension 'cmake'
[3.258s] Level 1:colcon.colcon_core.package_identification:_identify(.) by extension 'python'
[3.259s] Level 1:colcon.colcon_core.package_identification:_identify(.) by extensions ['python_setup_py']
[3.259s] Level 1:colcon.colcon_core.package_identification:_identify(.) by extension 'python_setup_py'
[3.259s] Level 1:colcon.colcon_core.package_identification:_identify(build) by extensions ['ignore', 'ignore_ament_install']
[3.259s] Level 1:colcon.colcon_core.package_identification:_identify(build) by extension 'ignore'
[3.259s] Level 1:colcon.colcon_core.package_identification:_identify(build) ignored
[3.260s] Level 1:colcon.colcon_core.package_identification:_identify(install) by extensions ['ignore', 'ignore_ament_install']
[3.260s] Level 1:colcon.colcon_core.package_identification:_identify(install) by extension 'ignore'
[3.260s] Level 1:colcon.colcon_core.package_identification:_identify(install) ignored
[3.261s] Level 1:colcon.colcon_core.package_identification:_identify(log) by extensions ['ignore', 'ignore_ament_install']
[3.261s] Level 1:colcon.colcon_core.package_identification:_identify(log) by extension 'ignore'
[3.261s] Level 1:colcon.colcon_core.package_identification:_identify(log) ignored
[3.261s] Level 1:colcon.colcon_core.package_identification:_identify(src) by extensions ['ignore', 'ignore_ament_install']
[3.261s] Level 1:colcon.colcon_core.package_identification:_identify(src) by extension 'ignore'
[3.261s] Level 1:colcon.colcon_core.package_identification:_identify(src) by extension 'ignore_ament_install'
[3.261s] Level 1:colcon.colcon_core.package_identification:_identify(src) by extensions ['colcon_pkg']
[3.261s] Level 1:colcon.colcon_core.package_identification:_identify(src) by extension 'colcon_pkg'
[3.261s] Level 1:colcon.colcon_core.package_identification:_identify(src) by extensions ['colcon_meta']
[3.262s] Level 1:colcon.colcon_core.package_identification:_identify(src) by extension 'colcon_meta'
[3.262s] Level 1:colcon.colcon_core.package_identification:_identify(src) by extensions ['ros']
[3.262s] Level 1:colcon.colcon_core.package_identification:_identify(src) by extension 'ros'
[3.262s] Level 1:colcon.colcon_core.package_identification:_identify(src) by extensions ['cmake', 'python']
[3.262s] Level 1:colcon.colcon_core.package_identification:_identify(src) by extension 'cmake'
[3.262s] Level 1:colcon.colcon_core.package_identification:_identify(src) by extension 'python'
[3.262s] Level 1:colcon.colcon_core.package_identification:_identify(src) by extensions ['python_setup_py']
[3.262s] Level 1:colcon.colcon_core.package_identification:_identify(src) by extension 'python_setup_py'
[3.262s] Level 1:colcon.colcon_core.package_identification:_identify(src/two_scara_collaboration) by extensions ['ignore', 'ignore_ament_install']
[3.262s] Level 1:colcon.colcon_core.package_identification:_identify(src/two_scara_collaboration) by extension 'ignore'
[3.263s] Level 1:colcon.colcon_core.package_identification:_identify(src/two_scara_collaboration) by extension 'ignore_ament_install'
[3.263s] Level 1:colcon.colcon_core.package_identification:_identify(src/two_scara_collaboration) by extensions ['colcon_pkg']
[3.263s] Level 1:colcon.colcon_core.package_identification:_identify(src/two_scara_collaboration) by extension 'colcon_pkg'
[3.263s] Level 1:colcon.colcon_core.package_identification:_identify(src/two_scara_collaboration) by extensions ['colcon_meta']
[3.263s] Level 1:colcon.colcon_core.package_identification:_identify(src/two_scara_collaboration) by extension 'colcon_meta'
[3.263s] Level 1:colcon.colcon_core.package_identification:_identify(src/two_scara_collaboration) by extensions ['ros']
[3.263s] Level 1:colcon.colcon_core.package_identification:_identify(src/two_scara_collaboration) by extension 'ros'
[3.274s] DEBUG:colcon.colcon_core.package_identification:Package 'src/two_scara_collaboration' with type 'ros.ament_cmake' and name 'two_scara_collaboration'
[3.274s] Level 1:colcon.colcon_core.package_discovery:discover_packages(recursive) using defaults
[3.274s] Level 1:colcon.colcon_core.package_discovery:discover_packages(ignore) discover
[3.274s] Level 1:colcon.colcon_core.package_discovery:discover_packages(ignore) using defaults
[3.274s] Level 1:colcon.colcon_core.package_discovery:discover_packages(path) discover
[3.274s] Level 1:colcon.colcon_core.package_discovery:discover_packages(path) using defaults
[3.375s] Level 1:colcon.colcon_core.package_discovery:discover_packages(prefix_path) check parameters
[3.375s] Level 1:colcon.colcon_core.package_discovery:discover_packages(prefix_path) discover
[3.390s] DEBUG:colcon.colcon_installed_package_information.package_discovery:Found 519 installed packages in /opt/ros/humble
[3.397s] Level 1:colcon.colcon_core.package_discovery:discover_packages(prefix_path) using defaults
[3.537s] Level 5:colcon.colcon_core.verb:set package 'two_scara_collaboration' build argument 'cmake_args' from command line to 'None'
[3.537s] Level 5:colcon.colcon_core.verb:set package 'two_scara_collaboration' build argument 'cmake_target' from command line to 'None'
[3.538s] Level 5:colcon.colcon_core.verb:set package 'two_scara_collaboration' build argument 'cmake_target_skip_unavailable' from command line to 'False'
[3.538s] Level 5:colcon.colcon_core.verb:set package 'two_scara_collaboration' build argument 'cmake_clean_cache' from command line to 'False'
[3.538s] Level 5:colcon.colcon_core.verb:set package 'two_scara_collaboration' build argument 'cmake_clean_first' from command line to 'False'
[3.538s] Level 5:colcon.colcon_core.verb:set package 'two_scara_collaboration' build argument 'cmake_force_configure' from command line to 'False'
[3.538s] Level 5:colcon.colcon_core.verb:set package 'two_scara_collaboration' build argument 'ament_cmake_args' from command line to 'None'
[3.538s] Level 5:colcon.colcon_core.verb:set package 'two_scara_collaboration' build argument 'catkin_cmake_args' from command line to 'None'
[3.538s] Level 5:colcon.colcon_core.verb:set package 'two_scara_collaboration' build argument 'catkin_skip_building_tests' from command line to 'False'
[3.538s] DEBUG:colcon.colcon_core.verb:Building package 'two_scara_collaboration' with the following arguments: {'ament_cmake_args': None, 'build_base': '/home/km/two_scara_ros2/build/two_scara_collaboration', 'catkin_cmake_args': None, 'catkin_skip_building_tests': False, 'cmake_args': None, 'cmake_clean_cache': False, 'cmake_clean_first': False, 'cmake_force_configure': False, 'cmake_target': None, 'cmake_target_skip_unavailable': False, 'install_base': '/home/km/two_scara_ros2/install/two_scara_collaboration', 'merge_install': False, 'path': '/home/km/two_scara_ros2/src/two_scara_collaboration', 'symlink_install': True, 'test_result_base': None}
[3.538s] INFO:colcon.colcon_core.executor:Executing jobs using 'parallel' executor
[3.541s] DEBUG:colcon.colcon_parallel_executor.executor.parallel:run_until_complete
[3.541s] INFO:colcon.colcon_ros.task.ament_cmake.build:Building ROS package in '/home/km/two_scara_ros2/src/two_scara_collaboration' with build type 'ament_cmake'
[3.541s] INFO:colcon.colcon_cmake.task.cmake.build:Building CMake package in '/home/km/two_scara_ros2/src/two_scara_collaboration'
[3.561s] INFO:colcon.colcon_core.plugin_system:Skipping extension 'colcon_core.shell.bat': Not used on non-Windows systems
[3.562s] INFO:colcon.colcon_core.shell:Skip shell extension 'powershell' for command environment: Not usable outside of PowerShell
[3.562s] DEBUG:colcon.colcon_core.shell:Skip shell extension 'dsv' for command environment
[3.591s] DEBUG:colcon.colcon_core.event_handler.log_command:Invoking command in '/home/km/two_scara_ros2/build/two_scara_collaboration': CMAKE_PREFIX_PATH=/opt/ros/humble /usr/bin/cmake --build /home/km/two_scara_ros2/build/two_scara_collaboration -- -j16 -l16
[4.609s] DEBUG:colcon.colcon_core.event_handler.log_command:Invoked command in '/home/km/two_scara_ros2/build/two_scara_collaboration' returned '0': CMAKE_PREFIX_PATH=/opt/ros/humble /usr/bin/cmake --build /home/km/two_scara_ros2/build/two_scara_collaboration -- -j16 -l16
[4.633s] DEBUG:colcon.colcon_core.event_handler.log_command:Invoking command in '/home/km/two_scara_ros2/build/two_scara_collaboration': CMAKE_PREFIX_PATH=/opt/ros/humble /usr/bin/cmake --install /home/km/two_scara_ros2/build/two_scara_collaboration
[4.801s] Level 1:colcon.colcon_core.environment:create_environment_scripts_only(two_scara_collaboration)
[4.802s] DEBUG:colcon.colcon_core.event_handler.log_command:Invoked command in '/home/km/two_scara_ros2/build/two_scara_collaboration' returned '0': CMAKE_PREFIX_PATH=/opt/ros/humble /usr/bin/cmake --install /home/km/two_scara_ros2/build/two_scara_collaboration
[4.825s] Level 1:colcon.colcon_core.environment:checking '/home/km/two_scara_ros2/install/two_scara_collaboration' for CMake module files
[4.826s] Level 1:colcon.colcon_core.environment:checking '/home/km/two_scara_ros2/install/two_scara_collaboration' for CMake config files
[4.827s] Level 1:colcon.colcon_core.shell:create_environment_hook('two_scara_collaboration', 'cmake_prefix_path')
[4.828s] INFO:colcon.colcon_core.shell:Creating environment hook '/home/km/two_scara_ros2/install/two_scara_collaboration/share/two_scara_collaboration/hook/cmake_prefix_path.ps1'
[4.831s] INFO:colcon.colcon_core.shell:Creating environment descriptor '/home/km/two_scara_ros2/install/two_scara_collaboration/share/two_scara_collaboration/hook/cmake_prefix_path.dsv'
[4.834s] INFO:colcon.colcon_core.shell:Creating environment hook '/home/km/two_scara_ros2/install/two_scara_collaboration/share/two_scara_collaboration/hook/cmake_prefix_path.sh'
[4.836s] Level 1:colcon.colcon_core.environment:checking '/home/km/two_scara_ros2/install/two_scara_collaboration/lib'
[4.836s] Level 1:colcon.colcon_core.environment:checking '/home/km/two_scara_ros2/install/two_scara_collaboration/bin'
[4.837s] Level 1:colcon.colcon_core.environment:checking '/home/km/two_scara_ros2/install/two_scara_collaboration/lib/pkgconfig/two_scara_collaboration.pc'
[4.837s] Level 1:colcon.colcon_core.environment:checking '/home/km/two_scara_ros2/install/two_scara_collaboration/lib/python3.10/site-packages'
[4.838s] Level 1:colcon.colcon_core.environment:checking '/home/km/two_scara_ros2/install/two_scara_collaboration/bin'
[4.839s] INFO:colcon.colcon_core.shell:Creating package script '/home/km/two_scara_ros2/install/two_scara_collaboration/share/two_scara_collaboration/package.ps1'
[4.841s] INFO:colcon.colcon_core.shell:Creating package descriptor '/home/km/two_scara_ros2/install/two_scara_collaboration/share/two_scara_collaboration/package.dsv'
[4.843s] INFO:colcon.colcon_core.shell:Creating package script '/home/km/two_scara_ros2/install/two_scara_collaboration/share/two_scara_collaboration/package.sh'
[4.845s] INFO:colcon.colcon_core.shell:Creating package script '/home/km/two_scara_ros2/install/two_scara_collaboration/share/two_scara_collaboration/package.bash'
[4.848s] INFO:colcon.colcon_core.shell:Creating package script '/home/km/two_scara_ros2/install/two_scara_collaboration/share/two_scara_collaboration/package.zsh'
[4.852s] Level 1:colcon.colcon_core.environment:create_file_with_runtime_dependencies(/home/km/two_scara_ros2/install/two_scara_collaboration/share/colcon-core/packages/two_scara_collaboration)
[4.854s] Level 1:colcon.colcon_core.environment:create_environment_scripts_only(two_scara_collaboration)
[4.854s] Level 1:colcon.colcon_core.environment:checking '/home/km/two_scara_ros2/install/two_scara_collaboration' for CMake module files
[4.855s] Level 1:colcon.colcon_core.environment:checking '/home/km/two_scara_ros2/install/two_scara_collaboration' for CMake config files
[4.856s] Level 1:colcon.colcon_core.shell:create_environment_hook('two_scara_collaboration', 'cmake_prefix_path')
[4.857s] INFO:colcon.colcon_core.shell:Creating environment hook '/home/km/two_scara_ros2/install/two_scara_collaboration/share/two_scara_collaboration/hook/cmake_prefix_path.ps1'
[4.858s] INFO:colcon.colcon_core.shell:Creating environment descriptor '/home/km/two_scara_ros2/install/two_scara_collaboration/share/two_scara_collaboration/hook/cmake_prefix_path.dsv'
[4.859s] INFO:colcon.colcon_core.shell:Creating environment hook '/home/km/two_scara_ros2/install/two_scara_collaboration/share/two_scara_collaboration/hook/cmake_prefix_path.sh'
[4.860s] Level 1:colcon.colcon_core.environment:checking '/home/km/two_scara_ros2/install/two_scara_collaboration/lib'
[4.860s] Level 1:colcon.colcon_core.environment:checking '/home/km/two_scara_ros2/install/two_scara_collaboration/bin'
[4.861s] Level 1:colcon.colcon_core.environment:checking '/home/km/two_scara_ros2/install/two_scara_collaboration/lib/pkgconfig/two_scara_collaboration.pc'
[4.861s] Level 1:colcon.colcon_core.environment:checking '/home/km/two_scara_ros2/install/two_scara_collaboration/lib/python3.10/site-packages'
[4.862s] Level 1:colcon.colcon_core.environment:checking '/home/km/two_scara_ros2/install/two_scara_collaboration/bin'
[4.862s] INFO:colcon.colcon_core.shell:Creating package script '/home/km/two_scara_ros2/install/two_scara_collaboration/share/two_scara_collaboration/package.ps1'
[4.863s] INFO:colcon.colcon_core.shell:Creating package descriptor '/home/km/two_scara_ros2/install/two_scara_collaboration/share/two_scara_collaboration/package.dsv'
[4.864s] INFO:colcon.colcon_core.shell:Creating package script '/home/km/two_scara_ros2/install/two_scara_collaboration/share/two_scara_collaboration/package.sh'
[4.865s] INFO:colcon.colcon_core.shell:Creating package script '/home/km/two_scara_ros2/install/two_scara_collaboration/share/two_scara_collaboration/package.bash'
[4.867s] INFO:colcon.colcon_core.shell:Creating package script '/home/km/two_scara_ros2/install/two_scara_collaboration/share/two_scara_collaboration/package.zsh'
[4.869s] Level 1:colcon.colcon_core.environment:create_file_with_runtime_dependencies(/home/km/two_scara_ros2/install/two_scara_collaboration/share/colcon-core/packages/two_scara_collaboration)
[4.870s] DEBUG:colcon.colcon_parallel_executor.executor.parallel:closing loop
[4.870s] DEBUG:colcon.colcon_parallel_executor.executor.parallel:loop closed
[4.871s] DEBUG:colcon.colcon_parallel_executor.executor.parallel:run_until_complete finished with '0'
[4.871s] DEBUG:colcon.colcon_core.event_reactor:joining thread
[5.382s] INFO:colcon.colcon_core.plugin_system:Skipping extension 'colcon_notification.desktop_notification.notify_send': Could not find 'notify-send'
[5.382s] INFO:colcon.colcon_core.plugin_system:Skipping extension 'colcon_notification.desktop_notification.terminal_notifier': Not used on non-Darwin systems
[5.382s] INFO:colcon.colcon_core.plugin_system:Skipping extension 'colcon_notification.desktop_notification.win32': Not used on non-Windows systems
[5.382s] INFO:colcon.colcon_notification.desktop_notification:Sending desktop notification using 'notify2'
[5.383s] DEBUG:colcon.colcon_notification.desktop_notification.notify2:Failed to initialize notify2: org.freedesktop.DBus.Error.FileNotFound: Failed to connect to socket /run/user/1000/bus: No such file or directory
[5.383s] DEBUG:colcon.colcon_core.event_reactor:joined thread
[5.384s] INFO:colcon.colcon_core.shell:Creating prefix script '/home/km/two_scara_ros2/install/local_setup.ps1'
[5.390s] INFO:colcon.colcon_core.shell:Creating prefix util module '/home/km/two_scara_ros2/install/_local_setup_util_ps1.py'
[5.394s] INFO:colcon.colcon_core.shell:Creating prefix chain script '/home/km/two_scara_ros2/install/setup.ps1'
[5.397s] INFO:colcon.colcon_core.shell:Creating prefix script '/home/km/two_scara_ros2/install/local_setup.sh'
[5.400s] INFO:colcon.colcon_core.shell:Creating prefix util module '/home/km/two_scara_ros2/install/_local_setup_util_sh.py'
[5.402s] INFO:colcon.colcon_core.shell:Creating prefix chain script '/home/km/two_scara_ros2/install/setup.sh'
[5.404s] INFO:colcon.colcon_core.shell:Creating prefix script '/home/km/two_scara_ros2/install/local_setup.bash'
[5.407s] INFO:colcon.colcon_core.shell:Creating prefix chain script '/home/km/two_scara_ros2/install/setup.bash'
[5.410s] INFO:colcon.colcon_core.shell:Creating prefix script '/home/km/two_scara_ros2/install/local_setup.zsh'
[5.412s] INFO:colcon.colcon_core.shell:Creating prefix chain script '/home/km/two_scara_ros2/install/setup.zsh'
