[0.000000] (-) TimerEvent: {}
[0.000938] (two_scara_collaboration) JobQueued: {'identifier': 'two_scara_collaboration', 'dependencies': OrderedDict()}
[0.001140] (two_scara_collaboration) JobStarted: {'identifier': 'two_scara_collaboration'}
[0.015125] (two_scara_collaboration) JobProgress: {'identifier': 'two_scara_collaboration', 'progress': 'cmake'}
[0.016002] (two_scara_collaboration) JobProgress: {'identifier': 'two_scara_collaboration', 'progress': 'build'}
[0.017013] (two_scara_collaboration) Command: {'cmd': ['/usr/bin/cmake', '--build', '/home/km/two_scara_ros2/build/two_scara_collaboration', '--', '-j16', '-l16'], 'cwd': '/home/km/two_scara_ros2/build/two_scara_collaboration', 'env': OrderedDict([('USER', 'km'), ('SHLVL', '1'), ('LD_LIBRARY_PATH', '/usr/lib/x86_64-linux-gnu/gazebo-11/plugins:/opt/ros/humble/opt/rviz_ogre_vendor/lib:/opt/ros/humble/lib/x86_64-linux-gnu:/opt/ros/humble/lib'), ('HOME', '/home/km'), ('OLDPWD', '/home/km'), ('ROS_PYTHON_VERSION', '3'), ('DBUS_SESSION_BUS_ADDRESS', 'unix:path=/run/user/1000/bus'), ('WSL_DISTRO_NAME', 'Ubuntu-22.04'), ('WAYLAND_DISPLAY', 'wayland-0'), ('ROS_DISTRO', 'humble'), ('LOGNAME', 'km'), ('NAME', 'KRISHNA'), ('WSL_INTEROP', '/run/WSL/15663_interop'), ('PULSE_SERVER', 'unix:/mnt/wslg/PulseServer'), ('_', '/usr/bin/colcon'), ('ROS_VERSION', '2'), ('TERM', 'xterm-256color'), ('ROS_LOCALHOST_ONLY', '0'), ('PATH', '/opt/ros/humble/bin:/usr/local/sbin:/usr/local/bin:/usr/sbin:/usr/bin:/sbin:/bin:/usr/games:/usr/local/games:/usr/lib/wsl/lib:/mnt/c/Program Files (x86)/Common Files/Oracle/Java/java8path:/mnt/c/Program Files (x86)/Common Files/Oracle/Java/javapath:/mnt/c/Program Files/Microsoft MPI/Bin/:/mnt/c/Program Files (x86)/Common Files/Intel/Shared Libraries/redist/intel64/compiler:/mnt/c/windows/system32:/mnt/c/windows:/mnt/c/windows/System32/Wbem:/mnt/c/windows/System32/WindowsPowerShell/v1.0/:/mnt/c/windows/System32/OpenSSH/:/mnt/c/Program Files (x86)/NVIDIA Corporation/PhysX/Common:/mnt/c/Users/Administrator/AppData/Local/Microsoft/WindowsApps:/mnt/c/Program Files/HP/OMEN-Broadcast/Common:/mnt/c/Program Files/MATLAB/R2024b/runtime/win64:/mnt/c/Program Files/MATLAB/R2024b/bin:/mnt/c/Program Files/dotnet/:/mnt/c/Program Files/NVIDIA Corporation/NVIDIA app/NvDLISR:/mnt/c/WINDOWS/system32:/mnt/c/WINDOWS:/mnt/c/WINDOWS/System32/Wbem:/mnt/c/WINDOWS/System32/WindowsPowerShell/v1.0/:/mnt/c/WINDOWS/System32/OpenSSH/:/mnt/c/MinGW/bin:/mnt/c/ProgramData/chocolatey/bin:/mnt/c/Program Files/nodejs:/mnt/c/Program Files/MySQL/MySQL Server 8.0/bin:/mnt/c/Program Files/PuTTY/:/mnt/c/Users/krish/AppData/Local/Muse Hub/lib:/mnt/c/Program Files/Git/cmd:/mnt/c/Program Files/nodejs/:/mnt/c/Program Files (x86)/Windows Kits/10/Windows Performance Toolkit/:/mnt/c/Program Files/Cloudflare/Cloudflare WARP/:/mnt/c/Users/krish/AppData/Local/Programs/Python/Python311/Scripts/:/mnt/c/Users/krish/AppData/Local/Programs/Python/Python311/:/mnt/c/Users/krish/AppData/Local/Blackbox/bin:/mnt/c/Users/krish/AppData/Local/Programs/Python/Python312/Scripts/:/mnt/c/Users/krish/AppData/Local/Programs/Python/Python312/:/mnt/c/Program Files/MySQL/MySQL Shell 8.0/bin/:/mnt/c/Users/krish/AppData/Local/Microsoft/WindowsApps:/mnt/c/Users/krish/AppData/Local/Muse Hub/lib:/mnt/c/Users/krish/AppData/Local/Programs/Microsoft VS Code/bin:/mnt/c/Program Files/JetBrains/IntelliJ IDEA 2024.3.2.2/bin:/mnt/c/Program Files/JetBrains/IntelliJ IDEA Community Edition 2024.3.2.2/bin:/mnt/c/Users/krish/flutter/bin:/mnt/c/Users/krish/AppData/Roaming/npm:/mnt/d/Antigravity/bin:/snap/bin'), ('XDG_RUNTIME_DIR', '/run/user/1000/'), ('DISPLAY', ':0'), ('LANG', 'en_US.UTF-8'), ('AMENT_PREFIX_PATH', '/opt/ros/humble'), ('SHELL', '/bin/bash'), ('PWD', '/home/km/two_scara_ros2/build/two_scara_collaboration'), ('XDG_DATA_DIRS', '/usr/local/share:/usr/share:/var/lib/snapd/desktop'), ('PYTHONPATH', '/opt/ros/humble/lib/python3.10/site-packages:/opt/ros/humble/local/lib/python3.10/dist-packages'), ('COLCON', '1'), ('WSL2_GUI_APPS_ENABLED', '1'), ('HOSTTYPE', 'x86_64'), ('WSLENV', ''), ('CMAKE_PREFIX_PATH', '/opt/ros/humble')]), 'shell': False}
[0.099726] (-) TimerEvent: {}
[0.151203] (two_scara_collaboration) StdoutLine: {'line': b'Built target ament_cmake_python_symlink_two_scara_collaboration_setup\n'}
[0.153049] (two_scara_collaboration) StdoutLine: {'line': b'Built target ament_cmake_python_symlink_two_scara_collaboration\n'}
[0.199811] (-) TimerEvent: {}
[0.300218] (-) TimerEvent: {}
[0.400643] (-) TimerEvent: {}
[0.433952] (two_scara_collaboration) StdoutLine: {'line': b'running egg_info\n'}
[0.435006] (two_scara_collaboration) StdoutLine: {'line': b'writing two_scara_collaboration.egg-info/PKG-INFO\n'}
[0.435427] (two_scara_collaboration) StdoutLine: {'line': b'writing dependency_links to two_scara_collaboration.egg-info/dependency_links.txt\n'}
[0.435778] (two_scara_collaboration) StdoutLine: {'line': b'writing top-level names to two_scara_collaboration.egg-info/top_level.txt\n'}
[0.439358] (two_scara_collaboration) StdoutLine: {'line': b"reading manifest file 'two_scara_collaboration.egg-info/SOURCES.txt'\n"}
[0.440098] (two_scara_collaboration) StdoutLine: {'line': b"writing manifest file 'two_scara_collaboration.egg-info/SOURCES.txt'\n"}
[0.467790] (two_scara_collaboration) StdoutLine: {'line': b'Built target ament_cmake_python_build_two_scara_collaboration_egg\n'}
[0.479419] (two_scara_collaboration) CommandEnded: {'returncode': 0}
[0.480656] (two_scara_collaboration) JobProgress: {'identifier': 'two_scara_collaboration', 'progress': 'install'}
[0.490041] (two_scara_collaboration) Command: {'cmd': ['/usr/bin/cmake', '--install', '/home/km/two_scara_ros2/build/two_scara_collaboration'], 'cwd': '/home/km/two_scara_ros2/build/two_scara_collaboration', 'env': OrderedDict([('USER', 'km'), ('SHLVL', '1'), ('LD_LIBRARY_PATH', '/usr/lib/x86_64-linux-gnu/gazebo-11/plugins:/opt/ros/humble/opt/rviz_ogre_vendor/lib:/opt/ros/humble/lib/x86_64-linux-gnu:/opt/ros/humble/lib'), ('HOME', '/home/km'), ('OLDPWD', '/home/km'), ('ROS_PYTHON_VERSION', '3'), ('DBUS_SESSION_BUS_ADDRESS', 'unix:path=/run/user/1000/bus'), ('WSL_DISTRO_NAME', 'Ubuntu-22.04'), ('WAYLAND_DISPLAY', 'wayland-0'), ('ROS_DISTRO', 'humble'), ('LOGNAME', 'km'), ('NAME', 'KRISHNA'), ('WSL_INTEROP', '/run/WSL/15663_interop'), ('PULSE_SERVER', 'unix:/mnt/wslg/PulseServer'), ('_', '/usr/bin/colcon'), ('ROS_VERSION', '2'), ('TERM', 'xterm-256color'), ('ROS_LOCALHOST_ONLY', '0'), ('PATH', '/opt/ros/humble/bin:/usr/local/sbin:/usr/local/bin:/usr/sbin:/usr/bin:/sbin:/bin:/usr/games:/usr/local/games:/usr/lib/wsl/lib:/mnt/c/Program Files (x86)/Common Files/Oracle/Java/java8path:/mnt/c/Program Files (x86)/Common Files/Oracle/Java/javapath:/mnt/c/Program Files/Microsoft MPI/Bin/:/mnt/c/Program Files (x86)/Common Files/Intel/Shared Libraries/redist/intel64/compiler:/mnt/c/windows/system32:/mnt/c/windows:/mnt/c/windows/System32/Wbem:/mnt/c/windows/System32/WindowsPowerShell/v1.0/:/mnt/c/windows/System32/OpenSSH/:/mnt/c/Program Files (x86)/NVIDIA Corporation/PhysX/Common:/mnt/c/Users/Administrator/AppData/Local/Microsoft/WindowsApps:/mnt/c/Program Files/HP/OMEN-Broadcast/Common:/mnt/c/Program Files/MATLAB/R2024b/runtime/win64:/mnt/c/Program Files/MATLAB/R2024b/bin:/mnt/c/Program Files/dotnet/:/mnt/c/Program Files/NVIDIA Corporation/NVIDIA app/NvDLISR:/mnt/c/WINDOWS/system32:/mnt/c/WINDOWS:/mnt/c/WINDOWS/System32/Wbem:/mnt/c/WINDOWS/System32/WindowsPowerShell/v1.0/:/mnt/c/WINDOWS/System32/OpenSSH/:/mnt/c/MinGW/bin:/mnt/c/ProgramData/chocolatey/bin:/mnt/c/Program Files/nodejs:/mnt/c/Program Files/MySQL/MySQL Server 8.0/bin:/mnt/c/Program Files/PuTTY/:/mnt/c/Users/krish/AppData/Local/Muse Hub/lib:/mnt/c/Program Files/Git/cmd:/mnt/c/Program Files/nodejs/:/mnt/c/Program Files (x86)/Windows Kits/10/Windows Performance Toolkit/:/mnt/c/Program Files/Cloudflare/Cloudflare WARP/:/mnt/c/Users/krish/AppData/Local/Programs/Python/Python311/Scripts/:/mnt/c/Users/krish/AppData/Local/Programs/Python/Python311/:/mnt/c/Users/krish/AppData/Local/Blackbox/bin:/mnt/c/Users/krish/AppData/Local/Programs/Python/Python312/Scripts/:/mnt/c/Users/krish/AppData/Local/Programs/Python/Python312/:/mnt/c/Program Files/MySQL/MySQL Shell 8.0/bin/:/mnt/c/Users/krish/AppData/Local/Microsoft/WindowsApps:/mnt/c/Users/krish/AppData/Local/Muse Hub/lib:/mnt/c/Users/krish/AppData/Local/Programs/Microsoft VS Code/bin:/mnt/c/Program Files/JetBrains/IntelliJ IDEA 2024.3.2.2/bin:/mnt/c/Program Files/JetBrains/IntelliJ IDEA Community Edition 2024.3.2.2/bin:/mnt/c/Users/krish/flutter/bin:/mnt/c/Users/krish/AppData/Roaming/npm:/mnt/d/Antigravity/bin:/snap/bin'), ('XDG_RUNTIME_DIR', '/run/user/1000/'), ('DISPLAY', ':0'), ('LANG', 'en_US.UTF-8'), ('AMENT_PREFIX_PATH', '/opt/ros/humble'), ('SHELL', '/bin/bash'), ('PWD', '/home/km/two_scara_ros2/build/two_scara_collaboration'), ('XDG_DATA_DIRS', '/usr/local/share:/usr/share:/var/lib/snapd/desktop'), ('PYTHONPATH', '/opt/ros/humble/lib/python3.10/site-packages:/opt/ros/humble/local/lib/python3.10/dist-packages'), ('COLCON', '1'), ('WSL2_GUI_APPS_ENABLED', '1'), ('HOSTTYPE', 'x86_64'), ('WSLENV', ''), ('CMAKE_PREFIX_PATH', '/opt/ros/humble')]), 'shell': False}
[0.498392] (two_scara_collaboration) StdoutLine: {'line': b'-- Install configuration: ""\n'}
[0.499536] (two_scara_collaboration) StdoutLine: {'line': b'-- Execute custom install script\n'}
[0.499899] (two_scara_collaboration) StdoutLine: {'line': b'-- Up-to-date symlink: /home/km/two_scara_ros2/install/two_scara_collaboration/share/two_scara_collaboration/environment/pythonpath.sh\n'}
[0.500190] (two_scara_collaboration) StdoutLine: {'line': b'-- Up-to-date symlink: /home/km/two_scara_ros2/install/two_scara_collaboration/share/two_scara_collaboration/environment/pythonpath.dsv\n'}
[0.500751] (-) TimerEvent: {}
[0.501440] (two_scara_collaboration) StdoutLine: {'line': b'-- Up-to-date symlink: /home/km/two_scara_ros2/install/two_scara_collaboration/local/lib/python3.10/dist-packages/two_scara_collaboration-0.0.1-py3.10.egg-info/PKG-INFO\n'}
[0.501954] (two_scara_collaboration) StdoutLine: {'line': b'-- Up-to-date symlink: /home/km/two_scara_ros2/install/two_scara_collaboration/local/lib/python3.10/dist-packages/two_scara_collaboration-0.0.1-py3.10.egg-info/SOURCES.txt\n'}
[0.502300] (two_scara_collaboration) StdoutLine: {'line': b'-- Up-to-date symlink: /home/km/two_scara_ros2/install/two_scara_collaboration/local/lib/python3.10/dist-packages/two_scara_collaboration-0.0.1-py3.10.egg-info/dependency_links.txt\n'}
[0.502641] (two_scara_collaboration) StdoutLine: {'line': b'-- Up-to-date symlink: /home/km/two_scara_ros2/install/two_scara_collaboration/local/lib/python3.10/dist-packages/two_scara_collaboration-0.0.1-py3.10.egg-info/top_level.txt\n'}
[0.503334] (two_scara_collaboration) StdoutLine: {'line': b'-- Up-to-date symlink: /home/km/two_scara_ros2/install/two_scara_collaboration/local/lib/python3.10/dist-packages/two_scara_collaboration/__init__.py\n'}
[0.503536] (two_scara_collaboration) StdoutLine: {'line': b'-- Up-to-date symlink: /home/km/two_scara_ros2/install/two_scara_collaboration/local/lib/python3.10/dist-packages/two_scara_collaboration/automation_manager.py\n'}
[0.503850] (two_scara_collaboration) StdoutLine: {'line': b'-- Up-to-date symlink: /home/km/two_scara_ros2/install/two_scara_collaboration/local/lib/python3.10/dist-packages/two_scara_collaboration/block_publisher.py\n'}
[0.504119] (two_scara_collaboration) StdoutLine: {'line': b'-- Up-to-date symlink: /home/km/two_scara_ros2/install/two_scara_collaboration/local/lib/python3.10/dist-packages/two_scara_collaboration/block_spawner.py\n'}
[0.504421] (two_scara_collaboration) StdoutLine: {'line': b'-- Up-to-date symlink: /home/km/two_scara_ros2/install/two_scara_collaboration/local/lib/python3.10/dist-packages/two_scara_collaboration/collision_avoidance.py\n'}
[0.504788] (two_scara_collaboration) StdoutLine: {'line': b'-- Up-to-date symlink: /home/km/two_scara_ros2/install/two_scara_collaboration/local/lib/python3.10/dist-packages/two_scara_collaboration/conveyor_driver.py\n'}
[0.505234] (two_scara_collaboration) StdoutLine: {'line': b'-- Up-to-date symlink: /home/km/two_scara_ros2/install/two_scara_collaboration/local/lib/python3.10/dist-packages/two_scara_collaboration/gripper_action_server.py\n'}
[0.505388] (two_scara_collaboration) StdoutLine: {'line': b'-- Up-to-date symlink: /home/km/two_scara_ros2/install/two_scara_collaboration/local/lib/python3.10/dist-packages/two_scara_collaboration/kinematics.py\n'}
[0.505702] (two_scara_collaboration) StdoutLine: {'line': b'-- Up-to-date symlink: /home/km/two_scara_ros2/install/two_scara_collaboration/local/lib/python3.10/dist-packages/two_scara_collaboration/scara_left_motion_planner.py\n'}
[0.505988] (two_scara_collaboration) StdoutLine: {'line': b'-- Up-to-date symlink: /home/km/two_scara_ros2/install/two_scara_collaboration/local/lib/python3.10/dist-packages/two_scara_collaboration/scara_right_motion_planner.py\n'}
[0.506212] (two_scara_collaboration) StdoutLine: {'line': b'-- Up-to-date symlink: /home/km/two_scara_ros2/install/two_scara_collaboration/local/lib/python3.10/dist-packages/two_scara_collaboration/spawn_robots.py\n'}
[0.506497] (two_scara_collaboration) StdoutLine: {'line': b'-- Up-to-date symlink: /home/km/two_scara_ros2/install/two_scara_collaboration/lib/two_scara_collaboration/scara_left_motion_planner.py\n'}
[0.506683] (two_scara_collaboration) StdoutLine: {'line': b'-- Up-to-date symlink: /home/km/two_scara_ros2/install/two_scara_collaboration/lib/two_scara_collaboration/scara_right_motion_planner.py\n'}
[0.506758] (two_scara_collaboration) StdoutLine: {'line': b'-- Up-to-date symlink: /home/km/two_scara_ros2/install/two_scara_collaboration/lib/two_scara_collaboration/block_spawner.py\n'}
[0.507008] (two_scara_collaboration) StdoutLine: {'line': b'-- Up-to-date symlink: /home/km/two_scara_ros2/install/two_scara_collaboration/lib/two_scara_collaboration/block_publisher.py\n'}
[0.507115] (two_scara_collaboration) StdoutLine: {'line': b'-- Up-to-date symlink: /home/km/two_scara_ros2/install/two_scara_collaboration/lib/two_scara_collaboration/gripper_action_server.py\n'}
[0.507355] (two_scara_collaboration) StdoutLine: {'line': b'-- Up-to-date symlink: /home/km/two_scara_ros2/install/two_scara_collaboration/lib/two_scara_collaboration/spawn_robots.py\n'}
[0.507918] (two_scara_collaboration) StdoutLine: {'line': b'-- Up-to-date symlink: /home/km/two_scara_ros2/install/two_scara_collaboration/share/two_scara_collaboration/launch/gazebo.launch.py\n'}
[0.508185] (two_scara_collaboration) StdoutLine: {'line': b'-- Up-to-date symlink: /home/km/two_scara_ros2/install/two_scara_collaboration/share/two_scara_collaboration/launch/initialize.launch.py\n'}
[0.508396] (two_scara_collaboration) StdoutLine: {'line': b'-- Up-to-date symlink: /home/km/two_scara_ros2/install/two_scara_collaboration/share/two_scara_collaboration/urdf/conveyor_belt.urdf.xacro\n'}
[0.508512] (two_scara_collaboration) StdoutLine: {'line': b'-- Up-to-date symlink: /home/km/two_scara_ros2/install/two_scara_collaboration/share/two_scara_collaboration/urdf/cylinder_block.urdf.xacro\n'}
[0.508668] (two_scara_collaboration) StdoutLine: {'line': b'-- Up-to-date symlink: /home/km/two_scara_ros2/install/two_scara_collaboration/share/two_scara_collaboration/urdf/scara_left.urdf.xacro\n'}
[0.509011] (two_scara_collaboration) StdoutLine: {'line': b'-- Up-to-date symlink: /home/km/two_scara_ros2/install/two_scara_collaboration/share/two_scara_collaboration/urdf/scara_right.urdf.xacro\n'}
[0.509209] (two_scara_collaboration) StdoutLine: {'line': b'-- Up-to-date symlink: /home/km/two_scara_ros2/install/two_scara_collaboration/share/two_scara_collaboration/urdf/world.urdf.xacro\n'}
[0.509656] (two_scara_collaboration) StdoutLine: {'line': b'-- Up-to-date symlink: /home/km/two_scara_ros2/install/two_scara_collaboration/share/two_scara_collaboration/config/scara_left_controllers.yaml\n'}
[0.509759] (two_scara_collaboration) StdoutLine: {'line': b'-- Up-to-date symlink: /home/km/two_scara_ros2/install/two_scara_collaboration/share/two_scara_collaboration/config/scara_right_controllers.yaml\n'}
[0.509812] (two_scara_collaboration) StdoutLine: {'line': b'-- Up-to-date symlink: /home/km/two_scara_ros2/install/two_scara_collaboration/share/two_scara_collaboration/config/simulation_params.yaml\n'}
[0.509861] (two_scara_collaboration) StdoutLine: {'line': b'-- Up-to-date symlink: /home/km/two_scara_ros2/install/two_scara_collaboration/share/two_scara_collaboration/config/two_scara_controllers.yaml\n'}
[0.510065] (two_scara_collaboration) StdoutLine: {'line': b'-- Up-to-date symlink: /home/km/two_scara_ros2/install/two_scara_collaboration/share/two_scara_collaboration/rviz/scara_config.rviz\n'}
[0.510147] (two_scara_collaboration) StdoutLine: {'line': b'-- Up-to-date symlink: /home/km/two_scara_ros2/install/two_scara_collaboration/share/two_scara_collaboration/resource/two_scara_collaboration\n'}
[0.510306] (two_scara_collaboration) StdoutLine: {'line': b'-- Up-to-date symlink: /home/km/two_scara_ros2/install/two_scara_collaboration/share/two_scara_collaboration/package.xml\n'}
[0.510444] (two_scara_collaboration) StdoutLine: {'line': b'-- Up-to-date symlink: /home/km/two_scara_ros2/install/two_scara_collaboration/share/ament_index/resource_index/package_run_dependencies/two_scara_collaboration\n'}
[0.510642] (two_scara_collaboration) StdoutLine: {'line': b'-- Up-to-date symlink: /home/km/two_scara_ros2/install/two_scara_collaboration/share/ament_index/resource_index/parent_prefix_path/two_scara_collaboration\n'}
[0.510716] (two_scara_collaboration) StdoutLine: {'line': b'-- Up-to-date symlink: /home/km/two_scara_ros2/install/two_scara_collaboration/share/two_scara_collaboration/environment/ament_prefix_path.sh\n'}
[0.510998] (two_scara_collaboration) StdoutLine: {'line': b'-- Up-to-date symlink: /home/km/two_scara_ros2/install/two_scara_collaboration/share/two_scara_collaboration/environment/ament_prefix_path.dsv\n'}
[0.511113] (two_scara_collaboration) StdoutLine: {'line': b'-- Up-to-date symlink: /home/km/two_scara_ros2/install/two_scara_collaboration/share/two_scara_collaboration/environment/path.sh\n'}
[0.511419] (two_scara_collaboration) StdoutLine: {'line': b'-- Up-to-date symlink: /home/km/two_scara_ros2/install/two_scara_collaboration/share/two_scara_collaboration/environment/path.dsv\n'}
[0.511594] (two_scara_collaboration) StdoutLine: {'line': b'-- Up-to-date symlink: /home/km/two_scara_ros2/install/two_scara_collaboration/share/two_scara_collaboration/local_setup.bash\n'}
[0.511753] (two_scara_collaboration) StdoutLine: {'line': b'-- Up-to-date symlink: /home/km/two_scara_ros2/install/two_scara_collaboration/share/two_scara_collaboration/local_setup.sh\n'}
[0.511923] (two_scara_collaboration) StdoutLine: {'line': b'-- Up-to-date symlink: /home/km/two_scara_ros2/install/two_scara_collaboration/share/two_scara_collaboration/local_setup.zsh\n'}
[0.511993] (two_scara_collaboration) StdoutLine: {'line': b'-- Up-to-date symlink: /home/km/two_scara_ros2/install/two_scara_collaboration/share/two_scara_collaboration/local_setup.dsv\n'}
[0.512046] (two_scara_collaboration) StdoutLine: {'line': b'-- Symlinking: /home/km/two_scara_ros2/install/two_scara_collaboration/share/two_scara_collaboration/package.dsv\n'}
[0.521241] (two_scara_collaboration) StdoutLine: {'line': b'-- Up-to-date symlink: /home/km/two_scara_ros2/install/two_scara_collaboration/share/ament_index/resource_index/packages/two_scara_collaboration\n'}
[0.521588] (two_scara_collaboration) StdoutLine: {'line': b'-- Up-to-date symlink: /home/km/two_scara_ros2/install/two_scara_collaboration/share/two_scara_collaboration/cmake/two_scara_collaborationConfig.cmake\n'}
[0.521798] (two_scara_collaboration) StdoutLine: {'line': b'-- Up-to-date symlink: /home/km/two_scara_ros2/install/two_scara_collaboration/share/two_scara_collaboration/cmake/two_scara_collaborationConfig-version.cmake\n'}
[0.521859] (two_scara_collaboration) StdoutLine: {'line': b'-- Up-to-date symlink: /home/km/two_scara_ros2/install/two_scara_collaboration/share/two_scara_collaboration/package.xml\n'}
[0.557977] (two_scara_collaboration) StdoutLine: {'line': b"Listing '/home/km/two_scara_ros2/install/two_scara_collaboration/local/lib/python3.10/dist-packages/two_scara_collaboration'...\n"}
[0.565265] (two_scara_collaboration) CommandEnded: {'returncode': 0}
[0.593404] (two_scara_collaboration) JobEnded: {'identifier': 'two_scara_collaboration', 'rc': 0}
[0.594979] (-) EventReactorShutdown: {}
