[0.000000] (-) TimerEvent: {}
[0.001668] (two_scara_collaboration) JobQueued: {'identifier': 'two_scara_collaboration', 'dependencies': OrderedDict()}
[0.001778] (two_scara_collaboration) JobStarted: {'identifier': 'two_scara_collaboration'}
[0.062048] (two_scara_collaboration) JobProgress: {'identifier': 'two_scara_collaboration', 'progress': 'cmake'}
[0.064895] (two_scara_collaboration) JobProgress: {'identifier': 'two_scara_collaboration', 'progress': 'build'}
[0.066391] (two_scara_collaboration) Command: {'cmd': ['/usr/bin/cmake', '--build', '/home/km/two_scara_ros2/build/two_scara_collaboration', '--', '-j16', '-l16'], 'cwd': '/home/km/two_scara_ros2/build/two_scara_collaboration', 'env': OrderedDict([('USER', 'km'), ('SHLVL', '1'), ('LD_LIBRARY_PATH', '/usr/lib/x86_64-linux-gnu/gazebo-11/plugins:/opt/ros/humble/opt/rviz_ogre_vendor/lib:/opt/ros/humble/lib/x86_64-linux-gnu:/opt/ros/humble/lib'), ('HOME', '/home/km'), ('OLDPWD', '/home/km'), ('ROS_PYTHON_VERSION', '3'), ('DBUS_SESSION_BUS_ADDRESS', 'unix:path=/run/user/1000/bus'), ('WSL_DISTRO_NAME', 'Ubuntu-22.04'), ('WAYLAND_DISPLAY', 'wayland-0'), ('ROS_DISTRO', 'humble'), ('LOGNAME', 'km'), ('NAME', 'KRISHNA'), ('WSL_INTEROP', '/run/WSL/555_interop'), ('PULSE_SERVER', 'unix:/mnt/wslg/PulseServer'), ('_', '/usr/bin/colcon'), ('ROS_VERSION', '2'), ('TERM', 'xterm-256color'), ('ROS_LOCALHOST_ONLY', '0'), ('PATH', '/opt/ros/humble/bin:/usr/local/sbin:/usr/local/bin:/usr/sbin:/usr/bin:/sbin:/bin:/usr/games:/usr/local/games:/usr/lib/wsl/lib:/mnt/c/Program Files/Eclipse Adoptium/jdk-25.0.1.8-hotspot/bin:/mnt/c/Program Files (x86)/Common Files/Oracle/Java/java8path:/mnt/c/Program Files (x86)/Common Files/Oracle/Java/javapath:/mnt/c/Program Files/Microsoft MPI/Bin/:/mnt/c/Program Files (x86)/Common Files/Intel/Shared Libraries/redist/intel64/compiler:/mnt/c/windows/system32:/mnt/c/windows:/mnt/c/windows/System32/Wbem:/mnt/c/windows/System32/WindowsPowerShell/v1.0/:/mnt/c/windows/System32/OpenSSH/:/mnt/c/Program Files (x86)/NVIDIA Corporation/PhysX/Common:/mnt/c/Users/Administrator/AppData/Local/Microsoft/WindowsApps:/mnt/c/Program Files/HP/OMEN-Broadcast/Common:/mnt/c/Program Files/MATLAB/R2024b/runtime/win64:/mnt/c/Program Files/MATLAB/R2024b/bin:/mnt/c/Program Files/dotnet/:/mnt/c/Program Files/NVIDIA Corporation/NVIDIA app/NvDLISR:/mnt/c/WINDOWS/system32:/mnt/c/WINDOWS:/mnt/c/WINDOWS/System32/Wbem:/mnt/c/WINDOWS/System32/WindowsPowerShell/v1.0/:/mnt/c/WINDOWS/System32/OpenSSH/:/mnt/c/MinGW/bin:/mnt/c/ProgramData/chocolatey/bin:/mnt/c/Program Files/nodejs:/mnt/c/Program Files/MySQL/MySQL Server 8.0/bin:/mnt/c/Program Files/PuTTY/:/mnt/c/Users/krish/AppData/Local/Muse Hub/lib:/mnt/c/Program Files/Git/cmd:/mnt/c/Program Files/nodejs/:/mnt/c/Program Files (x86)/Windows Kits/10/Windows Performance Toolkit/:/mnt/c/Program Files/Cloudflare/Cloudflare WARP/:/mnt/c/Users/krish/AppData/Local/Programs/Python/Python311/Scripts/:/mnt/c/Users/krish/AppData/Local/Programs/Python/Python311/:/mnt/c/Users/krish/AppData/Local/Blackbox/bin:/mnt/c/Users/krish/AppData/Local/Programs/Python/Python312/Scripts/:/mnt/c/Users/krish/AppData/Local/Programs/Python/Python312/:/mnt/c/Program Files/MySQL/MySQL Shell 8.0/bin/:/mnt/c/Users/krish/AppData/Local/Microsoft/WindowsApps:/mnt/c/Users/krish/AppData/Local/Muse Hub/lib:/mnt/c/Users/krish/AppData/Local/Programs/Microsoft VS Code/bin:/mnt/c/Program Files/JetBrains/IntelliJ IDEA 2024.3.2.2/bin:/mnt/c/Program Files/JetBrains/IntelliJ IDEA Community Edition 2024.3.2.2/bin:/mnt/c/Users/krish/flutter/bin:/mnt/c/Users/krish/AppData/Roaming/npm:/mnt/d/Antigravity/bin:/snap/bin'), ('XDG_RUNTIME_DIR', '/run/user/1000/'), ('DISPLAY', ':0'), ('LANG', 'en_US.UTF-8'), ('AMENT_PREFIX_PATH', '/opt/ros/humble'), ('SHELL', '/bin/bash'), ('PWD', '/home/km/two_scara_ros2/build/two_scara_collaboration'), ('XDG_DATA_DIRS', '/usr/local/share:/usr/share:/var/lib/snapd/desktop'), ('PYTHONPATH', '/opt/ros/humble/lib/python3.10/site-packages:/opt/ros/humble/local/lib/python3.10/dist-packages'), ('COLCON', '1'), ('WSL2_GUI_APPS_ENABLED', '1'), ('HOSTTYPE', 'x86_64'), ('WSLENV', ''), ('CMAKE_PREFIX_PATH', '/opt/ros/humble')]), 'shell': False}
[0.101089] (-) TimerEvent: {}
[0.201761] (-) TimerEvent: {}
[0.295478] (two_scara_collaboration) StdoutLine: {'line': b'Built target ament_cmake_python_symlink_two_scara_collaboration\n'}
[0.295800] (two_scara_collaboration) StdoutLine: {'line': b'Built target ament_cmake_python_symlink_two_scara_collaboration_setup\n'}
[0.302143] (-) TimerEvent: {}
[0.410609] (-) TimerEvent: {}
[0.519440] (-) TimerEvent: {}
[0.620032] (-) TimerEvent: {}
[0.720638] (-) TimerEvent: {}
[0.825469] (-) TimerEvent: {}
[0.926186] (-) TimerEvent: {}
[0.954682] (two_scara_collaboration) StdoutLine: {'line': b'running egg_info\n'}
[0.956587] (two_scara_collaboration) StdoutLine: {'line': b'writing two_scara_collaboration.egg-info/PKG-INFO\n'}
[0.957429] (two_scara_collaboration) StdoutLine: {'line': b'writing dependency_links to two_scara_collaboration.egg-info/dependency_links.txt\n'}
[0.957765] (two_scara_collaboration) StdoutLine: {'line': b'writing top-level names to two_scara_collaboration.egg-info/top_level.txt\n'}
[0.964010] (two_scara_collaboration) StdoutLine: {'line': b"reading manifest file 'two_scara_collaboration.egg-info/SOURCES.txt'\n"}
[0.966674] (two_scara_collaboration) StdoutLine: {'line': b"writing manifest file 'two_scara_collaboration.egg-info/SOURCES.txt'\n"}
[1.023456] (two_scara_collaboration) StdoutLine: {'line': b'Built target ament_cmake_python_build_two_scara_collaboration_egg\n'}
[1.026609] (-) TimerEvent: {}
[1.043527] (two_scara_collaboration) CommandEnded: {'returncode': 0}
[1.046076] (two_scara_collaboration) JobProgress: {'identifier': 'two_scara_collaboration', 'progress': 'install'}
[1.065655] (two_scara_collaboration) Command: {'cmd': ['/usr/bin/cmake', '--install', '/home/km/two_scara_ros2/build/two_scara_collaboration'], 'cwd': '/home/km/two_scara_ros2/build/two_scara_collaboration', 'env': OrderedDict([('USER', 'km'), ('SHLVL', '1'), ('LD_LIBRARY_PATH', '/usr/lib/x86_64-linux-gnu/gazebo-11/plugins:/opt/ros/humble/opt/rviz_ogre_vendor/lib:/opt/ros/humble/lib/x86_64-linux-gnu:/opt/ros/humble/lib'), ('HOME', '/home/km'), ('OLDPWD', '/home/km'), ('ROS_PYTHON_VERSION', '3'), ('DBUS_SESSION_BUS_ADDRESS', 'unix:path=/run/user/1000/bus'), ('WSL_DISTRO_NAME', 'Ubuntu-22.04'), ('WAYLAND_DISPLAY', 'wayland-0'), ('ROS_DISTRO', 'humble'), ('LOGNAME', 'km'), ('NAME', 'KRISHNA'), ('WSL_INTEROP', '/run/WSL/555_interop'), ('PULSE_SERVER', 'unix:/mnt/wslg/PulseServer'), ('_', '/usr/bin/colcon'), ('ROS_VERSION', '2'), ('TERM', 'xterm-256color'), ('ROS_LOCALHOST_ONLY', '0'), ('PATH', '/opt/ros/humble/bin:/usr/local/sbin:/usr/local/bin:/usr/sbin:/usr/bin:/sbin:/bin:/usr/games:/usr/local/games:/usr/lib/wsl/lib:/mnt/c/Program Files/Eclipse Adoptium/jdk-25.0.1.8-hotspot/bin:/mnt/c/Program Files (x86)/Common Files/Oracle/Java/java8path:/mnt/c/Program Files (x86)/Common Files/Oracle/Java/javapath:/mnt/c/Program Files/Microsoft MPI/Bin/:/mnt/c/Program Files (x86)/Common Files/Intel/Shared Libraries/redist/intel64/compiler:/mnt/c/windows/system32:/mnt/c/windows:/mnt/c/windows/System32/Wbem:/mnt/c/windows/System32/WindowsPowerShell/v1.0/:/mnt/c/windows/System32/OpenSSH/:/mnt/c/Program Files (x86)/NVIDIA Corporation/PhysX/Common:/mnt/c/Users/Administrator/AppData/Local/Microsoft/WindowsApps:/mnt/c/Program Files/HP/OMEN-Broadcast/Common:/mnt/c/Program Files/MATLAB/R2024b/runtime/win64:/mnt/c/Program Files/MATLAB/R2024b/bin:/mnt/c/Program Files/dotnet/:/mnt/c/Program Files/NVIDIA Corporation/NVIDIA app/NvDLISR:/mnt/c/WINDOWS/system32:/mnt/c/WINDOWS:/mnt/c/WINDOWS/System32/Wbem:/mnt/c/WINDOWS/System32/WindowsPowerShell/v1.0/:/mnt/c/WINDOWS/System32/OpenSSH/:/mnt/c/MinGW/bin:/mnt/c/ProgramData/chocolatey/bin:/mnt/c/Program Files/nodejs:/mnt/c/Program Files/MySQL/MySQL Server 8.0/bin:/mnt/c/Program Files/PuTTY/:/mnt/c/Users/krish/AppData/Local/Muse Hub/lib:/mnt/c/Program Files/Git/cmd:/mnt/c/Program Files/nodejs/:/mnt/c/Program Files (x86)/Windows Kits/10/Windows Performance Toolkit/:/mnt/c/Program Files/Cloudflare/Cloudflare WARP/:/mnt/c/Users/krish/AppData/Local/Programs/Python/Python311/Scripts/:/mnt/c/Users/krish/AppData/Local/Programs/Python/Python311/:/mnt/c/Users/krish/AppData/Local/Blackbox/bin:/mnt/c/Users/krish/AppData/Local/Programs/Python/Python312/Scripts/:/mnt/c/Users/krish/AppData/Local/Programs/Python/Python312/:/mnt/c/Program Files/MySQL/MySQL Shell 8.0/bin/:/mnt/c/Users/krish/AppData/Local/Microsoft/WindowsApps:/mnt/c/Users/krish/AppData/Local/Muse Hub/lib:/mnt/c/Users/krish/AppData/Local/Programs/Microsoft VS Code/bin:/mnt/c/Program Files/JetBrains/IntelliJ IDEA 2024.3.2.2/bin:/mnt/c/Program Files/JetBrains/IntelliJ IDEA Community Edition 2024.3.2.2/bin:/mnt/c/Users/krish/flutter/bin:/mnt/c/Users/krish/AppData/Roaming/npm:/mnt/d/Antigravity/bin:/snap/bin'), ('XDG_RUNTIME_DIR', '/run/user/1000/'), ('DISPLAY', ':0'), ('LANG', 'en_US.UTF-8'), ('AMENT_PREFIX_PATH', '/opt/ros/humble'), ('SHELL', '/bin/bash'), ('PWD', '/home/km/two_scara_ros2/build/two_scara_collaboration'), ('XDG_DATA_DIRS', '/usr/local/share:/usr/share:/var/lib/snapd/desktop'), ('PYTHONPATH', '/opt/ros/humble/lib/python3.10/site-packages:/opt/ros/humble/local/lib/python3.10/dist-packages'), ('COLCON', '1'), ('WSL2_GUI_APPS_ENABLED', '1'), ('HOSTTYPE', 'x86_64'), ('WSLENV', ''), ('CMAKE_PREFIX_PATH', '/opt/ros/humble')]), 'shell': False}
[1.083243] (two_scara_collaboration) StdoutLine: {'line': b'-- Install configuration: ""\n'}
[1.085335] (two_scara_collaboration) StdoutLine: {'line': b'-- Execute custom install script\n'}
[1.085725] (two_scara_collaboration) StdoutLine: {'line': b'-- Up-to-date symlink: /home/km/two_scara_ros2/install/two_scara_collaboration/share/two_scara_collaboration/environment/pythonpath.sh\n'}
[1.085990] (two_scara_collaboration) StdoutLine: {'line': b'-- Up-to-date symlink: /home/km/two_scara_ros2/install/two_scara_collaboration/share/two_scara_collaboration/environment/pythonpath.dsv\n'}
[1.087566] (two_scara_collaboration) StdoutLine: {'line': b'-- Up-to-date symlink: /home/km/two_scara_ros2/install/two_scara_collaboration/local/lib/python3.10/dist-packages/two_scara_collaboration-0.0.1-py3.10.egg-info/PKG-INFO\n'}
[1.087949] (two_scara_collaboration) StdoutLine: {'line': b'-- Up-to-date symlink: /home/km/two_scara_ros2/install/two_scara_collaboration/local/lib/python3.10/dist-packages/two_scara_collaboration-0.0.1-py3.10.egg-info/SOURCES.txt\n'}
[1.088410] (two_scara_collaboration) StdoutLine: {'line': b'-- Up-to-date symlink: /home/km/two_scara_ros2/install/two_scara_collaboration/local/lib/python3.10/dist-packages/two_scara_collaboration-0.0.1-py3.10.egg-info/dependency_links.txt\n'}
[1.088567] (two_scara_collaboration) StdoutLine: {'line': b'-- Up-to-date symlink: /home/km/two_scara_ros2/install/two_scara_collaboration/local/lib/python3.10/dist-packages/two_scara_collaboration-0.0.1-py3.10.egg-info/top_level.txt\n'}
[1.089237] (two_scara_collaboration) StdoutLine: {'line': b'-- Up-to-date symlink: /home/km/two_scara_ros2/install/two_scara_collaboration/local/lib/python3.10/dist-packages/two_scara_collaboration/__init__.py\n'}
[1.089479] (two_scara_collaboration) StdoutLine: {'line': b'-- Up-to-date symlink: /home/km/two_scara_ros2/install/two_scara_collaboration/local/lib/python3.10/dist-packages/two_scara_collaboration/automation_manager.py\n'}
[1.089764] (two_scara_collaboration) StdoutLine: {'line': b'-- Up-to-date symlink: /home/km/two_scara_ros2/install/two_scara_collaboration/local/lib/python3.10/dist-packages/two_scara_collaboration/block_publisher.py\n'}
[1.090123] (two_scara_collaboration) StdoutLine: {'line': b'-- Up-to-date symlink: /home/km/two_scara_ros2/install/two_scara_collaboration/local/lib/python3.10/dist-packages/two_scara_collaboration/block_spawner.py\n'}
[1.090398] (two_scara_collaboration) StdoutLine: {'line': b'-- Up-to-date symlink: /home/km/two_scara_ros2/install/two_scara_collaboration/local/lib/python3.10/dist-packages/two_scara_collaboration/collision_avoidance.py\n'}
[1.093723] (two_scara_collaboration) StdoutLine: {'line': b'-- Up-to-date symlink: /home/km/two_scara_ros2/install/two_scara_collaboration/local/lib/python3.10/dist-packages/two_scara_collaboration/conveyor_driver.py\n'}
[1.094183] (two_scara_collaboration) StdoutLine: {'line': b'-- Up-to-date symlink: /home/km/two_scara_ros2/install/two_scara_collaboration/local/lib/python3.10/dist-packages/two_scara_collaboration/gripper_action_server.py\n'}
[1.094334] (two_scara_collaboration) StdoutLine: {'line': b'-- Up-to-date symlink: /home/km/two_scara_ros2/install/two_scara_collaboration/local/lib/python3.10/dist-packages/two_scara_collaboration/kinematics.py\n'}
[1.094434] (two_scara_collaboration) StdoutLine: {'line': b'-- Up-to-date symlink: /home/km/two_scara_ros2/install/two_scara_collaboration/local/lib/python3.10/dist-packages/two_scara_collaboration/scara_left_motion_planner.py\n'}
[1.094532] (two_scara_collaboration) StdoutLine: {'line': b'-- Up-to-date symlink: /home/km/two_scara_ros2/install/two_scara_collaboration/local/lib/python3.10/dist-packages/two_scara_collaboration/scara_right_motion_planner.py\n'}
[1.094625] (two_scara_collaboration) StdoutLine: {'line': b'-- Up-to-date symlink: /home/km/two_scara_ros2/install/two_scara_collaboration/local/lib/python3.10/dist-packages/two_scara_collaboration/spawn_robots.py\n'}
[1.094729] (two_scara_collaboration) StdoutLine: {'line': b'-- Up-to-date symlink: /home/km/two_scara_ros2/install/two_scara_collaboration/lib/two_scara_collaboration/scara_left_motion_planner.py\n'}
[1.095094] (two_scara_collaboration) StdoutLine: {'line': b'-- Up-to-date symlink: /home/km/two_scara_ros2/install/two_scara_collaboration/lib/two_scara_collaboration/scara_right_motion_planner.py\n'}
[1.095236] (two_scara_collaboration) StdoutLine: {'line': b'-- Up-to-date symlink: /home/km/two_scara_ros2/install/two_scara_collaboration/lib/two_scara_collaboration/block_spawner.py\n'}
[1.095421] (two_scara_collaboration) StdoutLine: {'line': b'-- Up-to-date symlink: /home/km/two_scara_ros2/install/two_scara_collaboration/lib/two_scara_collaboration/block_publisher.py\n'}
[1.095529] (two_scara_collaboration) StdoutLine: {'line': b'-- Up-to-date symlink: /home/km/two_scara_ros2/install/two_scara_collaboration/lib/two_scara_collaboration/gripper_action_server.py\n'}
[1.095621] (two_scara_collaboration) StdoutLine: {'line': b'-- Up-to-date symlink: /home/km/two_scara_ros2/install/two_scara_collaboration/lib/two_scara_collaboration/spawn_robots.py\n'}
[1.095720] (two_scara_collaboration) StdoutLine: {'line': b'-- Up-to-date symlink: /home/km/two_scara_ros2/install/two_scara_collaboration/share/two_scara_collaboration/launch/gazebo.launch.py\n'}
[1.096886] (two_scara_collaboration) StdoutLine: {'line': b'-- Up-to-date symlink: /home/km/two_scara_ros2/install/two_scara_collaboration/share/two_scara_collaboration/launch/initialize.launch.py\n'}
[1.098840] (two_scara_collaboration) StdoutLine: {'line': b'-- Up-to-date symlink: /home/km/two_scara_ros2/install/two_scara_collaboration/share/two_scara_collaboration/urdf/conveyor_belt.urdf.xacro\n'}
[1.099659] (two_scara_collaboration) StdoutLine: {'line': b'-- Up-to-date symlink: /home/km/two_scara_ros2/install/two_scara_collaboration/share/two_scara_collaboration/urdf/cylinder_block.urdf.xacro\n'}
[1.100224] (two_scara_collaboration) StdoutLine: {'line': b'-- Up-to-date symlink: /home/km/two_scara_ros2/install/two_scara_collaboration/share/two_scara_collaboration/urdf/scara_left.urdf.xacro\n'}
[1.100793] (two_scara_collaboration) StdoutLine: {'line': b'-- Up-to-date symlink: /home/km/two_scara_ros2/install/two_scara_collaboration/share/two_scara_collaboration/urdf/scara_right.urdf.xacro\n'}
[1.101508] (two_scara_collaboration) StdoutLine: {'line': b'-- Up-to-date symlink: /home/km/two_scara_ros2/install/two_scara_collaboration/share/two_scara_collaboration/urdf/world.urdf.xacro\n'}
[1.102449] (two_scara_collaboration) StdoutLine: {'line': b'-- Up-to-date symlink: /home/km/two_scara_ros2/install/two_scara_collaboration/share/two_scara_collaboration/config/scara_left_controllers.yaml\n'}
[1.103861] (two_scara_collaboration) StdoutLine: {'line': b'-- Up-to-date symlink: /home/km/two_scara_ros2/install/two_scara_collaboration/share/two_scara_collaboration/config/scara_right_controllers.yaml\n'}
[1.104123] (two_scara_collaboration) StdoutLine: {'line': b'-- Up-to-date symlink: /home/km/two_scara_ros2/install/two_scara_collaboration/share/two_scara_collaboration/config/simulation_params.yaml\n'}
[1.104467] (two_scara_collaboration) StdoutLine: {'line': b'-- Up-to-date symlink: /home/km/two_scara_ros2/install/two_scara_collaboration/share/two_scara_collaboration/config/two_scara_controllers.yaml\n'}
[1.104787] (two_scara_collaboration) StdoutLine: {'line': b'-- Up-to-date symlink: /home/km/two_scara_ros2/install/two_scara_collaboration/share/two_scara_collaboration/rviz/scara_config.rviz\n'}
[1.105212] (two_scara_collaboration) StdoutLine: {'line': b'-- Up-to-date symlink: /home/km/two_scara_ros2/install/two_scara_collaboration/share/two_scara_collaboration/resource/two_scara_collaboration\n'}
[1.105537] (two_scara_collaboration) StdoutLine: {'line': b'-- Up-to-date symlink: /home/km/two_scara_ros2/install/two_scara_collaboration/share/two_scara_collaboration/package.xml\n'}
[1.105892] (two_scara_collaboration) StdoutLine: {'line': b'-- Up-to-date symlink: /home/km/two_scara_ros2/install/two_scara_collaboration/share/ament_index/resource_index/package_run_dependencies/two_scara_collaboration\n'}
[1.106187] (two_scara_collaboration) StdoutLine: {'line': b'-- Up-to-date symlink: /home/km/two_scara_ros2/install/two_scara_collaboration/share/ament_index/resource_index/parent_prefix_path/two_scara_collaboration\n'}
[1.106572] (two_scara_collaboration) StdoutLine: {'line': b'-- Up-to-date symlink: /home/km/two_scara_ros2/install/two_scara_collaboration/share/two_scara_collaboration/environment/ament_prefix_path.sh\n'}
[1.106861] (two_scara_collaboration) StdoutLine: {'line': b'-- Up-to-date symlink: /home/km/two_scara_ros2/install/two_scara_collaboration/share/two_scara_collaboration/environment/ament_prefix_path.dsv\n'}
[1.107165] (two_scara_collaboration) StdoutLine: {'line': b'-- Up-to-date symlink: /home/km/two_scara_ros2/install/two_scara_collaboration/share/two_scara_collaboration/environment/path.sh\n'}
[1.107518] (two_scara_collaboration) StdoutLine: {'line': b'-- Up-to-date symlink: /home/km/two_scara_ros2/install/two_scara_collaboration/share/two_scara_collaboration/environment/path.dsv\n'}
[1.107802] (two_scara_collaboration) StdoutLine: {'line': b'-- Up-to-date symlink: /home/km/two_scara_ros2/install/two_scara_collaboration/share/two_scara_collaboration/local_setup.bash\n'}
[1.108135] (two_scara_collaboration) StdoutLine: {'line': b'-- Up-to-date symlink: /home/km/two_scara_ros2/install/two_scara_collaboration/share/two_scara_collaboration/local_setup.sh\n'}
[1.108457] (two_scara_collaboration) StdoutLine: {'line': b'-- Up-to-date symlink: /home/km/two_scara_ros2/install/two_scara_collaboration/share/two_scara_collaboration/local_setup.zsh\n'}
[1.109570] (two_scara_collaboration) StdoutLine: {'line': b'-- Up-to-date symlink: /home/km/two_scara_ros2/install/two_scara_collaboration/share/two_scara_collaboration/local_setup.dsv\n'}
[1.109722] (two_scara_collaboration) StdoutLine: {'line': b'-- Symlinking: /home/km/two_scara_ros2/install/two_scara_collaboration/share/two_scara_collaboration/package.dsv\n'}
[1.126906] (two_scara_collaboration) StdoutLine: {'line': b'-- Up-to-date symlink: /home/km/two_scara_ros2/install/two_scara_collaboration/share/ament_index/resource_index/packages/two_scara_collaboration\n'}
[1.127509] (-) TimerEvent: {}
[1.127886] (two_scara_collaboration) StdoutLine: {'line': b'-- Up-to-date symlink: /home/km/two_scara_ros2/install/two_scara_collaboration/share/two_scara_collaboration/cmake/two_scara_collaborationConfig.cmake\n'}
[1.128074] (two_scara_collaboration) StdoutLine: {'line': b'-- Up-to-date symlink: /home/km/two_scara_ros2/install/two_scara_collaboration/share/two_scara_collaboration/cmake/two_scara_collaborationConfig-version.cmake\n'}
[1.128173] (two_scara_collaboration) StdoutLine: {'line': b'-- Up-to-date symlink: /home/km/two_scara_ros2/install/two_scara_collaboration/share/two_scara_collaboration/package.xml\n'}
[1.214409] (two_scara_collaboration) StdoutLine: {'line': b"Listing '/home/km/two_scara_ros2/install/two_scara_collaboration/local/lib/python3.10/dist-packages/two_scara_collaboration'...\n"}
[1.215444] (two_scara_collaboration) StdoutLine: {'line': b"Compiling '/home/km/two_scara_ros2/install/two_scara_collaboration/local/lib/python3.10/dist-packages/two_scara_collaboration/automation_manager.py'...\n"}
[1.227843] (-) TimerEvent: {}
[1.233077] (two_scara_collaboration) CommandEnded: {'returncode': 0}
[1.310179] (two_scara_collaboration) JobEnded: {'identifier': 'two_scara_collaboration', 'rc': 0}
[1.313802] (-) EventReactorShutdown: {}
