[0.601s] DEBUG:colcon:Command line arguments: ['/usr/bin/colcon', 'build', '--symlink-install']
[0.601s] DEBUG:colcon:Parsed command line arguments: Namespace(log_base=None, log_level=None, verb_name='build', build_base='build', install_base='install', merge_install=False, symlink_install=True, test_result_base=None, continue_on_error=False, executor='parallel', parallel_workers=16, event_handlers=None, ignore_user_meta=False, metas=['./colcon.meta'], base_paths=['.'], packages_ignore=None, packages_ignore_regex=None, paths=None, packages_up_to=None, packages_up_to_regex=None, packages_above=None, packages_above_and_dependencies=None, packages_above_depth=None, packages_select_by_dep=None, packages_skip_by_dep=None, packages_skip_up_to=None, packages_select_build_failed=False, packages_skip_build_finished=False, packages_select_test_failures=False, packages_skip_test_passed=False, packages_select=None, packages_skip=None, packages_select_regex=None, packages_skip_regex=None, packages_start=None, packages_end=None, allow_overriding=[], cmake_args=None, cmake_target=None, cmake_target_skip_unavailable=False, cmake_clean_cache=False, cmake_clean_first=False, cmake_force_configure=False, ament_cmake_args=None, catkin_cmake_args=None, catkin_skip_building_tests=False, verb_parser=<colcon_defaults.argument_parser.defaults.DefaultArgumentsDecorator object at 0x7ae016fab9a0>, verb_extension=<colcon_core.verb.build.BuildVerb object at 0x7ae0170d0e50>, main=<bound method BuildVerb.main of <colcon_core.verb.build.BuildVerb object at 0x7ae0170d0e50>>)
[0.948s] Level 1:colcon.colcon_core.package_discovery:discover_packages(colcon_meta) check parameters
[0.948s] Level 1:colcon.colcon_core.package_discovery:discover_packages(recursive) check parameters
[0.948s] Level 1:colcon.colcon_core.package_discovery:discover_packages(ignore) check parameters
[0.948s] Level 1:colcon.colcon_core.package_discovery:discover_packages(path) check parameters
[0.949s] Level 1:colcon.colcon_core.package_discovery:discover_packages(colcon_meta) discover
[0.949s] Level 1:colcon.colcon_core.package_discovery:discover_packages(recursive) discover
[0.949s] INFO:colcon.colcon_core.package_discovery:Crawling recursively for packages in '/home/km/two_scara_ros2'
[0.949s] Level 1:colcon.colcon_core.package_identification:_identify(.) by extensions ['ignore', 'ignore_ament_install']
[0.949s] Level 1:colcon.colcon_core.package_identification:_identify(.) by extension 'ignore'
[0.949s] Level 1:colcon.colcon_core.package_identification:_identify(.) by extension 'ignore_ament_install'
[0.949s] Level 1:colcon.colcon_core.package_identification:_identify(.) by extensions ['colcon_pkg']
[0.949s] Level 1:colcon.colcon_core.package_identification:_identify(.) by extension 'colcon_pkg'
[0.949s] Level 1:colcon.colcon_core.package_identification:_identify(.) by extensions ['colcon_meta']
[0.949s] Level 1:colcon.colcon_core.package_identification:_identify(.) by extension 'colcon_meta'
[0.949s] Level 1:colcon.colcon_core.package_identification:_identify(.) by extensions ['ros']
[0.949s] Level 1:colcon.colcon_core.package_identification:_identify(.) by extension 'ros'
[0.970s] Level 1:colcon.colcon_core.package_identification:_identify(.) by extensions ['cmake', 'python']
[0.970s] Level 1:colcon.colcon_core.package_identification:_identify(.) by extension 'cmake'
[0.970s] Level 1:colcon.colcon_core.package_identification:_identify(.) by extension 'python'
[0.971s] Level 1:colcon.colcon_core.package_identification:_identify(.) by extensions ['python_setup_py']
[0.971s] Level 1:colcon.colcon_core.package_identification:_identify(.) by extension 'python_setup_py'
[0.971s] Level 1:colcon.colcon_core.package_identification:_identify(build) by extensions ['ignore', 'ignore_ament_install']
[0.971s] Level 1:colcon.colcon_core.package_identification:_identify(build) by extension 'ignore'
[0.971s] Level 1:colcon.colcon_core.package_identification:_identify(build) ignored
[0.971s] Level 1:colcon.colcon_core.package_identification:_identify(install) by extensions ['ignore', 'ignore_ament_install']
[0.972s] Level 1:colcon.colcon_core.package_identification:_identify(install) by extension 'ignore'
[0.972s] Level 1:colcon.colcon_core.package_identification:_identify(install) ignored
[0.972s] Level 1:colcon.colcon_core.package_identification:_identify(log) by extensions ['ignore', 'ignore_ament_install']
[0.973s] Level 1:colcon.colcon_core.package_identification:_identify(log) by extension 'ignore'
[0.973s] Level 1:colcon.colcon_core.package_identification:_identify(log) ignored
[0.973s] Level 1:colcon.colcon_core.package_identification:_identify(presentation_web) by extensions ['ignore', 'ignore_ament_install']
[0.973s] Level 1:colcon.colcon_core.package_identification:_identify(presentation_web) by extension 'ignore'
[0.973s] Level 1:colcon.colcon_core.package_identification:_identify(presentation_web) by extension 'ignore_ament_install'
[0.973s] Level 1:colcon.colcon_core.package_identification:_identify(presentation_web) by extensions ['colcon_pkg']
[0.973s] Level 1:colcon.colcon_core.package_identification:_identify(presentation_web) by extension 'colcon_pkg'
[0.973s] Level 1:colcon.colcon_core.package_identification:_identify(presentation_web) by extensions ['colcon_meta']
[0.973s] Level 1:colcon.colcon_core.package_identification:_identify(presentation_web) by extension 'colcon_meta'
[0.973s] Level 1:colcon.colcon_core.package_identification:_identify(presentation_web) by extensions ['ros']
[0.973s] Level 1:colcon.colcon_core.package_identification:_identify(presentation_web) by extension 'ros'
[0.973s] Level 1:colcon.colcon_core.package_identification:_identify(presentation_web) by extensions ['cmake', 'python']
[0.973s] Level 1:colcon.colcon_core.package_identification:_identify(presentation_web) by extension 'cmake'
[0.973s] Level 1:colcon.colcon_core.package_identification:_identify(presentation_web) by extension 'python'
[0.973s] Level 1:colcon.colcon_core.package_identification:_identify(presentation_web) by extensions ['python_setup_py']
[0.974s] Level 1:colcon.colcon_core.package_identification:_identify(presentation_web) by extension 'python_setup_py'
[0.974s] Level 1:colcon.colcon_core.package_identification:_identify(project_assets) by extensions ['ignore', 'ignore_ament_install']
[0.974s] Level 1:colcon.colcon_core.package_identification:_identify(project_assets) by extension 'ignore'
[0.974s] Level 1:colcon.colcon_core.package_identification:_identify(project_assets) by extension 'ignore_ament_install'
[0.975s] Level 1:colcon.colcon_core.package_identification:_identify(project_assets) by extensions ['colcon_pkg']
[0.975s] Level 1:colcon.colcon_core.package_identification:_identify(project_assets) by extension 'colcon_pkg'
[0.975s] Level 1:colcon.colcon_core.package_identification:_identify(project_assets) by extensions ['colcon_meta']
[0.975s] Level 1:colcon.colcon_core.package_identification:_identify(project_assets) by extension 'colcon_meta'
[0.975s] Level 1:colcon.colcon_core.package_identification:_identify(project_assets) by extensions ['ros']
[0.975s] Level 1:colcon.colcon_core.package_identification:_identify(project_assets) by extension 'ros'
[0.975s] Level 1:colcon.colcon_core.package_identification:_identify(project_assets) by extensions ['cmake', 'python']
[0.975s] Level 1:colcon.colcon_core.package_identification:_identify(project_assets) by extension 'cmake'
[0.976s] Level 1:colcon.colcon_core.package_identification:_identify(project_assets) by extension 'python'
[0.976s] Level 1:colcon.colcon_core.package_identification:_identify(project_assets) by extensions ['python_setup_py']
[0.976s] Level 1:colcon.colcon_core.package_identification:_identify(project_assets) by extension 'python_setup_py'
[0.976s] Level 1:colcon.colcon_core.package_identification:_identify(project_assets/data_and_logs) by extensions ['ignore', 'ignore_ament_install']
[0.976s] Level 1:colcon.colcon_core.package_identification:_identify(project_assets/data_and_logs) by extension 'ignore'
[0.976s] Level 1:colcon.colcon_core.package_identification:_identify(project_assets/data_and_logs) by extension 'ignore_ament_install'
[0.976s] Level 1:colcon.colcon_core.package_identification:_identify(project_assets/data_and_logs) by extensions ['colcon_pkg']
[0.977s] Level 1:colcon.colcon_core.package_identification:_identify(project_assets/data_and_logs) by extension 'colcon_pkg'
[0.977s] Level 1:colcon.colcon_core.package_identification:_identify(project_assets/data_and_logs) by extensions ['colcon_meta']
[0.977s] Level 1:colcon.colcon_core.package_identification:_identify(project_assets/data_and_logs) by extension 'colcon_meta'
[0.977s] Level 1:colcon.colcon_core.package_identification:_identify(project_assets/data_and_logs) by extensions ['ros']
[0.977s] Level 1:colcon.colcon_core.package_identification:_identify(project_assets/data_and_logs) by extension 'ros'
[0.977s] Level 1:colcon.colcon_core.package_identification:_identify(project_assets/data_and_logs) by extensions ['cmake', 'python']
[0.977s] Level 1:colcon.colcon_core.package_identification:_identify(project_assets/data_and_logs) by extension 'cmake'
[0.977s] Level 1:colcon.colcon_core.package_identification:_identify(project_assets/data_and_logs) by extension 'python'
[0.977s] Level 1:colcon.colcon_core.package_identification:_identify(project_assets/data_and_logs) by extensions ['python_setup_py']
[0.977s] Level 1:colcon.colcon_core.package_identification:_identify(project_assets/data_and_logs) by extension 'python_setup_py'
[0.978s] Level 1:colcon.colcon_core.package_identification:_identify(project_assets/documents) by extensions ['ignore', 'ignore_ament_install']
[0.978s] Level 1:colcon.colcon_core.package_identification:_identify(project_assets/documents) by extension 'ignore'
[0.978s] Level 1:colcon.colcon_core.package_identification:_identify(project_assets/documents) by extension 'ignore_ament_install'
[0.978s] Level 1:colcon.colcon_core.package_identification:_identify(project_assets/documents) by extensions ['colcon_pkg']
[0.978s] Level 1:colcon.colcon_core.package_identification:_identify(project_assets/documents) by extension 'colcon_pkg'
[0.978s] Level 1:colcon.colcon_core.package_identification:_identify(project_assets/documents) by extensions ['colcon_meta']
[0.979s] Level 1:colcon.colcon_core.package_identification:_identify(project_assets/documents) by extension 'colcon_meta'
[0.979s] Level 1:colcon.colcon_core.package_identification:_identify(project_assets/documents) by extensions ['ros']
[0.979s] Level 1:colcon.colcon_core.package_identification:_identify(project_assets/documents) by extension 'ros'
[0.979s] Level 1:colcon.colcon_core.package_identification:_identify(project_assets/documents) by extensions ['cmake', 'python']
[0.979s] Level 1:colcon.colcon_core.package_identification:_identify(project_assets/documents) by extension 'cmake'
[0.979s] Level 1:colcon.colcon_core.package_identification:_identify(project_assets/documents) by extension 'python'
[0.979s] Level 1:colcon.colcon_core.package_identification:_identify(project_assets/documents) by extensions ['python_setup_py']
[0.979s] Level 1:colcon.colcon_core.package_identification:_identify(project_assets/documents) by extension 'python_setup_py'
[0.980s] Level 1:colcon.colcon_core.package_identification:_identify(project_assets/presentations) by extensions ['ignore', 'ignore_ament_install']
[0.980s] Level 1:colcon.colcon_core.package_identification:_identify(project_assets/presentations) by extension 'ignore'
[0.980s] Level 1:colcon.colcon_core.package_identification:_identify(project_assets/presentations) by extension 'ignore_ament_install'
[0.980s] Level 1:colcon.colcon_core.package_identification:_identify(project_assets/presentations) by extensions ['colcon_pkg']
[0.980s] Level 1:colcon.colcon_core.package_identification:_identify(project_assets/presentations) by extension 'colcon_pkg'
[0.980s] Level 1:colcon.colcon_core.package_identification:_identify(project_assets/presentations) by extensions ['colcon_meta']
[0.980s] Level 1:colcon.colcon_core.package_identification:_identify(project_assets/presentations) by extension 'colcon_meta'
[0.980s] Level 1:colcon.colcon_core.package_identification:_identify(project_assets/presentations) by extensions ['ros']
[0.980s] Level 1:colcon.colcon_core.package_identification:_identify(project_assets/presentations) by extension 'ros'
[0.981s] Level 1:colcon.colcon_core.package_identification:_identify(project_assets/presentations) by extensions ['cmake', 'python']
[0.981s] Level 1:colcon.colcon_core.package_identification:_identify(project_assets/presentations) by extension 'cmake'
[0.981s] Level 1:colcon.colcon_core.package_identification:_identify(project_assets/presentations) by extension 'python'
[0.981s] Level 1:colcon.colcon_core.package_identification:_identify(project_assets/presentations) by extensions ['python_setup_py']
[0.981s] Level 1:colcon.colcon_core.package_identification:_identify(project_assets/presentations) by extension 'python_setup_py'
[0.981s] Level 1:colcon.colcon_core.package_identification:_identify(project_assets/scripts) by extensions ['ignore', 'ignore_ament_install']
[0.982s] Level 1:colcon.colcon_core.package_identification:_identify(project_assets/scripts) by extension 'ignore'
[0.982s] Level 1:colcon.colcon_core.package_identification:_identify(project_assets/scripts) by extension 'ignore_ament_install'
[0.982s] Level 1:colcon.colcon_core.package_identification:_identify(project_assets/scripts) by extensions ['colcon_pkg']
[0.982s] Level 1:colcon.colcon_core.package_identification:_identify(project_assets/scripts) by extension 'colcon_pkg'
[0.982s] Level 1:colcon.colcon_core.package_identification:_identify(project_assets/scripts) by extensions ['colcon_meta']
[0.982s] Level 1:colcon.colcon_core.package_identification:_identify(project_assets/scripts) by extension 'colcon_meta'
[0.982s] Level 1:colcon.colcon_core.package_identification:_identify(project_assets/scripts) by extensions ['ros']
[0.982s] Level 1:colcon.colcon_core.package_identification:_identify(project_assets/scripts) by extension 'ros'
[0.983s] Level 1:colcon.colcon_core.package_identification:_identify(project_assets/scripts) by extensions ['cmake', 'python']
[0.983s] Level 1:colcon.colcon_core.package_identification:_identify(project_assets/scripts) by extension 'cmake'
[0.983s] Level 1:colcon.colcon_core.package_identification:_identify(project_assets/scripts) by extension 'python'
[0.983s] Level 1:colcon.colcon_core.package_identification:_identify(project_assets/scripts) by extensions ['python_setup_py']
[0.983s] Level 1:colcon.colcon_core.package_identification:_identify(project_assets/scripts) by extension 'python_setup_py'
[0.983s] Level 1:colcon.colcon_core.package_identification:_identify(src) by extensions ['ignore', 'ignore_ament_install']
[0.983s] Level 1:colcon.colcon_core.package_identification:_identify(src) by extension 'ignore'
[0.983s] Level 1:colcon.colcon_core.package_identification:_identify(src) by extension 'ignore_ament_install'
[0.983s] Level 1:colcon.colcon_core.package_identification:_identify(src) by extensions ['colcon_pkg']
[0.983s] Level 1:colcon.colcon_core.package_identification:_identify(src) by extension 'colcon_pkg'
[0.983s] Level 1:colcon.colcon_core.package_identification:_identify(src) by extensions ['colcon_meta']
[0.984s] Level 1:colcon.colcon_core.package_identification:_identify(src) by extension 'colcon_meta'
[0.984s] Level 1:colcon.colcon_core.package_identification:_identify(src) by extensions ['ros']
[0.984s] Level 1:colcon.colcon_core.package_identification:_identify(src) by extension 'ros'
[0.984s] Level 1:colcon.colcon_core.package_identification:_identify(src) by extensions ['cmake', 'python']
[0.984s] Level 1:colcon.colcon_core.package_identification:_identify(src) by extension 'cmake'
[0.984s] Level 1:colcon.colcon_core.package_identification:_identify(src) by extension 'python'
[0.984s] Level 1:colcon.colcon_core.package_identification:_identify(src) by extensions ['python_setup_py']
[0.984s] Level 1:colcon.colcon_core.package_identification:_identify(src) by extension 'python_setup_py'
[0.984s] Level 1:colcon.colcon_core.package_identification:_identify(src/two_scara_collaboration) by extensions ['ignore', 'ignore_ament_install']
[0.984s] Level 1:colcon.colcon_core.package_identification:_identify(src/two_scara_collaboration) by extension 'ignore'
[0.984s] Level 1:colcon.colcon_core.package_identification:_identify(src/two_scara_collaboration) by extension 'ignore_ament_install'
[0.984s] Level 1:colcon.colcon_core.package_identification:_identify(src/two_scara_collaboration) by extensions ['colcon_pkg']
[0.984s] Level 1:colcon.colcon_core.package_identification:_identify(src/two_scara_collaboration) by extension 'colcon_pkg'
[0.984s] Level 1:colcon.colcon_core.package_identification:_identify(src/two_scara_collaboration) by extensions ['colcon_meta']
[0.984s] Level 1:colcon.colcon_core.package_identification:_identify(src/two_scara_collaboration) by extension 'colcon_meta'
[0.985s] Level 1:colcon.colcon_core.package_identification:_identify(src/two_scara_collaboration) by extensions ['ros']
[0.985s] Level 1:colcon.colcon_core.package_identification:_identify(src/two_scara_collaboration) by extension 'ros'
[0.992s] DEBUG:colcon.colcon_core.package_identification:Package 'src/two_scara_collaboration' with type 'ros.ament_cmake' and name 'two_scara_collaboration'
[0.992s] Level 1:colcon.colcon_core.package_discovery:discover_packages(recursive) using defaults
[0.992s] Level 1:colcon.colcon_core.package_discovery:discover_packages(ignore) discover
[0.992s] Level 1:colcon.colcon_core.package_discovery:discover_packages(ignore) using defaults
[0.992s] Level 1:colcon.colcon_core.package_discovery:discover_packages(path) discover
[0.992s] Level 1:colcon.colcon_core.package_discovery:discover_packages(path) using defaults
[1.048s] Level 1:colcon.colcon_core.package_discovery:discover_packages(prefix_path) check parameters
[1.048s] Level 1:colcon.colcon_core.package_discovery:discover_packages(prefix_path) discover
[1.051s] DEBUG:colcon.colcon_installed_package_information.package_discovery:Found 1 installed packages in /home/km/two_scara_ros2/install
[1.055s] DEBUG:colcon.colcon_installed_package_information.package_discovery:Found 519 installed packages in /opt/ros/humble
[1.059s] Level 1:colcon.colcon_core.package_discovery:discover_packages(prefix_path) using defaults
[1.173s] Level 5:colcon.colcon_core.verb:set package 'two_scara_collaboration' build argument 'cmake_args' from command line to 'None'
[1.173s] Level 5:colcon.colcon_core.verb:set package 'two_scara_collaboration' build argument 'cmake_target' from command line to 'None'
[1.173s] Level 5:colcon.colcon_core.verb:set package 'two_scara_collaboration' build argument 'cmake_target_skip_unavailable' from command line to 'False'
[1.173s] Level 5:colcon.colcon_core.verb:set package 'two_scara_collaboration' build argument 'cmake_clean_cache' from command line to 'False'
[1.173s] Level 5:colcon.colcon_core.verb:set package 'two_scara_collaboration' build argument 'cmake_clean_first' from command line to 'False'
[1.173s] Level 5:colcon.colcon_core.verb:set package 'two_scara_collaboration' build argument 'cmake_force_configure' from command line to 'False'
[1.173s] Level 5:colcon.colcon_core.verb:set package 'two_scara_collaboration' build argument 'ament_cmake_args' from command line to 'None'
[1.173s] Level 5:colcon.colcon_core.verb:set package 'two_scara_collaboration' build argument 'catkin_cmake_args' from command line to 'None'
[1.173s] Level 5:colcon.colcon_core.verb:set package 'two_scara_collaboration' build argument 'catkin_skip_building_tests' from command line to 'False'
[1.173s] DEBUG:colcon.colcon_core.verb:Building package 'two_scara_collaboration' with the following arguments: {'ament_cmake_args': None, 'build_base': '/home/km/two_scara_ros2/build/two_scara_collaboration', 'catkin_cmake_args': None, 'catkin_skip_building_tests': False, 'cmake_args': None, 'cmake_clean_cache': False, 'cmake_clean_first': False, 'cmake_force_configure': False, 'cmake_target': None, 'cmake_target_skip_unavailable': False, 'install_base': '/home/km/two_scara_ros2/install/two_scara_collaboration', 'merge_install': False, 'path': '/home/km/two_scara_ros2/src/two_scara_collaboration', 'symlink_install': True, 'test_result_base': None}
[1.174s] INFO:colcon.colcon_core.executor:Executing jobs using 'parallel' executor
[1.175s] DEBUG:colcon.colcon_parallel_executor.executor.parallel:run_until_complete
[1.176s] INFO:colcon.colcon_ros.task.ament_cmake.build:Building ROS package in '/home/km/two_scara_ros2/src/two_scara_collaboration' with build type 'ament_cmake'
[1.176s] INFO:colcon.colcon_cmake.task.cmake.build:Building CMake package in '/home/km/two_scara_ros2/src/two_scara_collaboration'
[1.179s] INFO:colcon.colcon_core.plugin_system:Skipping extension 'colcon_core.shell.bat': Not used on non-Windows systems
[1.180s] INFO:colcon.colcon_core.shell:Skip shell extension 'powershell' for command environment: Not usable outside of PowerShell
[1.180s] DEBUG:colcon.colcon_core.shell:Skip shell extension 'dsv' for command environment
[1.205s] DEBUG:colcon.colcon_core.event_handler.log_command:Invoking command in '/home/km/two_scara_ros2/build/two_scara_collaboration': CMAKE_PREFIX_PATH=${CMAKE_PREFIX_PATH}:/opt/ros/humble /usr/bin/cmake --build /home/km/two_scara_ros2/build/two_scara_collaboration -- -j16 -l16
[1.845s] DEBUG:colcon.colcon_core.event_handler.log_command:Invoked command in '/home/km/two_scara_ros2/build/two_scara_collaboration' returned '0': CMAKE_PREFIX_PATH=${CMAKE_PREFIX_PATH}:/opt/ros/humble /usr/bin/cmake --build /home/km/two_scara_ros2/build/two_scara_collaboration -- -j16 -l16
[1.863s] DEBUG:colcon.colcon_core.event_handler.log_command:Invoking command in '/home/km/two_scara_ros2/build/two_scara_collaboration': CMAKE_PREFIX_PATH=${CMAKE_PREFIX_PATH}:/opt/ros/humble /usr/bin/cmake --install /home/km/two_scara_ros2/build/two_scara_collaboration
[1.979s] Level 1:colcon.colcon_core.environment:create_environment_scripts_only(two_scara_collaboration)
[1.980s] DEBUG:colcon.colcon_core.event_handler.log_command:Invoked command in '/home/km/two_scara_ros2/build/two_scara_collaboration' returned '0': CMAKE_PREFIX_PATH=${CMAKE_PREFIX_PATH}:/opt/ros/humble /usr/bin/cmake --install /home/km/two_scara_ros2/build/two_scara_collaboration
[1.984s] Level 1:colcon.colcon_core.environment:checking '/home/km/two_scara_ros2/install/two_scara_collaboration' for CMake module files
[1.985s] Level 1:colcon.colcon_core.environment:checking '/home/km/two_scara_ros2/install/two_scara_collaboration' for CMake config files
[1.986s] Level 1:colcon.colcon_core.shell:create_environment_hook('two_scara_collaboration', 'cmake_prefix_path')
[1.986s] INFO:colcon.colcon_core.shell:Creating environment hook '/home/km/two_scara_ros2/install/two_scara_collaboration/share/two_scara_collaboration/hook/cmake_prefix_path.ps1'
[1.987s] INFO:colcon.colcon_core.shell:Creating environment descriptor '/home/km/two_scara_ros2/install/two_scara_collaboration/share/two_scara_collaboration/hook/cmake_prefix_path.dsv'
[1.992s] INFO:colcon.colcon_core.shell:Creating environment hook '/home/km/two_scara_ros2/install/two_scara_collaboration/share/two_scara_collaboration/hook/cmake_prefix_path.sh'
[1.994s] Level 1:colcon.colcon_core.environment:checking '/home/km/two_scara_ros2/install/two_scara_collaboration/lib'
[1.994s] Level 1:colcon.colcon_core.environment:checking '/home/km/two_scara_ros2/install/two_scara_collaboration/bin'
[1.995s] Level 1:colcon.colcon_core.environment:checking '/home/km/two_scara_ros2/install/two_scara_collaboration/lib/pkgconfig/two_scara_collaboration.pc'
[1.995s] Level 1:colcon.colcon_core.environment:checking '/home/km/two_scara_ros2/install/two_scara_collaboration/lib/python3.10/site-packages'
[1.995s] Level 1:colcon.colcon_core.environment:checking '/home/km/two_scara_ros2/install/two_scara_collaboration/bin'
[1.996s] INFO:colcon.colcon_core.shell:Creating package script '/home/km/two_scara_ros2/install/two_scara_collaboration/share/two_scara_collaboration/package.ps1'
[1.997s] INFO:colcon.colcon_core.shell:Creating package descriptor '/home/km/two_scara_ros2/install/two_scara_collaboration/share/two_scara_collaboration/package.dsv'
[1.997s] INFO:colcon.colcon_core.shell:Creating package script '/home/km/two_scara_ros2/install/two_scara_collaboration/share/two_scara_collaboration/package.sh'
[1.999s] INFO:colcon.colcon_core.shell:Creating package script '/home/km/two_scara_ros2/install/two_scara_collaboration/share/two_scara_collaboration/package.bash'
[2.000s] INFO:colcon.colcon_core.shell:Creating package script '/home/km/two_scara_ros2/install/two_scara_collaboration/share/two_scara_collaboration/package.zsh'
[2.001s] Level 1:colcon.colcon_core.environment:create_file_with_runtime_dependencies(/home/km/two_scara_ros2/install/two_scara_collaboration/share/colcon-core/packages/two_scara_collaboration)
[2.002s] Level 1:colcon.colcon_core.environment:create_environment_scripts_only(two_scara_collaboration)
[2.002s] Level 1:colcon.colcon_core.environment:checking '/home/km/two_scara_ros2/install/two_scara_collaboration' for CMake module files
[2.003s] Level 1:colcon.colcon_core.environment:checking '/home/km/two_scara_ros2/install/two_scara_collaboration' for CMake config files
[2.004s] Level 1:colcon.colcon_core.shell:create_environment_hook('two_scara_collaboration', 'cmake_prefix_path')
[2.004s] INFO:colcon.colcon_core.shell:Creating environment hook '/home/km/two_scara_ros2/install/two_scara_collaboration/share/two_scara_collaboration/hook/cmake_prefix_path.ps1'
[2.010s] INFO:colcon.colcon_core.shell:Creating environment descriptor '/home/km/two_scara_ros2/install/two_scara_collaboration/share/two_scara_collaboration/hook/cmake_prefix_path.dsv'
[2.011s] INFO:colcon.colcon_core.shell:Creating environment hook '/home/km/two_scara_ros2/install/two_scara_collaboration/share/two_scara_collaboration/hook/cmake_prefix_path.sh'
[2.012s] Level 1:colcon.colcon_core.environment:checking '/home/km/two_scara_ros2/install/two_scara_collaboration/lib'
[2.012s] Level 1:colcon.colcon_core.environment:checking '/home/km/two_scara_ros2/install/two_scara_collaboration/bin'
[2.012s] Level 1:colcon.colcon_core.environment:checking '/home/km/two_scara_ros2/install/two_scara_collaboration/lib/pkgconfig/two_scara_collaboration.pc'
[2.013s] Level 1:colcon.colcon_core.environment:checking '/home/km/two_scara_ros2/install/two_scara_collaboration/lib/python3.10/site-packages'
[2.013s] Level 1:colcon.colcon_core.environment:checking '/home/km/two_scara_ros2/install/two_scara_collaboration/bin'
[2.014s] INFO:colcon.colcon_core.shell:Creating package script '/home/km/two_scara_ros2/install/two_scara_collaboration/share/two_scara_collaboration/package.ps1'
[2.015s] INFO:colcon.colcon_core.shell:Creating package descriptor '/home/km/two_scara_ros2/install/two_scara_collaboration/share/two_scara_collaboration/package.dsv'
[2.015s] INFO:colcon.colcon_core.shell:Creating package script '/home/km/two_scara_ros2/install/two_scara_collaboration/share/two_scara_collaboration/package.sh'
[2.016s] INFO:colcon.colcon_core.shell:Creating package script '/home/km/two_scara_ros2/install/two_scara_collaboration/share/two_scara_collaboration/package.bash'
[2.017s] INFO:colcon.colcon_core.shell:Creating package script '/home/km/two_scara_ros2/install/two_scara_collaboration/share/two_scara_collaboration/package.zsh'
[2.018s] Level 1:colcon.colcon_core.environment:create_file_with_runtime_dependencies(/home/km/two_scara_ros2/install/two_scara_collaboration/share/colcon-core/packages/two_scara_collaboration)
[2.018s] DEBUG:colcon.colcon_parallel_executor.executor.parallel:closing loop
[2.019s] DEBUG:colcon.colcon_parallel_executor.executor.parallel:loop closed
[2.019s] DEBUG:colcon.colcon_parallel_executor.executor.parallel:run_until_complete finished with '0'
[2.019s] DEBUG:colcon.colcon_core.event_reactor:joining thread
[2.179s] INFO:colcon.colcon_core.plugin_system:Skipping extension 'colcon_notification.desktop_notification.notify_send': Could not find 'notify-send'
[2.179s] INFO:colcon.colcon_core.plugin_system:Skipping extension 'colcon_notification.desktop_notification.terminal_notifier': Not used on non-Darwin systems
[2.180s] INFO:colcon.colcon_core.plugin_system:Skipping extension 'colcon_notification.desktop_notification.win32': Not used on non-Windows systems
[2.180s] INFO:colcon.colcon_notification.desktop_notification:Sending desktop notification using 'notify2'
[2.180s] DEBUG:colcon.colcon_notification.desktop_notification.notify2:Failed to initialize notify2: org.freedesktop.DBus.Error.FileNotFound: Failed to connect to socket /run/user/1000/bus: No such file or directory
[2.180s] DEBUG:colcon.colcon_core.event_reactor:joined thread
[2.180s] INFO:colcon.colcon_core.shell:Creating prefix script '/home/km/two_scara_ros2/install/local_setup.ps1'
[2.182s] INFO:colcon.colcon_core.shell:Creating prefix util module '/home/km/two_scara_ros2/install/_local_setup_util_ps1.py'
[2.184s] INFO:colcon.colcon_core.shell:Creating prefix chain script '/home/km/two_scara_ros2/install/setup.ps1'
[2.185s] INFO:colcon.colcon_core.shell:Creating prefix script '/home/km/two_scara_ros2/install/local_setup.sh'
[2.186s] INFO:colcon.colcon_core.shell:Creating prefix util module '/home/km/two_scara_ros2/install/_local_setup_util_sh.py'
[2.187s] INFO:colcon.colcon_core.shell:Creating prefix chain script '/home/km/two_scara_ros2/install/setup.sh'
[2.188s] INFO:colcon.colcon_core.shell:Creating prefix script '/home/km/two_scara_ros2/install/local_setup.bash'
[2.189s] INFO:colcon.colcon_core.shell:Creating prefix chain script '/home/km/two_scara_ros2/install/setup.bash'
[2.191s] INFO:colcon.colcon_core.shell:Creating prefix script '/home/km/two_scara_ros2/install/local_setup.zsh'
[2.191s] INFO:colcon.colcon_core.shell:Creating prefix chain script '/home/km/two_scara_ros2/install/setup.zsh'
