[0.000000] (-) TimerEvent: {}
[0.001796] (two_scara_collaboration) JobQueued: {'identifier': 'two_scara_collaboration', 'dependencies': OrderedDict()}
[0.001889] (two_scara_collaboration) JobStarted: {'identifier': 'two_scara_collaboration'}
[0.008924] (two_scara_collaboration) JobProgress: {'identifier': 'two_scara_collaboration', 'progress': 'cmake'}
[0.010828] (two_scara_collaboration) Command: {'cmd': ['/usr/bin/cmake', '/home/km/two_scara_ros2/src/two_scara_collaboration', '-DAMENT_CMAKE_SYMLINK_INSTALL=1', '-DCMAKE_INSTALL_PREFIX=/home/km/two_scara_ros2/install/two_scara_collaboration'], 'cwd': '/home/km/two_scara_ros2/build/two_scara_collaboration', 'env': OrderedDict([('USER', 'km'), ('SHLVL', '1'), ('HOME', '/home/km'), ('DBUS_SESSION_BUS_ADDRESS', 'unix:path=/run/user/1000/bus'), ('WSL_DISTRO_NAME', 'Ubuntu-22.04'), ('WAYLAND_DISPLAY', 'wayland-0'), ('LOGNAME', 'km'), ('NAME', 'KRISHNA'), ('WSL_INTEROP', '/run/WSL/19863_interop'), ('PULSE_SERVER', 'unix:/mnt/wslg/PulseServer'), ('_', '/usr/bin/colcon'), ('TERM', 'xterm-256color'), ('PATH', '/usr/local/sbin:/usr/local/bin:/usr/sbin:/usr/bin:/sbin:/bin:/usr/games:/usr/local/games:/usr/lib/wsl/lib:/mnt/c/Program Files (x86)/Common Files/Oracle/Java/java8path:/mnt/c/Program Files (x86)/Common Files/Oracle/Java/javapath:/mnt/c/Program Files/Microsoft MPI/Bin/:/mnt/c/Program Files (x86)/Common Files/Intel/Shared Libraries/redist/intel64/compiler:/mnt/c/windows/system32:/mnt/c/windows:/mnt/c/windows/System32/Wbem:/mnt/c/windows/System32/WindowsPowerShell/v1.0/:/mnt/c/windows/System32/OpenSSH/:/mnt/c/Program Files (x86)/NVIDIA Corporation/PhysX/Common:/mnt/c/Users/Administrator/AppData/Local/Microsoft/WindowsApps:/mnt/c/Program Files/HP/OMEN-Broadcast/Common:/mnt/c/Program Files/MATLAB/R2024b/runtime/win64:/mnt/c/Program Files/MATLAB/R2024b/bin:/mnt/c/Program Files/dotnet/:/mnt/c/Program Files/NVIDIA Corporation/NVIDIA app/NvDLISR:/mnt/c/WINDOWS/system32:/mnt/c/WINDOWS:/mnt/c/WINDOWS/System32/Wbem:/mnt/c/WINDOWS/System32/WindowsPowerShell/v1.0/:/mnt/c/WINDOWS/System32/OpenSSH/:/mnt/c/MinGW/bin:/mnt/c/ProgramData/chocolatey/bin:/mnt/c/Program Files/nodejs:/mnt/c/Program Files/MySQL/MySQL Server 8.0/bin:/mnt/c/Program Files/PuTTY/:/mnt/c/Users/krish/AppData/Local/Muse Hub/lib:/mnt/c/Program Files/Git/cmd:/mnt/c/Program Files/nodejs/:/mnt/c/Program Files (x86)/Windows Kits/10/Windows Performance Toolkit/:/mnt/c/Program Files/Cloudflare/Cloudflare WARP/:/mnt/c/Users/krish/AppData/Local/Programs/Python/Python311/Scripts/:/mnt/c/Users/krish/AppData/Local/Programs/Python/Python311/:/mnt/c/Users/krish/AppData/Local/Blackbox/bin:/mnt/c/Users/krish/AppData/Local/Programs/Python/Python312/Scripts/:/mnt/c/Users/krish/AppData/Local/Programs/Python/Python312/:/mnt/c/Program Files/MySQL/MySQL Shell 8.0/bin/:/mnt/c/Users/krish/AppData/Local/Microsoft/WindowsApps:/mnt/c/Users/krish/AppData/Local/Muse Hub/lib:/mnt/c/Users/krish/AppData/Local/Programs/Microsoft VS Code/bin:/mnt/c/Program Files/JetBrains/IntelliJ IDEA 2024.3.2.2/bin:/mnt/c/Program Files/JetBrains/IntelliJ IDEA Community Edition 2024.3.2.2/bin:/mnt/c/Users/krish/flutter/bin:/mnt/c/Users/krish/AppData/Roaming/npm:/mnt/d/Antigravity/bin'), ('XDG_RUNTIME_DIR', '/run/user/1000/'), ('DISPLAY', ':0'), ('LANG', 'en_US.UTF-8'), ('SHELL', '/bin/bash'), ('PWD', '/home/km/two_scara_ros2/build/two_scara_collaboration'), ('COLCON', '1'), ('WSL2_GUI_APPS_ENABLED', '1'), ('HOSTTYPE', 'x86_64'), ('WSLENV', 'ELECTRON_RUN_AS_NODE/w:')]), 'shell': False}
[0.099828] (-) TimerEvent: {}
[0.200538] (-) TimerEvent: {}
[0.301112] (-) TimerEvent: {}
[0.401987] (-) TimerEvent: {}
[0.403526] (two_scara_collaboration) StdoutLine: {'line': b'-- The C compiler identification is GNU 11.4.0\n'}
[0.502431] (-) TimerEvent: {}
[0.602946] (-) TimerEvent: {}
[0.703768] (-) TimerEvent: {}
[0.804410] (-) TimerEvent: {}
[0.905323] (-) TimerEvent: {}
[1.006123] (-) TimerEvent: {}
[1.106732] (-) TimerEvent: {}
[1.207174] (-) TimerEvent: {}
[1.307640] (-) TimerEvent: {}
[1.408310] (-) TimerEvent: {}
[1.513323] (-) TimerEvent: {}
[1.614191] (-) TimerEvent: {}
[1.714665] (-) TimerEvent: {}
[1.815165] (-) TimerEvent: {}
[1.916075] (-) TimerEvent: {}
[2.016603] (-) TimerEvent: {}
[2.044152] (two_scara_collaboration) StdoutLine: {'line': b'-- The CXX compiler identification is GNU 11.4.0\n'}
[2.117115] (-) TimerEvent: {}
[2.222241] (-) TimerEvent: {}
[2.327263] (-) TimerEvent: {}
[2.432246] (-) TimerEvent: {}
[2.537248] (-) TimerEvent: {}
[2.642241] (-) TimerEvent: {}
[2.747230] (-) TimerEvent: {}
[2.851964] (-) TimerEvent: {}
[2.956985] (-) TimerEvent: {}
[3.061979] (-) TimerEvent: {}
[3.167003] (-) TimerEvent: {}
[3.272026] (-) TimerEvent: {}
[3.334166] (two_scara_collaboration) StdoutLine: {'line': b'-- Detecting C compiler ABI info\n'}
[3.372559] (-) TimerEvent: {}
[3.473303] (-) TimerEvent: {}
[3.573882] (-) TimerEvent: {}
[3.674742] (-) TimerEvent: {}
[3.699929] (two_scara_collaboration) StdoutLine: {'line': b'-- Detecting C compiler ABI info - done\n'}
[3.709847] (two_scara_collaboration) StdoutLine: {'line': b'-- Check for working C compiler: /usr/bin/cc - skipped\n'}
[3.710391] (two_scara_collaboration) StdoutLine: {'line': b'-- Detecting C compile features\n'}
[3.710951] (two_scara_collaboration) StdoutLine: {'line': b'-- Detecting C compile features - done\n'}
[3.715088] (two_scara_collaboration) StdoutLine: {'line': b'-- Detecting CXX compiler ABI info\n'}
[3.775023] (-) TimerEvent: {}
[3.875678] (-) TimerEvent: {}
[3.980712] (-) TimerEvent: {}
[4.085697] (-) TimerEvent: {}
[4.093452] (two_scara_collaboration) StdoutLine: {'line': b'-- Detecting CXX compiler ABI info - done\n'}
[4.103655] (two_scara_collaboration) StdoutLine: {'line': b'-- Check for working CXX compiler: /usr/bin/c++ - skipped\n'}
[4.104180] (two_scara_collaboration) StdoutLine: {'line': b'-- Detecting CXX compile features\n'}
[4.104597] (two_scara_collaboration) StdoutLine: {'line': b'-- Detecting CXX compile features - done\n'}
[4.186292] (-) TimerEvent: {}
[4.286986] (-) TimerEvent: {}
[4.387475] (-) TimerEvent: {}
[4.488180] (-) TimerEvent: {}
[4.588738] (-) TimerEvent: {}
[4.689603] (-) TimerEvent: {}
[4.790314] (-) TimerEvent: {}
[4.890801] (-) TimerEvent: {}
[4.991603] (-) TimerEvent: {}
[5.092233] (-) TimerEvent: {}
[5.193128] (-) TimerEvent: {}
[5.293877] (-) TimerEvent: {}
[5.394439] (-) TimerEvent: {}
[5.495243] (-) TimerEvent: {}
[5.595741] (-) TimerEvent: {}
[5.696246] (-) TimerEvent: {}
[5.797059] (-) TimerEvent: {}
[5.897739] (-) TimerEvent: {}
[5.998293] (-) TimerEvent: {}
[6.099047] (-) TimerEvent: {}
[6.199553] (-) TimerEvent: {}
[6.300310] (-) TimerEvent: {}
[6.400937] (-) TimerEvent: {}
[6.501932] (-) TimerEvent: {}
[6.602633] (-) TimerEvent: {}
[6.703289] (-) TimerEvent: {}
[6.803795] (-) TimerEvent: {}
[6.904553] (-) TimerEvent: {}
[7.005131] (-) TimerEvent: {}
[7.106007] (-) TimerEvent: {}
[7.211012] (-) TimerEvent: {}
[7.315903] (-) TimerEvent: {}
[7.420899] (-) TimerEvent: {}
[7.525896] (-) TimerEvent: {}
[7.630902] (-) TimerEvent: {}
[7.735909] (-) TimerEvent: {}
[7.840910] (-) TimerEvent: {}
[7.945914] (-) TimerEvent: {}
[8.050972] (-) TimerEvent: {}
[8.155990] (-) TimerEvent: {}
[8.260988] (-) TimerEvent: {}
[8.366002] (-) TimerEvent: {}
[8.471033] (-) TimerEvent: {}
[8.576016] (-) TimerEvent: {}
[8.681003] (-) TimerEvent: {}
[8.685953] (two_scara_collaboration) StderrLine: {'line': b'\x1b[31mCMake Error at CMakeLists.txt:9 (find_package):\n'}
[8.686400] (two_scara_collaboration) StderrLine: {'line': b'  By not providing "Findament_cmake.cmake" in CMAKE_MODULE_PATH this project\n'}
[8.686481] (two_scara_collaboration) StderrLine: {'line': b'  has asked CMake to find a package configuration file provided by\n'}
[8.686538] (two_scara_collaboration) StderrLine: {'line': b'  "ament_cmake", but CMake did not find one.\n'}
[8.686589] (two_scara_collaboration) StderrLine: {'line': b'\n'}
[8.686637] (two_scara_collaboration) StderrLine: {'line': b'  Could not find a package configuration file provided by "ament_cmake" with\n'}
[8.686686] (two_scara_collaboration) StderrLine: {'line': b'  any of the following names:\n'}
[8.686734] (two_scara_collaboration) StderrLine: {'line': b'\n'}
[8.686780] (two_scara_collaboration) StderrLine: {'line': b'    ament_cmakeConfig.cmake\n'}
[8.686833] (two_scara_collaboration) StderrLine: {'line': b'    ament_cmake-config.cmake\n'}
[8.686877] (two_scara_collaboration) StderrLine: {'line': b'\n'}
[8.686920] (two_scara_collaboration) StderrLine: {'line': b'  Add the installation prefix of "ament_cmake" to CMAKE_PREFIX_PATH or set\n'}
[8.686966] (two_scara_collaboration) StderrLine: {'line': b'  "ament_cmake_DIR" to a directory containing one of the above files.  If\n'}
[8.687010] (two_scara_collaboration) StderrLine: {'line': b'  "ament_cmake" provides a separate development package or SDK, be sure it\n'}
[8.687054] (two_scara_collaboration) StderrLine: {'line': b'  has been installed.\n'}
[8.687100] (two_scara_collaboration) StderrLine: {'line': b'\n'}
[8.687144] (two_scara_collaboration) StderrLine: {'line': b'\x1b[0m\n'}
[8.687188] (two_scara_collaboration) StdoutLine: {'line': b'-- Configuring incomplete, errors occurred!\n'}
[8.687249] (two_scara_collaboration) StdoutLine: {'line': b'See also "/home/km/two_scara_ros2/build/two_scara_collaboration/CMakeFiles/CMakeOutput.log".\n'}
[8.690119] (two_scara_collaboration) CommandEnded: {'returncode': 1}
[8.715287] (two_scara_collaboration) JobEnded: {'identifier': 'two_scara_collaboration', 'rc': 1}
[8.726257] (-) EventReactorShutdown: {}
