[1.063s] DEBUG:colcon:Command line arguments: ['/usr/bin/colcon', 'build', '--symlink-install']
[1.063s] DEBUG:colcon:Parsed command line arguments: Namespace(log_base=None, log_level=None, verb_name='build', build_base='build', install_base='install', merge_install=False, symlink_install=True, test_result_base=None, continue_on_error=False, executor='parallel', parallel_workers=16, event_handlers=None, ignore_user_meta=False, metas=['./colcon.meta'], base_paths=['.'], packages_ignore=None, packages_ignore_regex=None, paths=None, packages_up_to=None, packages_up_to_regex=None, packages_above=None, packages_above_and_dependencies=None, packages_above_depth=None, packages_select_by_dep=None, packages_skip_by_dep=None, packages_skip_up_to=None, packages_select_build_failed=False, packages_skip_build_finished=False, packages_select_test_failures=False, packages_skip_test_passed=False, packages_select=None, packages_skip=None, packages_select_regex=None, packages_skip_regex=None, packages_start=None, packages_end=None, allow_overriding=[], cmake_args=None, cmake_target=None, cmake_target_skip_unavailable=False, cmake_clean_cache=False, cmake_clean_first=False, cmake_force_configure=False, ament_cmake_args=None, catkin_cmake_args=None, catkin_skip_building_tests=False, verb_parser=<colcon_defaults.argument_parser.defaults.DefaultArgumentsDecorator object at 0x734a8a93f790>, verb_extension=<colcon_core.verb.build.BuildVerb object at 0x734a8aa84c40>, main=<bound method BuildVerb.main of <colcon_core.verb.build.BuildVerb object at 0x734a8aa84c40>>)
[1.557s] Level 1:colcon.colcon_core.package_discovery:discover_packages(colcon_meta) check parameters
[1.557s] Level 1:colcon.colcon_core.package_discovery:discover_packages(recursive) check parameters
[1.557s] Level 1:colcon.colcon_core.package_discovery:discover_packages(ignore) check parameters
[1.557s] Level 1:colcon.colcon_core.package_discovery:discover_packages(path) check parameters
[1.557s] Level 1:colcon.colcon_core.package_discovery:discover_packages(colcon_meta) discover
[1.557s] Level 1:colcon.colcon_core.package_discovery:discover_packages(recursive) discover
[1.557s] INFO:colcon.colcon_core.package_discovery:Crawling recursively for packages in '/home/km/two_scara_ros2'
[1.557s] Level 1:colcon.colcon_core.package_identification:_identify(.) by extensions ['ignore', 'ignore_ament_install']
[1.558s] Level 1:colcon.colcon_core.package_identification:_identify(.) by extension 'ignore'
[1.558s] Level 1:colcon.colcon_core.package_identification:_identify(.) by extension 'ignore_ament_install'
[1.558s] Level 1:colcon.colcon_core.package_identification:_identify(.) by extensions ['colcon_pkg']
[1.558s] Level 1:colcon.colcon_core.package_identification:_identify(.) by extension 'colcon_pkg'
[1.558s] Level 1:colcon.colcon_core.package_identification:_identify(.) by extensions ['colcon_meta']
[1.558s] Level 1:colcon.colcon_core.package_identification:_identify(.) by extension 'colcon_meta'
[1.558s] Level 1:colcon.colcon_core.package_identification:_identify(.) by extensions ['ros']
[1.558s] Level 1:colcon.colcon_core.package_identification:_identify(.) by extension 'ros'
[1.584s] Level 1:colcon.colcon_core.package_identification:_identify(.) by extensions ['cmake', 'python']
[1.584s] Level 1:colcon.colcon_core.package_identification:_identify(.) by extension 'cmake'
[1.584s] Level 1:colcon.colcon_core.package_identification:_identify(.) by extension 'python'
[1.584s] Level 1:colcon.colcon_core.package_identification:_identify(.) by extensions ['python_setup_py']
[1.584s] Level 1:colcon.colcon_core.package_identification:_identify(.) by extension 'python_setup_py'
[1.584s] Level 1:colcon.colcon_core.package_identification:_identify(build) by extensions ['ignore', 'ignore_ament_install']
[1.584s] Level 1:colcon.colcon_core.package_identification:_identify(build) by extension 'ignore'
[1.584s] Level 1:colcon.colcon_core.package_identification:_identify(build) ignored
[1.585s] Level 1:colcon.colcon_core.package_identification:_identify(install) by extensions ['ignore', 'ignore_ament_install']
[1.585s] Level 1:colcon.colcon_core.package_identification:_identify(install) by extension 'ignore'
[1.585s] Level 1:colcon.colcon_core.package_identification:_identify(install) ignored
[1.585s] Level 1:colcon.colcon_core.package_identification:_identify(log) by extensions ['ignore', 'ignore_ament_install']
[1.585s] Level 1:colcon.colcon_core.package_identification:_identify(log) by extension 'ignore'
[1.585s] Level 1:colcon.colcon_core.package_identification:_identify(log) ignored
[1.585s] Level 1:colcon.colcon_core.package_identification:_identify(presentation_web) by extensions ['ignore', 'ignore_ament_install']
[1.585s] Level 1:colcon.colcon_core.package_identification:_identify(presentation_web) by extension 'ignore'
[1.585s] Level 1:colcon.colcon_core.package_identification:_identify(presentation_web) by extension 'ignore_ament_install'
[1.585s] Level 1:colcon.colcon_core.package_identification:_identify(presentation_web) by extensions ['colcon_pkg']
[1.585s] Level 1:colcon.colcon_core.package_identification:_identify(presentation_web) by extension 'colcon_pkg'
[1.585s] Level 1:colcon.colcon_core.package_identification:_identify(presentation_web) by extensions ['colcon_meta']
[1.585s] Level 1:colcon.colcon_core.package_identification:_identify(presentation_web) by extension 'colcon_meta'
[1.585s] Level 1:colcon.colcon_core.package_identification:_identify(presentation_web) by extensions ['ros']
[1.585s] Level 1:colcon.colcon_core.package_identification:_identify(presentation_web) by extension 'ros'
[1.586s] Level 1:colcon.colcon_core.package_identification:_identify(presentation_web) by extensions ['cmake', 'python']
[1.586s] Level 1:colcon.colcon_core.package_identification:_identify(presentation_web) by extension 'cmake'
[1.586s] Level 1:colcon.colcon_core.package_identification:_identify(presentation_web) by extension 'python'
[1.586s] Level 1:colcon.colcon_core.package_identification:_identify(presentation_web) by extensions ['python_setup_py']
[1.586s] Level 1:colcon.colcon_core.package_identification:_identify(presentation_web) by extension 'python_setup_py'
[1.586s] Level 1:colcon.colcon_core.package_identification:_identify(src) by extensions ['ignore', 'ignore_ament_install']
[1.586s] Level 1:colcon.colcon_core.package_identification:_identify(src) by extension 'ignore'
[1.586s] Level 1:colcon.colcon_core.package_identification:_identify(src) by extension 'ignore_ament_install'
[1.586s] Level 1:colcon.colcon_core.package_identification:_identify(src) by extensions ['colcon_pkg']
[1.586s] Level 1:colcon.colcon_core.package_identification:_identify(src) by extension 'colcon_pkg'
[1.586s] Level 1:colcon.colcon_core.package_identification:_identify(src) by extensions ['colcon_meta']
[1.586s] Level 1:colcon.colcon_core.package_identification:_identify(src) by extension 'colcon_meta'
[1.586s] Level 1:colcon.colcon_core.package_identification:_identify(src) by extensions ['ros']
[1.586s] Level 1:colcon.colcon_core.package_identification:_identify(src) by extension 'ros'
[1.586s] Level 1:colcon.colcon_core.package_identification:_identify(src) by extensions ['cmake', 'python']
[1.586s] Level 1:colcon.colcon_core.package_identification:_identify(src) by extension 'cmake'
[1.586s] Level 1:colcon.colcon_core.package_identification:_identify(src) by extension 'python'
[1.586s] Level 1:colcon.colcon_core.package_identification:_identify(src) by extensions ['python_setup_py']
[1.586s] Level 1:colcon.colcon_core.package_identification:_identify(src) by extension 'python_setup_py'
[1.586s] Level 1:colcon.colcon_core.package_identification:_identify(src/two_scara_collaboration) by extensions ['ignore', 'ignore_ament_install']
[1.587s] Level 1:colcon.colcon_core.package_identification:_identify(src/two_scara_collaboration) by extension 'ignore'
[1.587s] Level 1:colcon.colcon_core.package_identification:_identify(src/two_scara_collaboration) by extension 'ignore_ament_install'
[1.587s] Level 1:colcon.colcon_core.package_identification:_identify(src/two_scara_collaboration) by extensions ['colcon_pkg']
[1.587s] Level 1:colcon.colcon_core.package_identification:_identify(src/two_scara_collaboration) by extension 'colcon_pkg'
[1.587s] Level 1:colcon.colcon_core.package_identification:_identify(src/two_scara_collaboration) by extensions ['colcon_meta']
[1.587s] Level 1:colcon.colcon_core.package_identification:_identify(src/two_scara_collaboration) by extension 'colcon_meta'
[1.587s] Level 1:colcon.colcon_core.package_identification:_identify(src/two_scara_collaboration) by extensions ['ros']
[1.587s] Level 1:colcon.colcon_core.package_identification:_identify(src/two_scara_collaboration) by extension 'ros'
[1.594s] DEBUG:colcon.colcon_core.package_identification:Package 'src/two_scara_collaboration' with type 'ros.ament_cmake' and name 'two_scara_collaboration'
[1.594s] Level 1:colcon.colcon_core.package_discovery:discover_packages(recursive) using defaults
[1.594s] Level 1:colcon.colcon_core.package_discovery:discover_packages(ignore) discover
[1.594s] Level 1:colcon.colcon_core.package_discovery:discover_packages(ignore) using defaults
[1.594s] Level 1:colcon.colcon_core.package_discovery:discover_packages(path) discover
[1.594s] Level 1:colcon.colcon_core.package_discovery:discover_packages(path) using defaults
[1.658s] Level 1:colcon.colcon_core.package_discovery:discover_packages(prefix_path) check parameters
[1.658s] Level 1:colcon.colcon_core.package_discovery:discover_packages(prefix_path) discover
[1.667s] DEBUG:colcon.colcon_installed_package_information.package_discovery:Found 519 installed packages in /opt/ros/humble
[1.670s] Level 1:colcon.colcon_core.package_discovery:discover_packages(prefix_path) using defaults
[1.742s] Level 5:colcon.colcon_core.verb:set package 'two_scara_collaboration' build argument 'cmake_args' from command line to 'None'
[1.742s] Level 5:colcon.colcon_core.verb:set package 'two_scara_collaboration' build argument 'cmake_target' from command line to 'None'
[1.742s] Level 5:colcon.colcon_core.verb:set package 'two_scara_collaboration' build argument 'cmake_target_skip_unavailable' from command line to 'False'
[1.742s] Level 5:colcon.colcon_core.verb:set package 'two_scara_collaboration' build argument 'cmake_clean_cache' from command line to 'False'
[1.742s] Level 5:colcon.colcon_core.verb:set package 'two_scara_collaboration' build argument 'cmake_clean_first' from command line to 'False'
[1.742s] Level 5:colcon.colcon_core.verb:set package 'two_scara_collaboration' build argument 'cmake_force_configure' from command line to 'False'
[1.742s] Level 5:colcon.colcon_core.verb:set package 'two_scara_collaboration' build argument 'ament_cmake_args' from command line to 'None'
[1.742s] Level 5:colcon.colcon_core.verb:set package 'two_scara_collaboration' build argument 'catkin_cmake_args' from command line to 'None'
[1.742s] Level 5:colcon.colcon_core.verb:set package 'two_scara_collaboration' build argument 'catkin_skip_building_tests' from command line to 'False'
[1.742s] DEBUG:colcon.colcon_core.verb:Building package 'two_scara_collaboration' with the following arguments: {'ament_cmake_args': None, 'build_base': '/home/km/two_scara_ros2/build/two_scara_collaboration', 'catkin_cmake_args': None, 'catkin_skip_building_tests': False, 'cmake_args': None, 'cmake_clean_cache': False, 'cmake_clean_first': False, 'cmake_force_configure': False, 'cmake_target': None, 'cmake_target_skip_unavailable': False, 'install_base': '/home/km/two_scara_ros2/install/two_scara_collaboration', 'merge_install': False, 'path': '/home/km/two_scara_ros2/src/two_scara_collaboration', 'symlink_install': True, 'test_result_base': None}
[1.742s] INFO:colcon.colcon_core.executor:Executing jobs using 'parallel' executor
[1.745s] DEBUG:colcon.colcon_parallel_executor.executor.parallel:run_until_complete
[1.745s] INFO:colcon.colcon_ros.task.ament_cmake.build:Building ROS package in '/home/km/two_scara_ros2/src/two_scara_collaboration' with build type 'ament_cmake'
[1.745s] INFO:colcon.colcon_cmake.task.cmake.build:Building CMake package in '/home/km/two_scara_ros2/src/two_scara_collaboration'
[1.755s] INFO:colcon.colcon_core.plugin_system:Skipping extension 'colcon_core.shell.bat': Not used on non-Windows systems
[1.755s] INFO:colcon.colcon_core.shell:Skip shell extension 'powershell' for command environment: Not usable outside of PowerShell
[1.755s] DEBUG:colcon.colcon_core.shell:Skip shell extension 'dsv' for command environment
[1.771s] DEBUG:colcon.colcon_core.event_handler.log_command:Invoking command in '/home/km/two_scara_ros2/build/two_scara_collaboration': CMAKE_PREFIX_PATH=/opt/ros/humble /usr/bin/cmake --build /home/km/two_scara_ros2/build/two_scara_collaboration -- -j16 -l16
[2.379s] DEBUG:colcon.colcon_core.event_handler.log_command:Invoked command in '/home/km/two_scara_ros2/build/two_scara_collaboration' returned '0': CMAKE_PREFIX_PATH=/opt/ros/humble /usr/bin/cmake --build /home/km/two_scara_ros2/build/two_scara_collaboration -- -j16 -l16
[2.393s] DEBUG:colcon.colcon_core.event_handler.log_command:Invoking command in '/home/km/two_scara_ros2/build/two_scara_collaboration': CMAKE_PREFIX_PATH=/opt/ros/humble /usr/bin/cmake --install /home/km/two_scara_ros2/build/two_scara_collaboration
[2.502s] Level 1:colcon.colcon_core.environment:create_environment_scripts_only(two_scara_collaboration)
[2.503s] DEBUG:colcon.colcon_core.event_handler.log_command:Invoked command in '/home/km/two_scara_ros2/build/two_scara_collaboration' returned '0': CMAKE_PREFIX_PATH=/opt/ros/humble /usr/bin/cmake --install /home/km/two_scara_ros2/build/two_scara_collaboration
[2.514s] Level 1:colcon.colcon_core.environment:checking '/home/km/two_scara_ros2/install/two_scara_collaboration' for CMake module files
[2.515s] Level 1:colcon.colcon_core.environment:checking '/home/km/two_scara_ros2/install/two_scara_collaboration' for CMake config files
[2.516s] Level 1:colcon.colcon_core.shell:create_environment_hook('two_scara_collaboration', 'cmake_prefix_path')
[2.516s] INFO:colcon.colcon_core.shell:Creating environment hook '/home/km/two_scara_ros2/install/two_scara_collaboration/share/two_scara_collaboration/hook/cmake_prefix_path.ps1'
[2.518s] INFO:colcon.colcon_core.shell:Creating environment descriptor '/home/km/two_scara_ros2/install/two_scara_collaboration/share/two_scara_collaboration/hook/cmake_prefix_path.dsv'
[2.519s] INFO:colcon.colcon_core.shell:Creating environment hook '/home/km/two_scara_ros2/install/two_scara_collaboration/share/two_scara_collaboration/hook/cmake_prefix_path.sh'
[2.521s] Level 1:colcon.colcon_core.environment:checking '/home/km/two_scara_ros2/install/two_scara_collaboration/lib'
[2.521s] Level 1:colcon.colcon_core.environment:checking '/home/km/two_scara_ros2/install/two_scara_collaboration/bin'
[2.521s] Level 1:colcon.colcon_core.environment:checking '/home/km/two_scara_ros2/install/two_scara_collaboration/lib/pkgconfig/two_scara_collaboration.pc'
[2.522s] Level 1:colcon.colcon_core.environment:checking '/home/km/two_scara_ros2/install/two_scara_collaboration/lib/python3.10/site-packages'
[2.522s] Level 1:colcon.colcon_core.environment:checking '/home/km/two_scara_ros2/install/two_scara_collaboration/bin'
[2.522s] INFO:colcon.colcon_core.shell:Creating package script '/home/km/two_scara_ros2/install/two_scara_collaboration/share/two_scara_collaboration/package.ps1'
[2.524s] INFO:colcon.colcon_core.shell:Creating package descriptor '/home/km/two_scara_ros2/install/two_scara_collaboration/share/two_scara_collaboration/package.dsv'
[2.525s] INFO:colcon.colcon_core.shell:Creating package script '/home/km/two_scara_ros2/install/two_scara_collaboration/share/two_scara_collaboration/package.sh'
[2.526s] INFO:colcon.colcon_core.shell:Creating package script '/home/km/two_scara_ros2/install/two_scara_collaboration/share/two_scara_collaboration/package.bash'
[2.529s] INFO:colcon.colcon_core.shell:Creating package script '/home/km/two_scara_ros2/install/two_scara_collaboration/share/two_scara_collaboration/package.zsh'
[2.531s] Level 1:colcon.colcon_core.environment:create_file_with_runtime_dependencies(/home/km/two_scara_ros2/install/two_scara_collaboration/share/colcon-core/packages/two_scara_collaboration)
[2.531s] Level 1:colcon.colcon_core.environment:create_environment_scripts_only(two_scara_collaboration)
[2.532s] Level 1:colcon.colcon_core.environment:checking '/home/km/two_scara_ros2/install/two_scara_collaboration' for CMake module files
[2.532s] Level 1:colcon.colcon_core.environment:checking '/home/km/two_scara_ros2/install/two_scara_collaboration' for CMake config files
[2.533s] Level 1:colcon.colcon_core.shell:create_environment_hook('two_scara_collaboration', 'cmake_prefix_path')
[2.533s] INFO:colcon.colcon_core.shell:Creating environment hook '/home/km/two_scara_ros2/install/two_scara_collaboration/share/two_scara_collaboration/hook/cmake_prefix_path.ps1'
[2.534s] INFO:colcon.colcon_core.shell:Creating environment descriptor '/home/km/two_scara_ros2/install/two_scara_collaboration/share/two_scara_collaboration/hook/cmake_prefix_path.dsv'
[2.534s] INFO:colcon.colcon_core.shell:Creating environment hook '/home/km/two_scara_ros2/install/two_scara_collaboration/share/two_scara_collaboration/hook/cmake_prefix_path.sh'
[2.535s] Level 1:colcon.colcon_core.environment:checking '/home/km/two_scara_ros2/install/two_scara_collaboration/lib'
[2.535s] Level 1:colcon.colcon_core.environment:checking '/home/km/two_scara_ros2/install/two_scara_collaboration/bin'
[2.535s] Level 1:colcon.colcon_core.environment:checking '/home/km/two_scara_ros2/install/two_scara_collaboration/lib/pkgconfig/two_scara_collaboration.pc'
[2.535s] Level 1:colcon.colcon_core.environment:checking '/home/km/two_scara_ros2/install/two_scara_collaboration/lib/python3.10/site-packages'
[2.536s] Level 1:colcon.colcon_core.environment:checking '/home/km/two_scara_ros2/install/two_scara_collaboration/bin'
[2.536s] INFO:colcon.colcon_core.shell:Creating package script '/home/km/two_scara_ros2/install/two_scara_collaboration/share/two_scara_collaboration/package.ps1'
[2.537s] INFO:colcon.colcon_core.shell:Creating package descriptor '/home/km/two_scara_ros2/install/two_scara_collaboration/share/two_scara_collaboration/package.dsv'
[2.537s] INFO:colcon.colcon_core.shell:Creating package script '/home/km/two_scara_ros2/install/two_scara_collaboration/share/two_scara_collaboration/package.sh'
[2.537s] INFO:colcon.colcon_core.shell:Creating package script '/home/km/two_scara_ros2/install/two_scara_collaboration/share/two_scara_collaboration/package.bash'
[2.538s] INFO:colcon.colcon_core.shell:Creating package script '/home/km/two_scara_ros2/install/two_scara_collaboration/share/two_scara_collaboration/package.zsh'
[2.538s] Level 1:colcon.colcon_core.environment:create_file_with_runtime_dependencies(/home/km/two_scara_ros2/install/two_scara_collaboration/share/colcon-core/packages/two_scara_collaboration)
[2.539s] DEBUG:colcon.colcon_parallel_executor.executor.parallel:closing loop
[2.539s] DEBUG:colcon.colcon_parallel_executor.executor.parallel:loop closed
[2.539s] DEBUG:colcon.colcon_parallel_executor.executor.parallel:run_until_complete finished with '0'
[2.540s] DEBUG:colcon.colcon_core.event_reactor:joining thread
[2.792s] INFO:colcon.colcon_core.plugin_system:Skipping extension 'colcon_notification.desktop_notification.notify_send': Could not find 'notify-send'
[2.792s] INFO:colcon.colcon_core.plugin_system:Skipping extension 'colcon_notification.desktop_notification.terminal_notifier': Not used on non-Darwin systems
[2.793s] INFO:colcon.colcon_core.plugin_system:Skipping extension 'colcon_notification.desktop_notification.win32': Not used on non-Windows systems
[2.793s] INFO:colcon.colcon_notification.desktop_notification:Sending desktop notification using 'notify2'
[2.793s] DEBUG:colcon.colcon_notification.desktop_notification.notify2:Failed to initialize notify2: org.freedesktop.DBus.Error.FileNotFound: Failed to connect to socket /run/user/1000/bus: No such file or directory
[2.794s] DEBUG:colcon.colcon_core.event_reactor:joined thread
[2.794s] INFO:colcon.colcon_core.shell:Creating prefix script '/home/km/two_scara_ros2/install/local_setup.ps1'
[2.796s] INFO:colcon.colcon_core.shell:Creating prefix util module '/home/km/two_scara_ros2/install/_local_setup_util_ps1.py'
[2.798s] INFO:colcon.colcon_core.shell:Creating prefix chain script '/home/km/two_scara_ros2/install/setup.ps1'
[2.799s] INFO:colcon.colcon_core.shell:Creating prefix script '/home/km/two_scara_ros2/install/local_setup.sh'
[2.800s] INFO:colcon.colcon_core.shell:Creating prefix util module '/home/km/two_scara_ros2/install/_local_setup_util_sh.py'
[2.801s] INFO:colcon.colcon_core.shell:Creating prefix chain script '/home/km/two_scara_ros2/install/setup.sh'
[2.803s] INFO:colcon.colcon_core.shell:Creating prefix script '/home/km/two_scara_ros2/install/local_setup.bash'
[2.804s] INFO:colcon.colcon_core.shell:Creating prefix chain script '/home/km/two_scara_ros2/install/setup.bash'
[2.805s] INFO:colcon.colcon_core.shell:Creating prefix script '/home/km/two_scara_ros2/install/local_setup.zsh'
[2.806s] INFO:colcon.colcon_core.shell:Creating prefix chain script '/home/km/two_scara_ros2/install/setup.zsh'
