[0.013s] Invoking command in '/home/km/two_scara_ros2/build/two_scara_collaboration': /usr/bin/cmake /home/km/two_scara_ros2/src/two_scara_collaboration -DAMENT_CMAKE_SYMLINK_INSTALL=1 -DCMAKE_INSTALL_PREFIX=/home/km/two_scara_ros2/install/two_scara_collaboration
[0.402s] -- The C compiler identification is GNU 11.4.0
[2.042s] -- The CXX compiler identification is GNU 11.4.0
[3.332s] -- Detecting C compiler ABI info
[3.698s] -- Detecting C compiler ABI info - done
[3.708s] -- Check for working C compiler: /usr/bin/cc - skipped
[3.709s] -- Detecting C compile features
[3.709s] -- Detecting C compile features - done
[3.713s] -- Detecting CXX compiler ABI info
[4.092s] -- Detecting CXX compiler ABI info - done
[4.102s] -- Check for working CXX compiler: /usr/bin/c++ - skipped
[4.102s] -- Detecting CXX compile features
[4.103s] -- Detecting CXX compile features - done
[8.684s] [31mCMake Error at CMakeLists.txt:9 (find_package):
[8.685s]   By not providing "Findament_cmake.cmake" in CMAKE_MODULE_PATH this project
[8.685s]   has asked CMake to find a package configuration file provided by
[8.685s]   "ament_cmake", but CMake did not find one.
[8.685s] 
[8.685s]   Could not find a package configuration file provided by "ament_cmake" with
[8.685s]   any of the following names:
[8.685s] 
[8.685s]     ament_cmakeConfig.cmake
[8.685s]     ament_cmake-config.cmake
[8.685s] 
[8.685s]   Add the installation prefix of "ament_cmake" to CMAKE_PREFIX_PATH or set
[8.685s]   "ament_cmake_DIR" to a directory containing one of the above files.  If
[8.685s]   "ament_cmake" provides a separate development package or SDK, be sure it
[8.685s]   has been installed.
[8.685s] 
[8.685s] [0m
[8.685s] -- Configuring incomplete, errors occurred!
[8.685s] See also "/home/km/two_scara_ros2/build/two_scara_collaboration/CMakeFiles/CMakeOutput.log".
[8.688s] Invoked command in '/home/km/two_scara_ros2/build/two_scara_collaboration' returned '1': /usr/bin/cmake /home/km/two_scara_ros2/src/two_scara_collaboration -DAMENT_CMAKE_SYMLINK_INSTALL=1 -DCMAKE_INSTALL_PREFIX=/home/km/two_scara_ros2/install/two_scara_collaboration
