[0.000000] (-) TimerEvent: {}
[0.000746] (two_scara_collaboration) JobQueued: {'identifier': 'two_scara_collaboration', 'dependencies': OrderedDict()}
[0.000784] (two_scara_collaboration) JobStarted: {'identifier': 'two_scara_collaboration'}
[0.006835] (two_scara_collaboration) JobProgress: {'identifier': 'two_scara_collaboration', 'progress': 'cmake'}
[0.007626] (two_scara_collaboration) JobProgress: {'identifier': 'two_scara_collaboration', 'progress': 'build'}
[0.008080] (two_scara_collaboration) Command: {'cmd': ['/usr/bin/cmake', '--build', '/home/km/two_scara_ros2/build/two_scara_collaboration', '--', '-j16', '-l16'], 'cwd': '/home/km/two_scara_ros2/build/two_scara_collaboration', 'env': OrderedDict([('USER', 'km'), ('SHLVL', '1'), ('LD_LIBRARY_PATH', '/usr/lib/x86_64-linux-gnu/gazebo-11/plugins:/opt/ros/humble/opt/rviz_ogre_vendor/lib:/opt/ros/humble/lib/x86_64-linux-gnu:/opt/ros/humble/lib'), ('HOME', '/home/km'), ('OLDPWD', '/home/km/two_scara_ros2'), ('ROS_PYTHON_VERSION', '3'), ('DBUS_SESSION_BUS_ADDRESS', 'unix:path=/run/user/1000/bus'), ('WSL_DISTRO_NAME', 'Ubuntu-22.04'), ('WAYLAND_DISPLAY', 'wayland-0'), ('COLCON_PREFIX_PATH', '/home/km/two_scara_ros2/install'), ('ROS_DISTRO', 'humble'), ('LOGNAME', 'km'), ('NAME', 'KRISHNA'), ('WSL_INTEROP', '/run/WSL/459_interop'), ('PULSE_SERVER', 'unix:/mnt/wslg/PulseServer'), ('_', '/usr/bin/colcon'), ('ROS_VERSION', '2'), ('TERM', 'xterm-256color'), ('ROS_LOCALHOST_ONLY', '0'), ('PATH', '/opt/ros/humble/bin:/usr/local/sbin:/usr/local/bin:/usr/sbin:/usr/bin:/sbin:/bin:/usr/games:/usr/local/games:/usr/lib/wsl/lib:/mnt/c/Program Files/Eclipse Adoptium/jdk-25.0.1.8-hotspot/bin:/mnt/c/Program Files (x86)/Common Files/Oracle/Java/java8path:/mnt/c/Program Files (x86)/Common Files/Oracle/Java/javapath:/mnt/c/Program Files/Microsoft MPI/Bin/:/mnt/c/Program Files (x86)/Common Files/Intel/Shared Libraries/redist/intel64/compiler:/mnt/c/windows/system32:/mnt/c/windows:/mnt/c/windows/System32/Wbem:/mnt/c/windows/System32/WindowsPowerShell/v1.0/:/mnt/c/windows/System32/OpenSSH/:/mnt/c/Program Files (x86)/NVIDIA Corporation/PhysX/Common:/mnt/c/Users/Administrator/AppData/Local/Microsoft/WindowsApps:/mnt/c/Program Files/HP/OMEN-Broadcast/Common:/mnt/c/Program Files/MATLAB/R2024b/runtime/win64:/mnt/c/Program Files/MATLAB/R2024b/bin:/mnt/c/Program Files/dotnet/:/mnt/c/Program Files/NVIDIA Corporation/NVIDIA app/NvDLISR:/mnt/c/WINDOWS/system32:/mnt/c/WINDOWS:/mnt/c/WINDOWS/System32/Wbem:/mnt/c/WINDOWS/System32/WindowsPowerShell/v1.0/:/mnt/c/WINDOWS/System32/OpenSSH/:/mnt/c/MinGW/bin:/mnt/c/ProgramData/chocolatey/bin:/mnt/c/Program Files/nodejs:/mnt/c/Program Files/MySQL/MySQL Server 8.0/bin:/mnt/c/Program Files/PuTTY/:/mnt/c/Users/krish/AppData/Local/Muse Hub/lib:/mnt/c/Program Files/Git/cmd:/mnt/c/Program Files/nodejs/:/mnt/c/Program Files (x86)/Windows Kits/10/Windows Performance Toolkit/:/mnt/c/Program Files/Cloudflare/Cloudflare WARP/:/mnt/c/Users/krish/AppData/Local/Programs/Python/Python311/Scripts/:/mnt/c/Users/krish/AppData/Local/Programs/Python/Python311/:/mnt/c/Users/krish/AppData/Local/Blackbox/bin:/mnt/c/Users/krish/AppData/Local/Programs/Python/Python312/Scripts/:/mnt/c/Users/krish/AppData/Local/Programs/Python/Python312/:/mnt/c/Program Files/MySQL/MySQL Shell 8.0/bin/:/mnt/c/Users/krish/AppData/Local/Microsoft/WindowsApps:/mnt/c/Users/krish/AppData/Local/Muse Hub/lib:/mnt/c/Users/krish/AppData/Local/Programs/Microsoft VS Code/bin:/mnt/c/Program Files/JetBrains/IntelliJ IDEA 2024.3.2.2/bin:/mnt/c/Program Files/JetBrains/IntelliJ IDEA Community Edition 2024.3.2.2/bin:/mnt/c/Users/krish/flutter/bin:/mnt/c/Users/krish/AppData/Roaming/npm:/mnt/d/Antigravity/bin:/snap/bin'), ('XDG_RUNTIME_DIR', '/run/user/1000/'), ('DISPLAY', ':0'), ('LANG', 'en_US.UTF-8'), ('AMENT_PREFIX_PATH', '/home/km/two_scara_ros2/install/two_scara_collaboration:/opt/ros/humble'), ('SHELL', '/bin/bash'), ('PWD', '/home/km/two_scara_ros2/build/two_scara_collaboration'), ('XDG_DATA_DIRS', '/usr/local/share:/usr/share:/var/lib/snapd/desktop'), ('PYTHONPATH', '/home/km/two_scara_ros2/install/two_scara_collaboration/local/lib/python3.10/dist-packages:/opt/ros/humble/lib/python3.10/site-packages:/opt/ros/humble/local/lib/python3.10/dist-packages'), ('COLCON', '1'), ('WSL2_GUI_APPS_ENABLED', '1'), ('HOSTTYPE', 'x86_64'), ('CMAKE_PREFIX_PATH', '/home/km/two_scara_ros2/install/two_scara_collaboration:/opt/ros/humble'), ('WSLENV', '')]), 'shell': False}
[0.048032] (two_scara_collaboration) StdoutLine: {'line': b'Built target ament_cmake_python_symlink_two_scara_collaboration_setup\n'}
[0.048603] (two_scara_collaboration) StdoutLine: {'line': b'Built target ament_cmake_python_symlink_two_scara_collaboration\n'}
[0.103012] (-) TimerEvent: {}
[0.198191] (two_scara_collaboration) StdoutLine: {'line': b'running egg_info\n'}
[0.198779] (two_scara_collaboration) StdoutLine: {'line': b'writing two_scara_collaboration.egg-info/PKG-INFO\n'}
[0.199030] (two_scara_collaboration) StdoutLine: {'line': b'writing dependency_links to two_scara_collaboration.egg-info/dependency_links.txt\n'}
[0.199182] (two_scara_collaboration) StdoutLine: {'line': b'writing top-level names to two_scara_collaboration.egg-info/top_level.txt\n'}
[0.200338] (two_scara_collaboration) StdoutLine: {'line': b"reading manifest file 'two_scara_collaboration.egg-info/SOURCES.txt'\n"}
[0.200851] (two_scara_collaboration) StdoutLine: {'line': b"writing manifest file 'two_scara_collaboration.egg-info/SOURCES.txt'\n"}
[0.203274] (-) TimerEvent: {}
[0.217384] (two_scara_collaboration) StdoutLine: {'line': b'Built target ament_cmake_python_build_two_scara_collaboration_egg\n'}
[0.224299] (two_scara_collaboration) CommandEnded: {'returncode': 0}
[0.225210] (two_scara_collaboration) JobProgress: {'identifier': 'two_scara_collaboration', 'progress': 'install'}
[0.229797] (two_scara_collaboration) Command: {'cmd': ['/usr/bin/cmake', '--install', '/home/km/two_scara_ros2/build/two_scara_collaboration'], 'cwd': '/home/km/two_scara_ros2/build/two_scara_collaboration', 'env': OrderedDict([('USER', 'km'), ('SHLVL', '1'), ('LD_LIBRARY_PATH', '/usr/lib/x86_64-linux-gnu/gazebo-11/plugins:/opt/ros/humble/opt/rviz_ogre_vendor/lib:/opt/ros/humble/lib/x86_64-linux-gnu:/opt/ros/humble/lib'), ('HOME', '/home/km'), ('OLDPWD', '/home/km/two_scara_ros2'), ('ROS_PYTHON_VERSION', '3'), ('DBUS_SESSION_BUS_ADDRESS', 'unix:path=/run/user/1000/bus'), ('WSL_DISTRO_NAME', 'Ubuntu-22.04'), ('WAYLAND_DISPLAY', 'wayland-0'), ('COLCON_PREFIX_PATH', '/home/km/two_scara_ros2/install'), ('ROS_DISTRO', 'humble'), ('LOGNAME', 'km'), ('NAME', 'KRISHNA'), ('WSL_INTEROP', '/run/WSL/459_interop'), ('PULSE_SERVER', 'unix:/mnt/wslg/PulseServer'), ('_', '/usr/bin/colcon'), ('ROS_VERSION', '2'), ('TERM', 'xterm-256color'), ('ROS_LOCALHOST_ONLY', '0'), ('PATH', '/opt/ros/humble/bin:/usr/local/sbin:/usr/local/bin:/usr/sbin:/usr/bin:/sbin:/bin:/usr/games:/usr/local/games:/usr/lib/wsl/lib:/mnt/c/Program Files/Eclipse Adoptium/jdk-25.0.1.8-hotspot/bin:/mnt/c/Program Files (x86)/Common Files/Oracle/Java/java8path:/mnt/c/Program Files (x86)/Common Files/Oracle/Java/javapath:/mnt/c/Program Files/Microsoft MPI/Bin/:/mnt/c/Program Files (x86)/Common Files/Intel/Shared Libraries/redist/intel64/compiler:/mnt/c/windows/system32:/mnt/c/windows:/mnt/c/windows/System32/Wbem:/mnt/c/windows/System32/WindowsPowerShell/v1.0/:/mnt/c/windows/System32/OpenSSH/:/mnt/c/Program Files (x86)/NVIDIA Corporation/PhysX/Common:/mnt/c/Users/Administrator/AppData/Local/Microsoft/WindowsApps:/mnt/c/Program Files/HP/OMEN-Broadcast/Common:/mnt/c/Program Files/MATLAB/R2024b/runtime/win64:/mnt/c/Program Files/MATLAB/R2024b/bin:/mnt/c/Program Files/dotnet/:/mnt/c/Program Files/NVIDIA Corporation/NVIDIA app/NvDLISR:/mnt/c/WINDOWS/system32:/mnt/c/WINDOWS:/mnt/c/WINDOWS/System32/Wbem:/mnt/c/WINDOWS/System32/WindowsPowerShell/v1.0/:/mnt/c/WINDOWS/System32/OpenSSH/:/mnt/c/MinGW/bin:/mnt/c/ProgramData/chocolatey/bin:/mnt/c/Program Files/nodejs:/mnt/c/Program Files/MySQL/MySQL Server 8.0/bin:/mnt/c/Program Files/PuTTY/:/mnt/c/Users/krish/AppData/Local/Muse Hub/lib:/mnt/c/Program Files/Git/cmd:/mnt/c/Program Files/nodejs/:/mnt/c/Program Files (x86)/Windows Kits/10/Windows Performance Toolkit/:/mnt/c/Program Files/Cloudflare/Cloudflare WARP/:/mnt/c/Users/krish/AppData/Local/Programs/Python/Python311/Scripts/:/mnt/c/Users/krish/AppData/Local/Programs/Python/Python311/:/mnt/c/Users/krish/AppData/Local/Blackbox/bin:/mnt/c/Users/krish/AppData/Local/Programs/Python/Python312/Scripts/:/mnt/c/Users/krish/AppData/Local/Programs/Python/Python312/:/mnt/c/Program Files/MySQL/MySQL Shell 8.0/bin/:/mnt/c/Users/krish/AppData/Local/Microsoft/WindowsApps:/mnt/c/Users/krish/AppData/Local/Muse Hub/lib:/mnt/c/Users/krish/AppData/Local/Programs/Microsoft VS Code/bin:/mnt/c/Program Files/JetBrains/IntelliJ IDEA 2024.3.2.2/bin:/mnt/c/Program Files/JetBrains/IntelliJ IDEA Community Edition 2024.3.2.2/bin:/mnt/c/Users/krish/flutter/bin:/mnt/c/Users/krish/AppData/Roaming/npm:/mnt/d/Antigravity/bin:/snap/bin'), ('XDG_RUNTIME_DIR', '/run/user/1000/'), ('DISPLAY', ':0'), ('LANG', 'en_US.UTF-8'), ('AMENT_PREFIX_PATH', '/home/km/two_scara_ros2/install/two_scara_collaboration:/opt/ros/humble'), ('SHELL', '/bin/bash'), ('PWD', '/home/km/two_scara_ros2/build/two_scara_collaboration'), ('XDG_DATA_DIRS', '/usr/local/share:/usr/share:/var/lib/snapd/desktop'), ('PYTHONPATH', '/home/km/two_scara_ros2/install/two_scara_collaboration/local/lib/python3.10/dist-packages:/opt/ros/humble/lib/python3.10/site-packages:/opt/ros/humble/local/lib/python3.10/dist-packages'), ('COLCON', '1'), ('WSL2_GUI_APPS_ENABLED', '1'), ('HOSTTYPE', 'x86_64'), ('CMAKE_PREFIX_PATH', '/home/km/two_scara_ros2/install/two_scara_collaboration:/opt/ros/humble'), ('WSLENV', '')]), 'shell': False}
[0.235149] (two_scara_collaboration) StdoutLine: {'line': b'-- Install configuration: ""\n'}
[0.235492] (two_scara_collaboration) StdoutLine: {'line': b'-- Execute custom install script\n'}
[0.236022] (two_scara_collaboration) StdoutLine: {'line': b'-- Up-to-date symlink: /home/km/two_scara_ros2/install/two_scara_collaboration/share/two_scara_collaboration/environment/pythonpath.sh\n'}
[0.236123] (two_scara_collaboration) StdoutLine: {'line': b'-- Up-to-date symlink: /home/km/two_scara_ros2/install/two_scara_collaboration/share/two_scara_collaboration/environment/pythonpath.dsv\n'}
[0.236326] (two_scara_collaboration) StdoutLine: {'line': b'-- Up-to-date symlink: /home/km/two_scara_ros2/install/two_scara_collaboration/local/lib/python3.10/dist-packages/two_scara_collaboration-0.0.1-py3.10.egg-info/PKG-INFO\n'}
[0.236465] (two_scara_collaboration) StdoutLine: {'line': b'-- Up-to-date symlink: /home/km/two_scara_ros2/install/two_scara_collaboration/local/lib/python3.10/dist-packages/two_scara_collaboration-0.0.1-py3.10.egg-info/SOURCES.txt\n'}
[0.236603] (two_scara_collaboration) StdoutLine: {'line': b'-- Up-to-date symlink: /home/km/two_scara_ros2/install/two_scara_collaboration/local/lib/python3.10/dist-packages/two_scara_collaboration-0.0.1-py3.10.egg-info/dependency_links.txt\n'}
[0.236641] (two_scara_collaboration) StdoutLine: {'line': b'-- Up-to-date symlink: /home/km/two_scara_ros2/install/two_scara_collaboration/local/lib/python3.10/dist-packages/two_scara_collaboration-0.0.1-py3.10.egg-info/top_level.txt\n'}
[0.236853] (two_scara_collaboration) StdoutLine: {'line': b'-- Up-to-date symlink: /home/km/two_scara_ros2/install/two_scara_collaboration/local/lib/python3.10/dist-packages/two_scara_collaboration/__init__.py\n'}
[0.236976] (two_scara_collaboration) StdoutLine: {'line': b'-- Up-to-date symlink: /home/km/two_scara_ros2/install/two_scara_collaboration/local/lib/python3.10/dist-packages/two_scara_collaboration/automation_manager.py\n'}
[0.237019] (two_scara_collaboration) StdoutLine: {'line': b'-- Up-to-date symlink: /home/km/two_scara_ros2/install/two_scara_collaboration/local/lib/python3.10/dist-packages/two_scara_collaboration/block_publisher.py\n'}
[0.237080] (two_scara_collaboration) StdoutLine: {'line': b'-- Up-to-date symlink: /home/km/two_scara_ros2/install/two_scara_collaboration/local/lib/python3.10/dist-packages/two_scara_collaboration/block_spawner.py\n'}
[0.237205] (two_scara_collaboration) StdoutLine: {'line': b'-- Up-to-date symlink: /home/km/two_scara_ros2/install/two_scara_collaboration/local/lib/python3.10/dist-packages/two_scara_collaboration/collision_avoidance.py\n'}
[0.237304] (two_scara_collaboration) StdoutLine: {'line': b'-- Up-to-date symlink: /home/km/two_scara_ros2/install/two_scara_collaboration/local/lib/python3.10/dist-packages/two_scara_collaboration/conveyor_driver.py\n'}
[0.237453] (two_scara_collaboration) StdoutLine: {'line': b'-- Up-to-date symlink: /home/km/two_scara_ros2/install/two_scara_collaboration/local/lib/python3.10/dist-packages/two_scara_collaboration/gripper_action_server.py\n'}
[0.237514] (two_scara_collaboration) StdoutLine: {'line': b'-- Up-to-date symlink: /home/km/two_scara_ros2/install/two_scara_collaboration/local/lib/python3.10/dist-packages/two_scara_collaboration/kinematics.py\n'}
[0.237597] (two_scara_collaboration) StdoutLine: {'line': b'-- Up-to-date symlink: /home/km/two_scara_ros2/install/two_scara_collaboration/local/lib/python3.10/dist-packages/two_scara_collaboration/scara_left_motion_planner.py\n'}
[0.237679] (two_scara_collaboration) StdoutLine: {'line': b'-- Up-to-date symlink: /home/km/two_scara_ros2/install/two_scara_collaboration/local/lib/python3.10/dist-packages/two_scara_collaboration/scara_right_motion_planner.py\n'}
[0.237859] (two_scara_collaboration) StdoutLine: {'line': b'-- Up-to-date symlink: /home/km/two_scara_ros2/install/two_scara_collaboration/local/lib/python3.10/dist-packages/two_scara_collaboration/spawn_robots.py\n'}
[0.237902] (two_scara_collaboration) StdoutLine: {'line': b'-- Up-to-date symlink: /home/km/two_scara_ros2/install/two_scara_collaboration/lib/two_scara_collaboration/scara_left_motion_planner.py\n'}
[0.237929] (two_scara_collaboration) StdoutLine: {'line': b'-- Up-to-date symlink: /home/km/two_scara_ros2/install/two_scara_collaboration/lib/two_scara_collaboration/scara_right_motion_planner.py\n'}
[0.237954] (two_scara_collaboration) StdoutLine: {'line': b'-- Up-to-date symlink: /home/km/two_scara_ros2/install/two_scara_collaboration/lib/two_scara_collaboration/block_spawner.py\n'}
[0.238049] (two_scara_collaboration) StdoutLine: {'line': b'-- Up-to-date symlink: /home/km/two_scara_ros2/install/two_scara_collaboration/lib/two_scara_collaboration/block_publisher.py\n'}
[0.238156] (two_scara_collaboration) StdoutLine: {'line': b'-- Up-to-date symlink: /home/km/two_scara_ros2/install/two_scara_collaboration/lib/two_scara_collaboration/gripper_action_server.py\n'}
[0.238240] (two_scara_collaboration) StdoutLine: {'line': b'-- Up-to-date symlink: /home/km/two_scara_ros2/install/two_scara_collaboration/lib/two_scara_collaboration/spawn_robots.py\n'}
[0.238381] (two_scara_collaboration) StdoutLine: {'line': b'-- Up-to-date symlink: /home/km/two_scara_ros2/install/two_scara_collaboration/share/two_scara_collaboration/launch/gazebo.launch.py\n'}
[0.238457] (two_scara_collaboration) StdoutLine: {'line': b'-- Up-to-date symlink: /home/km/two_scara_ros2/install/two_scara_collaboration/share/two_scara_collaboration/launch/initialize.launch.py\n'}
[0.238731] (two_scara_collaboration) StdoutLine: {'line': b'-- Up-to-date symlink: /home/km/two_scara_ros2/install/two_scara_collaboration/share/two_scara_collaboration/urdf/conveyor_belt.urdf.xacro\n'}
[0.238799] (two_scara_collaboration) StdoutLine: {'line': b'-- Up-to-date symlink: /home/km/two_scara_ros2/install/two_scara_collaboration/share/two_scara_collaboration/urdf/cylinder_block.urdf.xacro\n'}
[0.238861] (two_scara_collaboration) StdoutLine: {'line': b'-- Up-to-date symlink: /home/km/two_scara_ros2/install/two_scara_collaboration/share/two_scara_collaboration/urdf/scara_left.urdf.xacro\n'}
[0.238943] (two_scara_collaboration) StdoutLine: {'line': b'-- Up-to-date symlink: /home/km/two_scara_ros2/install/two_scara_collaboration/share/two_scara_collaboration/urdf/scara_right.urdf.xacro\n'}
[0.238976] (two_scara_collaboration) StdoutLine: {'line': b'-- Up-to-date symlink: /home/km/two_scara_ros2/install/two_scara_collaboration/share/two_scara_collaboration/urdf/world.urdf.xacro\n'}
[0.239006] (two_scara_collaboration) StdoutLine: {'line': b'-- Up-to-date symlink: /home/km/two_scara_ros2/install/two_scara_collaboration/share/two_scara_collaboration/config/scara_left_controllers.yaml\n'}
[0.239130] (two_scara_collaboration) StdoutLine: {'line': b'-- Up-to-date symlink: /home/km/two_scara_ros2/install/two_scara_collaboration/share/two_scara_collaboration/config/scara_right_controllers.yaml\n'}
[0.239165] (two_scara_collaboration) StdoutLine: {'line': b'-- Up-to-date symlink: /home/km/two_scara_ros2/install/two_scara_collaboration/share/two_scara_collaboration/config/simulation_params.yaml\n'}
[0.239239] (two_scara_collaboration) StdoutLine: {'line': b'-- Up-to-date symlink: /home/km/two_scara_ros2/install/two_scara_collaboration/share/two_scara_collaboration/config/two_scara_controllers.yaml\n'}
[0.239322] (two_scara_collaboration) StdoutLine: {'line': b'-- Up-to-date symlink: /home/km/two_scara_ros2/install/two_scara_collaboration/share/two_scara_collaboration/rviz/scara_config.rviz\n'}
[0.239469] (two_scara_collaboration) StdoutLine: {'line': b'-- Up-to-date symlink: /home/km/two_scara_ros2/install/two_scara_collaboration/share/two_scara_collaboration/resource/two_scara_collaboration\n'}
[0.239538] (two_scara_collaboration) StdoutLine: {'line': b'-- Up-to-date symlink: /home/km/two_scara_ros2/install/two_scara_collaboration/share/two_scara_collaboration/package.xml\n'}
[0.239573] (two_scara_collaboration) StdoutLine: {'line': b'-- Up-to-date symlink: /home/km/two_scara_ros2/install/two_scara_collaboration/share/ament_index/resource_index/package_run_dependencies/two_scara_collaboration\n'}
[0.239614] (two_scara_collaboration) StdoutLine: {'line': b'-- Up-to-date symlink: /home/km/two_scara_ros2/install/two_scara_collaboration/share/ament_index/resource_index/parent_prefix_path/two_scara_collaboration\n'}
[0.239750] (two_scara_collaboration) StdoutLine: {'line': b'-- Up-to-date symlink: /home/km/two_scara_ros2/install/two_scara_collaboration/share/two_scara_collaboration/environment/ament_prefix_path.sh\n'}
[0.239824] (two_scara_collaboration) StdoutLine: {'line': b'-- Up-to-date symlink: /home/km/two_scara_ros2/install/two_scara_collaboration/share/two_scara_collaboration/environment/ament_prefix_path.dsv\n'}
[0.239959] (two_scara_collaboration) StdoutLine: {'line': b'-- Up-to-date symlink: /home/km/two_scara_ros2/install/two_scara_collaboration/share/two_scara_collaboration/environment/path.sh\n'}
[0.239996] (two_scara_collaboration) StdoutLine: {'line': b'-- Up-to-date symlink: /home/km/two_scara_ros2/install/two_scara_collaboration/share/two_scara_collaboration/environment/path.dsv\n'}
[0.240119] (two_scara_collaboration) StdoutLine: {'line': b'-- Up-to-date symlink: /home/km/two_scara_ros2/install/two_scara_collaboration/share/two_scara_collaboration/local_setup.bash\n'}
[0.240218] (two_scara_collaboration) StdoutLine: {'line': b'-- Up-to-date symlink: /home/km/two_scara_ros2/install/two_scara_collaboration/share/two_scara_collaboration/local_setup.sh\n'}
[0.240525] (two_scara_collaboration) StdoutLine: {'line': b'-- Up-to-date symlink: /home/km/two_scara_ros2/install/two_scara_collaboration/share/two_scara_collaboration/local_setup.zsh\n'}
[0.240577] (two_scara_collaboration) StdoutLine: {'line': b'-- Up-to-date symlink: /home/km/two_scara_ros2/install/two_scara_collaboration/share/two_scara_collaboration/local_setup.dsv\n'}
[0.240607] (two_scara_collaboration) StdoutLine: {'line': b'-- Symlinking: /home/km/two_scara_ros2/install/two_scara_collaboration/share/two_scara_collaboration/package.dsv\n'}
[0.246032] (two_scara_collaboration) StdoutLine: {'line': b'-- Up-to-date symlink: /home/km/two_scara_ros2/install/two_scara_collaboration/share/ament_index/resource_index/packages/two_scara_collaboration\n'}
[0.246168] (two_scara_collaboration) StdoutLine: {'line': b'-- Up-to-date symlink: /home/km/two_scara_ros2/install/two_scara_collaboration/share/two_scara_collaboration/cmake/two_scara_collaborationConfig.cmake\n'}
[0.246319] (two_scara_collaboration) StdoutLine: {'line': b'-- Up-to-date symlink: /home/km/two_scara_ros2/install/two_scara_collaboration/share/two_scara_collaboration/cmake/two_scara_collaborationConfig-version.cmake\n'}
[0.246365] (two_scara_collaboration) StdoutLine: {'line': b'-- Up-to-date symlink: /home/km/two_scara_ros2/install/two_scara_collaboration/share/two_scara_collaboration/package.xml\n'}
[0.265073] (two_scara_collaboration) StdoutLine: {'line': b"Listing '/home/km/two_scara_ros2/install/two_scara_collaboration/local/lib/python3.10/dist-packages/two_scara_collaboration'...\n"}
[0.269154] (two_scara_collaboration) CommandEnded: {'returncode': 0}
[0.279861] (two_scara_collaboration) JobEnded: {'identifier': 'two_scara_collaboration', 'rc': 0}
[0.280495] (-) EventReactorShutdown: {}
