[0.019s] Invoking command in '/home/km/two_scara_ros2/build/two_scara_collaboration': /usr/bin/cmake /home/km/two_scara_ros2/src/two_scara_collaboration -DCMAKE_INSTALL_PREFIX=/home/km/two_scara_ros2/install/two_scara_collaboration
[0.069s] -- Found ament_cmake: 1.3.12 (/opt/ros/humble/share/ament_cmake/cmake)
[0.393s] Traceback (most recent call last):
[0.393s]   File "/opt/ros/humble/share/ament_cmake_core/cmake/package_templates/templates_2_cmake.py", line 21, in <module>
[0.393s]     from ament_package.templates import get_environment_hook_template_path
[0.393s] ModuleNotFoundError: No module named 'ament_package'
[0.415s] [31mCMake Error at /opt/ros/humble/share/ament_cmake_core/cmake/ament_cmake_package_templates-extras.cmake:41 (message):
[0.415s]   execute_process(/usr/bin/python3
[0.415s]   /opt/ros/humble/share/ament_cmake_core/cmake/package_templates/templates_2_cmake.py
[0.416s]   /home/km/two_scara_ros2/build/two_scara_collaboration/ament_cmake_package_templates/templates.cmake)
[0.416s]   returned error code 1
[0.416s] Call Stack (most recent call first):
[0.416s]   /opt/ros/humble/share/ament_cmake_core/cmake/ament_cmake_coreConfig.cmake:41 (include)
[0.416s]   /opt/ros/humble/share/ament_cmake/cmake/ament_cmake_export_dependencies-extras.cmake:15 (find_package)
[0.416s]   /opt/ros/humble/share/ament_cmake/cmake/ament_cmakeConfig.cmake:41 (include)
[0.416s]   CMakeLists.txt:9 (find_package)
[0.416s] 
[0.416s] [0m
[0.416s] -- Configuring incomplete, errors occurred!
[0.416s] See also "/home/km/two_scara_ros2/build/two_scara_collaboration/CMakeFiles/CMakeOutput.log".
[0.421s] Invoked command in '/home/km/two_scara_ros2/build/two_scara_collaboration' returned '1': /usr/bin/cmake /home/km/two_scara_ros2/src/two_scara_collaboration -DCMAKE_INSTALL_PREFIX=/home/km/two_scara_ros2/install/two_scara_collaboration
